<?xml version="1.0" encoding="UTF-8"?>
<testsuites name="Cuentas" time="87.509" tests="2" failures="0" errors="0">
   <testsuite name="Cuentas" tests="2" failures="0" errors="0" time="87.509" skipped="0" timestamp="2023-03-30 16:20:14" hostname="natalia.heit - AR-NB-490.tsoftglobal.com" id="Test Suites/02-Cuentas/Cuentas">
      <properties>
         <property name="deviceName" value=""/>
         <property name="devicePlatform" value=""/>
         <property name="logFolder" value="C:\\Users\\natalia.heit\\git\\NCD\\Reports\\20230330_161926\\02-Cuentas\\Cuentas\\20230330_161929"/>
         <property name="logFiles" value="C:\\Users\\natalia.heit\\git\\NCD\\Reports\\20230330_161926\\02-Cuentas\\Cuentas\\20230330_161929\\execution0.log"/>
         <property name="attachments" value="C:\\Users\\natalia.heit\\git\\NCD\\Reports\\20230330_161926\\02-Cuentas\\Cuentas\\20230330_161929\\1680204074253.png"/>
         <property name="hostName" value="natalia.heit - AR-NB-490.tsoftglobal.com"/>
         <property name="os" value="Windows 10 64bit"/>
         <property name="katalonVersion" value="8.4.1.208"/>
         <property name="browser" value="Chrome 111.0.0.0"/>
         <property name="hostAddress" value="172.16.241.117"/>
         <property name="sessionId" value="32a1657066b8e30ca2af7cf0b7ec79bb"/>
         <property name="seleniumVersion" value="3.141.59"/>
         <property name="proxyInformation" value="ProxyInformation { proxyOption=NO_PROXY, proxyServerType=HTTP, username=, password=********, proxyServerAddress=, proxyServerPort=0, executionList=&quot;&quot;, isApplyToDesiredCapabilities=true }"/>
         <property name="platform" value="Windows 10"/>
      </properties>
      <testcase name="Test Cases/03-Cuentas/CTA01-Acceder Home Cuentas" time="59.982" classname="Test Cases/03-Cuentas/CTA01-Acceder Home Cuentas" status="PASSED">
         <system-out><![CDATA[2023-03-30 16:20:14 - [TEST_CASE][PASSED] - Test Cases/03-Cuentas/CTA01-Acceder Home Cuentas: Test Cases/03-Cuentas/CTA01-Acceder Home Cuentas

2023-03-30 16:20:15 - [TEST_STEP][PASSED] - pkgUtilities.kwyUtility.Server("Internet"): pkgUtilities.kwyUtility.Server is PASSED

2023-03-30 16:20:18 - [MESSAGE][PASSED] - pkgUtilities.kwyUtility.Server is PASSED

2023-03-30 16:20:18 - [TEST_STEP][PASSED] - pkgUtilities.kwyUtility.Login(AdminDNI, AdminClave, AdminUsuario): pkgUtilities.kwyUtility.Login is PASSED

2023-03-30 16:20:18 - [MESSAGE][INFO] - Starting 'Chrome' driver

2023-03-30 16:20:18 - [MESSAGE][INFO] - Action delay is set to 0 milliseconds

2023-03-30 16:20:25 - [MESSAGE][PASSED] - Browser is opened with url: 'https://ncdtesting.bancocredicoop.coop/apps/NCDBC/#_frmLogin'

2023-03-30 16:20:25 - [MESSAGE][PASSED] - Current window maximized

2023-03-30 16:20:25 - [MESSAGE][PASSED] - Object 'Object Repository/01-Login/btnLgnCerrarBanner' is visible

2023-03-30 16:20:26 - [MESSAGE][PASSED] - Object: 'Object Repository/01-Login/btnLgnCerrarBanner' is clicked on

2023-03-30 16:20:27 - [MESSAGE][PASSED] - Text '20144835' is set on object 'Object Repository/01-Login/txtLgnDNI'

2023-03-30 16:20:28 - [MESSAGE][PASSED] - Text 'Testing3' is set on object 'Object Repository/01-Login/txtLgnClave'

2023-03-30 16:20:29 - [MESSAGE][PASSED] - Text 'edie02' is set on object 'Object Repository/01-Login/txtLgnUsuario'

2023-03-30 16:20:29 - [MESSAGE][PASSED] - Object: 'Object Repository/01-Login/btnLgnIngresar' is clicked on

2023-03-30 16:20:29 - [MESSAGE][PASSED] - pkgUtilities.kwyUtility.Login is PASSED

2023-03-30 16:20:29 - [TEST_STEP][PASSED] - verifyElementVisible(findTestObject("Object Repository/02-Dashboard/lnkDsbCuentas")): Object 'Object Repository/02-Dashboard/lnkDsbCuentas' is visible

2023-03-30 16:20:38 - [MESSAGE][PASSED] - Object 'Object Repository/02-Dashboard/lnkDsbCuentas' is visible

2023-03-30 16:20:38 - [TEST_STEP][PASSED] - click(findTestObject("Object Repository/02-Dashboard/lnkDsbCuentas")): Object: 'Object Repository/02-Dashboard/lnkDsbCuentas' is clicked on

2023-03-30 16:20:39 - [MESSAGE][PASSED] - Object: 'Object Repository/02-Dashboard/lnkDsbCuentas' is clicked on

2023-03-30 16:20:39 - [TEST_STEP][PASSED] - verifyElementVisible(findTestObject("Object Repository/03-Cuentas/lblCtasTituloTusCuentasHome")): Object 'Object Repository/03-Cuentas/lblCtasTituloTusCuentasHome' is visible

2023-03-30 16:20:41 - [MESSAGE][PASSED] - Object 'Object Repository/03-Cuentas/lblCtasTituloTusCuentasHome' is visible

2023-03-30 16:20:41 - [TEST_STEP][PASSED] - verifyElementVisible(findTestObject("Object Repository/03-Cuentas/lblCtasTituloCuentaTabla")): Object 'Object Repository/03-Cuentas/lblCtasTituloCuentaTabla' is visible

2023-03-30 16:20:41 - [MESSAGE][PASSED] - Object 'Object Repository/03-Cuentas/lblCtasTituloCuentaTabla' is visible

2023-03-30 16:20:41 - [TEST_STEP][PASSED] - verifyElementVisible(findTestObject("Object Repository/03-Cuentas/lblCtasTituloFavoritaTabla")): Object 'Object Repository/03-Cuentas/lblCtasTituloFavoritaTabla' is visible

2023-03-30 16:20:42 - [MESSAGE][PASSED] - Object 'Object Repository/03-Cuentas/lblCtasTituloFavoritaTabla' is visible

2023-03-30 16:20:42 - [TEST_STEP][PASSED] - verifyElementVisible(findTestObject("Object Repository/03-Cuentas/lblCtasTituloMonedaTabla")): Object 'Object Repository/03-Cuentas/lblCtasTituloMonedaTabla' is visible

2023-03-30 16:20:42 - [MESSAGE][PASSED] - Object 'Object Repository/03-Cuentas/lblCtasTituloMonedaTabla' is visible

2023-03-30 16:20:42 - [TEST_STEP][PASSED] - verifyElementVisible(findTestObject("Object Repository/03-Cuentas/lblCtasTituloSaldoTabla")): Object 'Object Repository/03-Cuentas/lblCtasTituloSaldoTabla' is visible

2023-03-30 16:20:43 - [MESSAGE][PASSED] - Object 'Object Repository/03-Cuentas/lblCtasTituloSaldoTabla' is visible

2023-03-30 16:20:43 - [TEST_STEP][PASSED] - Start tear down : fPassScript: Error occurred when try to run method 'fPassScript' (Root cause: com.kms.katalon.core.exception.StepFailedException - com.kms.katalon.core.exception.StepFailedException: Unable to click on object 'Object Repository/02-Dashboard/lnkDsbSalir')

2023-03-30 16:20:43 - [TEST_STEP][FAILED] - pkgUtilities.kwyUtility.fPassStatus(): Unable to click on object 'Object Repository/02-Dashboard/lnkDsbSalir'

2023-03-30 16:21:14 - [MESSAGE][INFO] - Unable to find the element located by 'By.xpath: //div[@id='frmAccountsLanding_customhamburger_LogOutlblAccounts']'. Please recheck the objects properties to make sure the desired element is located. 

2023-03-30 16:21:14 - [MESSAGE][FAILED] - Unable to click on object 'Object Repository/02-Dashboard/lnkDsbSalir' (Root cause: com.kms.katalon.core.exception.StepFailedException: Unable to click on object 'Object Repository/02-Dashboard/lnkDsbSalir'
	at com.kms.katalon.core.webui.keyword.internal.WebUIKeywordMain.stepFailed(WebUIKeywordMain.groovy:64)
	at com.kms.katalon.core.webui.keyword.internal.WebUIKeywordMain.runKeyword(WebUIKeywordMain.groovy:26)
	at com.kms.katalon.core.webui.keyword.builtin.ClickKeyword.click(ClickKeyword.groovy:74)
	at com.kms.katalon.core.webui.keyword.builtin.ClickKeyword.execute(ClickKeyword.groovy:40)
	at com.kms.katalon.core.keyword.internal.KeywordExecutor.executeKeywordForPlatform(KeywordExecutor.groovy:74)
	at com.kms.katalon.core.webui.keyword.WebUiBuiltInKeywords.click(WebUiBuiltInKeywords.groovy:620)
	at com.kms.katalon.core.webui.keyword.WebUiBuiltInKeywords$click$2.call(Unknown Source)
	at pkgUtilities.kwyUtility.fPassStatus(kwyUtility.groovy:216)
	at pkgUtilities.kwyUtility.invokeMethod(kwyUtility.groovy)
	at com.kms.katalon.core.main.CustomKeywordDelegatingMetaClass.invokeStaticMethod(CustomKeywordDelegatingMetaClass.java:55)
	at CTA01-Acceder Home Cuentas.fPassScript(CTA01-Acceder Home Cuentas:49)
	at com.kms.katalon.core.main.ScriptEngine.runScriptMethodAsRawText(ScriptEngine.java:133)
	at com.kms.katalon.core.main.TestCaseExecutor.runMethod(TestCaseExecutor.java:458)
	at com.kms.katalon.core.main.TestCaseExecutor.runMethod(TestCaseExecutor.java:580)
	at com.kms.katalon.core.main.TestCaseExecutor.internallyRunMethods(TestCaseExecutor.java:565)
	at com.kms.katalon.core.main.TestCaseExecutor.onExecutionComplete(TestCaseExecutor.java:135)
	at com.kms.katalon.core.main.TestCaseExecutor.processExecutionPhase(TestCaseExecutor.java:430)
	at com.kms.katalon.core.main.TestCaseExecutor.accessMainPhase(TestCaseExecutor.java:410)
	at com.kms.katalon.core.main.TestCaseExecutor.execute(TestCaseExecutor.java:285)
	at com.kms.katalon.core.common.CommonExecutor.accessTestCaseMainPhase(CommonExecutor.java:65)
	at com.kms.katalon.core.main.TestSuiteExecutor.accessTestSuiteMainPhase(TestSuiteExecutor.java:144)
	at com.kms.katalon.core.main.TestSuiteExecutor.execute(TestSuiteExecutor.java:106)
	at com.kms.katalon.core.main.TestCaseMain.startTestSuite(TestCaseMain.java:185)
	at com.kms.katalon.core.main.TestCaseMain$startTestSuite$0.call(Unknown Source)
	at TempTestSuite1680203969523.run(TempTestSuite1680203969523.groovy:36)
Caused by: com.kms.katalon.core.webui.exception.WebElementNotFoundException: Web element with id: 'Object Repository/02-Dashboard/lnkDsbSalir' located by '//div[@id='frmAccountsLanding_customhamburger_LogOutlblAccounts']' not found
	at com.kms.katalon.core.webui.common.WebUiCommonHelper.findWebElement(WebUiCommonHelper.java:1370)
	at com.kms.katalon.core.webui.keyword.internal.WebUIAbstractKeyword.findWebElement(WebUIAbstractKeyword.groovy:27)
	at com.kms.katalon.core.webui.keyword.builtin.ClickKeyword$_click_closure1.doCall(ClickKeyword.groovy:65)
	at com.kms.katalon.core.webui.keyword.builtin.ClickKeyword$_click_closure1.call(ClickKeyword.groovy)
	at com.kms.katalon.core.webui.keyword.internal.WebUIKeywordMain.runKeyword(WebUIKeywordMain.groovy:20)
	at com.kms.katalon.core.webui.keyword.builtin.ClickKeyword.click(ClickKeyword.groovy:74)
	at com.kms.katalon.core.webui.keyword.builtin.ClickKeyword.execute(ClickKeyword.groovy:40)
	at com.kms.katalon.core.keyword.internal.KeywordExecutor.executeKeywordForPlatform(KeywordExecutor.groovy:74)
	at com.kms.katalon.core.webui.keyword.WebUiBuiltInKeywords.click(WebUiBuiltInKeywords.groovy:620)
	at com.kms.katalon.core.webui.keyword.WebUiBuiltInKeywords$click$2.call(Unknown Source)
	at pkgUtilities.kwyUtility.fPassStatus(kwyUtility.groovy:216)
	at pkgUtilities.kwyUtility.invokeMethod(kwyUtility.groovy)
	at com.kms.katalon.core.main.CustomKeywordDelegatingMetaClass.invokeStaticMethod(CustomKeywordDelegatingMetaClass.java:55)
	at Script1680199973883.fPassScript(Script1680199973883.groovy:49)
	... 14 more
)
[[ATTACHMENT|C:\\Users\\natalia.heit\\git\\NCD\\Reports\\20230330_161926\\02-Cuentas\\Cuentas\\20230330_161929\\1680204074253.png]]

2023-03-30 16:21:14 - [MESSAGE][FAILED] - Unable to click on object 'Object Repository/02-Dashboard/lnkDsbSalir'

2023-03-30 16:21:14 - [MESSAGE][WARNING] - Error occurred when try to run method 'fPassScript' (Root cause: com.kms.katalon.core.exception.StepFailedException - com.kms.katalon.core.exception.StepFailedException: Unable to click on object 'Object Repository/02-Dashboard/lnkDsbSalir')]]></system-out>
         <system-err><![CDATA[]]></system-err>
      </testcase>
      <testcase name="Test Cases/03-Cuentas/CTA02-Copiar CBU" time="27.176" classname="Test Cases/03-Cuentas/CTA02-Copiar CBU" status="PASSED">
         <system-out><![CDATA[2023-03-30 16:21:14 - [TEST_CASE][PASSED] - Test Cases/03-Cuentas/CTA02-Copiar CBU: Test Cases/03-Cuentas/CTA02-Copiar CBU

2023-03-30 16:21:14 - [TEST_STEP][PASSED] - pkgUtilities.kwyUtility.Server("Internet"): pkgUtilities.kwyUtility.Server is PASSED

2023-03-30 16:21:16 - [MESSAGE][PASSED] - pkgUtilities.kwyUtility.Server is PASSED

2023-03-30 16:21:16 - [TEST_STEP][PASSED] - pkgUtilities.kwyUtility.Login(AdminDNI, AdminClave, AdminUsuario): pkgUtilities.kwyUtility.Login is PASSED

2023-03-30 16:21:16 - [MESSAGE][WARNING] - A browser is already opened. Closing browser and opening a new one

2023-03-30 16:21:16 - [MESSAGE][INFO] - Starting 'Chrome' driver

2023-03-30 16:21:16 - [MESSAGE][INFO] - Action delay is set to 0 milliseconds

2023-03-30 16:21:22 - [MESSAGE][PASSED] - Browser is opened with url: 'https://ncdtesting.bancocredicoop.coop/apps/NCDBC/#_frmLogin'

2023-03-30 16:21:22 - [MESSAGE][PASSED] - Current window maximized

2023-03-30 16:21:23 - [MESSAGE][PASSED] - Object 'Object Repository/01-Login/btnLgnCerrarBanner' is visible

2023-03-30 16:21:23 - [MESSAGE][PASSED] - Object: 'Object Repository/01-Login/btnLgnCerrarBanner' is clicked on

2023-03-30 16:21:24 - [MESSAGE][PASSED] - Text '20144835' is set on object 'Object Repository/01-Login/txtLgnDNI'

2023-03-30 16:21:25 - [MESSAGE][PASSED] - Text 'Testing3' is set on object 'Object Repository/01-Login/txtLgnClave'

2023-03-30 16:21:26 - [MESSAGE][PASSED] - Text 'edie02' is set on object 'Object Repository/01-Login/txtLgnUsuario'

2023-03-30 16:21:26 - [MESSAGE][PASSED] - Object: 'Object Repository/01-Login/btnLgnIngresar' is clicked on

2023-03-30 16:21:26 - [MESSAGE][PASSED] - pkgUtilities.kwyUtility.Login is PASSED

2023-03-30 16:21:26 - [TEST_STEP][PASSED] - verifyElementVisible(findTestObject("Object Repository/03-Cuentas/lnkCtasMenuInicio")): Object 'Object Repository/03-Cuentas/lnkCtasMenuInicio' is visible

2023-03-30 16:21:37 - [MESSAGE][PASSED] - Object 'Object Repository/03-Cuentas/lnkCtasMenuInicio' is visible

2023-03-30 16:21:37 - [TEST_STEP][PASSED] - click(findTestObject("Object Repository/03-Cuentas/lnkCtasMenuInicio")): Object: 'Object Repository/03-Cuentas/lnkCtasMenuInicio' is clicked on

2023-03-30 16:21:38 - [MESSAGE][PASSED] - Object: 'Object Repository/03-Cuentas/lnkCtasMenuInicio' is clicked on

2023-03-30 16:21:38 - [TEST_STEP][PASSED] - click(findTestObject("Object Repository/03-Cuentas/lnkCopiarCBU")): Object: 'Object Repository/03-Cuentas/lnkCopiarCBU' is clicked on

2023-03-30 16:21:39 - [MESSAGE][PASSED] - Object: 'Object Repository/03-Cuentas/lnkCopiarCBU' is clicked on

2023-03-30 16:21:39 - [TEST_STEP][PASSED] - verifyElementVisible(findTestObject("Object Repository/03-Cuentas/lblCtasToastCopiaCBU")): Object 'Object Repository/03-Cuentas/lblCtasToastCopiaCBU' is visible

2023-03-30 16:21:39 - [MESSAGE][PASSED] - Object 'Object Repository/03-Cuentas/lblCtasToastCopiaCBU' is visible

2023-03-30 16:21:39 - [TEST_STEP][PASSED] - Start tear down : fPassScript: Method 'fPassScript' complete successfully

2023-03-30 16:21:39 - [TEST_STEP][PASSED] - pkgUtilities.kwyUtility.fPassStatus(): pkgUtilities.kwyUtility.fPassStatus is PASSED

2023-03-30 16:21:39 - [MESSAGE][PASSED] - Object: 'Object Repository/02-Dashboard/lnkDsbSalir' is clicked on

2023-03-30 16:21:40 - [MESSAGE][PASSED] - Object: 'Object Repository/02-Dashboard/btnSalirMsgConfirmacionAceptar' is clicked on

2023-03-30 16:21:41 - [MESSAGE][PASSED] - Browser is closed

2023-03-30 16:21:41 - [MESSAGE][PASSED] - pkgUtilities.kwyUtility.fPassStatus is PASSED

2023-03-30 16:21:41 - [MESSAGE][PASSED] - Method 'fPassScript' complete successfully]]></system-out>
         <system-err><![CDATA[]]></system-err>
      </testcase>
      <system-out><![CDATA[2023-03-30 16:20:14 - [TEST_SUITE][PASSED] - Cuentas: Test Cases/03-Cuentas/CTA02-Copiar CBU]]></system-out>
      <system-err><![CDATA[]]></system-err>
   </testsuite>
</testsuites>
