<?xml version="1.0" encoding="UTF-8"?>
<testsuites name="Cuentas" time="64.871" tests="2" failures="1" errors="0">
   <testsuite name="Cuentas" tests="2" failures="1" errors="0" time="64.871" skipped="0" timestamp="2023-04-20 12:51:31" hostname="natalia.heit - AR-NB-490.tsoftglobal.com" id="Test Suites/02-Cuentas/Cuentas">
      <properties>
         <property name="deviceName" value=""/>
         <property name="devicePlatform" value=""/>
         <property name="logFolder" value="C:\\Users\\natalia.heit\\git\\NCD\\Reports\\20230420_125023\\02-Cuentas\\Cuentas\\20230420_125034"/>
         <property name="logFiles" value="C:\\Users\\natalia.heit\\git\\NCD\\Reports\\20230420_125023\\02-Cuentas\\Cuentas\\20230420_125034\\execution0.log"/>
         <property name="attachments" value="C:\\Users\\natalia.heit\\git\\NCD\\Reports\\20230420_125023\\02-Cuentas\\Cuentas\\20230420_125034\\1682005930474.png, C:\\Users\\natalia.heit\\git\\NCD\\Reports\\20230420_125023\\02-Cuentas\\Cuentas\\20230420_125034\\1682005930582.png, C:\\Users\\natalia.heit\\git\\NCD\\Reports\\20230420_125023\\02-Cuentas\\Cuentas\\20230420_125034\\Screenshot/Fails/CTAS01-AccederHomeCuentas.png"/>
         <property name="hostName" value="natalia.heit - AR-NB-490.tsoftglobal.com"/>
         <property name="os" value="Windows 10 64bit"/>
         <property name="katalonVersion" value="8.4.1.208"/>
         <property name="browser" value="Chrome 112.0.0.0"/>
         <property name="hostAddress" value="172.29.16.1"/>
         <property name="sessionId" value="9733d1cc697d7103c8bef821e2bfb721"/>
         <property name="seleniumVersion" value="3.141.59"/>
         <property name="proxyInformation" value="ProxyInformation { proxyOption=NO_PROXY, proxyServerType=HTTP, username=, password=********, proxyServerAddress=, proxyServerPort=0, executionList=&quot;&quot;, isApplyToDesiredCapabilities=true }"/>
         <property name="platform" value="Windows 10"/>
      </properties>
      <testcase name="Test Cases/03-Cuentas/CTA01-Acceder Home Cuentas POS" time="43.345" classname="Test Cases/03-Cuentas/CTA01-Acceder Home Cuentas POS" status="FAILED">
         <failure type="FAILED" message="Test Cases/03-Cuentas/CTA01-Acceder Home Cuentas POS FAILED.
Reason:
com.kms.katalon.core.exception.StepFailedException: Unable to verify object 'Object Repository/01-Login/btnLgnCerrarBanner' is visible
	at com.kms.katalon.core.webui.keyword.internal.WebUIKeywordMain.stepFailed(WebUIKeywordMain.groovy:64)
	at com.kms.katalon.core.webui.keyword.internal.WebUIKeywordMain.runKeyword(WebUIKeywordMain.groovy:26)
	at com.kms.katalon.core.webui.keyword.builtin.VerifyElementVisibleKeyword.verifyElementVisible(VerifyElementVisibleKeyword.groovy:97)
	at com.kms.katalon.core.webui.keyword.builtin.VerifyElementVisibleKeyword.execute(VerifyElementVisibleKeyword.groovy:67)
	at com.kms.katalon.core.keyword.internal.KeywordExecutor.executeKeywordForPlatform(KeywordExecutor.groovy:74)
	at com.kms.katalon.core.webui.keyword.WebUiBuiltInKeywords.verifyElementVisible(WebUiBuiltInKeywords.groovy:376)
	at com.kms.katalon.core.webui.keyword.WebUiBuiltInKeywords$verifyElementVisible$1.call(Unknown Source)
	at pkgUtilities.kwyUtility.Login(kwyUtility.groovy:189)
	at pkgUtilities.kwyUtility.invokeMethod(kwyUtility.groovy)
	at com.kms.katalon.core.main.CustomKeywordDelegatingMetaClass.invokeStaticMethod(CustomKeywordDelegatingMetaClass.java:55)
	at CTA01-Acceder Home Cuentas POS.run(CTA01-Acceder Home Cuentas POS:29)
	at com.kms.katalon.core.main.ScriptEngine.run(ScriptEngine.java:194)
	at com.kms.katalon.core.main.ScriptEngine.runScriptAsRawText(ScriptEngine.java:119)
	at com.kms.katalon.core.main.TestCaseExecutor.runScript(TestCaseExecutor.java:448)
	at com.kms.katalon.core.main.TestCaseExecutor.doExecute(TestCaseExecutor.java:439)
	at com.kms.katalon.core.main.TestCaseExecutor.processExecutionPhase(TestCaseExecutor.java:418)
	at com.kms.katalon.core.main.TestCaseExecutor.accessMainPhase(TestCaseExecutor.java:410)
	at com.kms.katalon.core.main.TestCaseExecutor.execute(TestCaseExecutor.java:285)
	at com.kms.katalon.core.common.CommonExecutor.accessTestCaseMainPhase(CommonExecutor.java:65)
	at com.kms.katalon.core.main.TestSuiteExecutor.accessTestSuiteMainPhase(TestSuiteExecutor.java:144)
	at com.kms.katalon.core.main.TestSuiteExecutor.execute(TestSuiteExecutor.java:106)
	at com.kms.katalon.core.main.TestCaseMain.startTestSuite(TestCaseMain.java:185)
	at com.kms.katalon.core.main.TestCaseMain$startTestSuite$0.call(Unknown Source)
	at TempTestSuite1682005834267.run(TempTestSuite1682005834267.groovy:36)
Caused by: com.kms.katalon.core.exception.StepFailedException: Web element with id: 'Object Repository/01-Login/btnLgnCerrarBanner' located by '//input[@id='frmLogin_InformativeModal_CancelAcceptButtons_AcceptButton_btnCommon']' not found
	at com.kms.katalon.core.webui.keyword.internal.WebUIKeywordMain.stepFailed(WebUIKeywordMain.groovy:64)
	at com.kms.katalon.core.webui.keyword.builtin.VerifyElementVisibleKeyword$_verifyElementVisible_closure1.doCall(VerifyElementVisibleKeyword.groovy:89)
	at com.kms.katalon.core.webui.keyword.builtin.VerifyElementVisibleKeyword$_verifyElementVisible_closure1.call(VerifyElementVisibleKeyword.groovy)
	at com.kms.katalon.core.webui.keyword.internal.WebUIKeywordMain.runKeyword(WebUIKeywordMain.groovy:20)
	... 22 more
"/>
         <system-out><![CDATA[2023-04-20 12:51:31 - [TEST_CASE][FAILED] - Test Cases/03-Cuentas/CTA01-Acceder Home Cuentas POS: Test Cases/03-Cuentas/CTA01-Acceder Home Cuentas POS FAILED.
Reason:
com.kms.katalon.core.exception.StepFailedException: Unable to verify object 'Object Repository/01-Login/btnLgnCerrarBanner' is visible
	at com.kms.katalon.core.webui.keyword.internal.WebUIKeywordMain.stepFailed(WebUIKeywordMain.groovy:64)
	at com.kms.katalon.core.webui.keyword.internal.WebUIKeywordMain.runKeyword(WebUIKeywordMain.groovy:26)
	at com.kms.katalon.core.webui.keyword.builtin.VerifyElementVisibleKeyword.verifyElementVisible(VerifyElementVisibleKeyword.groovy:97)
	at com.kms.katalon.core.webui.keyword.builtin.VerifyElementVisibleKeyword.execute(VerifyElementVisibleKeyword.groovy:67)
	at com.kms.katalon.core.keyword.internal.KeywordExecutor.executeKeywordForPlatform(KeywordExecutor.groovy:74)
	at com.kms.katalon.core.webui.keyword.WebUiBuiltInKeywords.verifyElementVisible(WebUiBuiltInKeywords.groovy:376)
	at com.kms.katalon.core.webui.keyword.WebUiBuiltInKeywords$verifyElementVisible$1.call(Unknown Source)
	at pkgUtilities.kwyUtility.Login(kwyUtility.groovy:189)
	at pkgUtilities.kwyUtility.invokeMethod(kwyUtility.groovy)
	at com.kms.katalon.core.main.CustomKeywordDelegatingMetaClass.invokeStaticMethod(CustomKeywordDelegatingMetaClass.java:55)
	at CTA01-Acceder Home Cuentas POS.run(CTA01-Acceder Home Cuentas POS:29)
	at com.kms.katalon.core.main.ScriptEngine.run(ScriptEngine.java:194)
	at com.kms.katalon.core.main.ScriptEngine.runScriptAsRawText(ScriptEngine.java:119)
	at com.kms.katalon.core.main.TestCaseExecutor.runScript(TestCaseExecutor.java:448)
	at com.kms.katalon.core.main.TestCaseExecutor.doExecute(TestCaseExecutor.java:439)
	at com.kms.katalon.core.main.TestCaseExecutor.processExecutionPhase(TestCaseExecutor.java:418)
	at com.kms.katalon.core.main.TestCaseExecutor.accessMainPhase(TestCaseExecutor.java:410)
	at com.kms.katalon.core.main.TestCaseExecutor.execute(TestCaseExecutor.java:285)
	at com.kms.katalon.core.common.CommonExecutor.accessTestCaseMainPhase(CommonExecutor.java:65)
	at com.kms.katalon.core.main.TestSuiteExecutor.accessTestSuiteMainPhase(TestSuiteExecutor.java:144)
	at com.kms.katalon.core.main.TestSuiteExecutor.execute(TestSuiteExecutor.java:106)
	at com.kms.katalon.core.main.TestCaseMain.startTestSuite(TestCaseMain.java:185)
	at com.kms.katalon.core.main.TestCaseMain$startTestSuite$0.call(Unknown Source)
	at TempTestSuite1682005834267.run(TempTestSuite1682005834267.groovy:36)
Caused by: com.kms.katalon.core.exception.StepFailedException: Web element with id: 'Object Repository/01-Login/btnLgnCerrarBanner' located by '//input[@id='frmLogin_InformativeModal_CancelAcceptButtons_AcceptButton_btnCommon']' not found
	at com.kms.katalon.core.webui.keyword.internal.WebUIKeywordMain.stepFailed(WebUIKeywordMain.groovy:64)
	at com.kms.katalon.core.webui.keyword.builtin.VerifyElementVisibleKeyword$_verifyElementVisible_closure1.doCall(VerifyElementVisibleKeyword.groovy:89)
	at com.kms.katalon.core.webui.keyword.builtin.VerifyElementVisibleKeyword$_verifyElementVisible_closure1.call(VerifyElementVisibleKeyword.groovy)
	at com.kms.katalon.core.webui.keyword.internal.WebUIKeywordMain.runKeyword(WebUIKeywordMain.groovy:20)
	... 22 more


2023-04-20 12:51:31 - [TEST_STEP][PASSED] - vCuenta = findTestData("05-Labels/Labels").getValue(2, 2): null

2023-04-20 12:51:32 - [TEST_STEP][PASSED] - vFavorita = findTestData("05-Labels/Labels").getValue(2, 3): null

2023-04-20 12:51:32 - [TEST_STEP][PASSED] - vMoneda = findTestData("05-Labels/Labels").getValue(2, 4): null

2023-04-20 12:51:32 - [TEST_STEP][PASSED] - vSaldo = findTestData("05-Labels/Labels").getValue(2, 5): null

2023-04-20 12:51:32 - [TEST_STEP][FAILED] - pkgUtilities.kwyUtility.Login(AdminDNI, AdminClave, AdminUsuario): Unable to verify object 'Object Repository/01-Login/btnLgnCerrarBanner' is visible

2023-04-20 12:51:33 - [MESSAGE][INFO] - Starting 'Chrome' driver

2023-04-20 12:51:33 - [MESSAGE][INFO] - Action delay is set to 0 milliseconds

2023-04-20 12:51:36 - [MESSAGE][PASSED] - Browser is opened with url: ''

2023-04-20 12:51:36 - [MESSAGE][PASSED] - Current window maximized

2023-04-20 12:52:07 - [MESSAGE][INFO] - Unable to find the element located by 'By.xpath: //input[@id='frmLogin_InformativeModal_CancelAcceptButtons_AcceptButton_btnCommon']'. Please recheck the objects properties to make sure the desired element is located. 

2023-04-20 12:52:07 - [MESSAGE][WARNING] - [SELF-HEALING] Failed to find element with id 'Object Repository/01-Login/btnLgnCerrarBanner'. Try using Self-healing.

2023-04-20 12:52:07 - [MESSAGE][INFO] - [SELF-HEALING] Failed Locator: '//input[@id='frmLogin_InformativeModal_CancelAcceptButtons_AcceptButton_btnCommon']'.

2023-04-20 12:52:07 - [MESSAGE][INFO] - [SELF-HEALING] Failed Locator: '//div[@id='frmLogin_InformativeModal_CancelAcceptButtons_AcceptButton']/div/input'.

2023-04-20 12:52:07 - [MESSAGE][INFO] - [SELF-HEALING] Failed Locator: '//div[3]/div/div/div[3]/div/div/div/div/div/div[2]/div/div/div/input'.

2023-04-20 12:52:07 - [MESSAGE][INFO] - [SELF-HEALING] Failed Locator: '//input[@id = 'frmLogin_InformativeModal_CancelAcceptButtons_AcceptButton_btnCommon' and @type = 'button']'.

2023-04-20 12:52:07 - [MESSAGE][INFO] - [SELF-HEALING] Failed Locator: '//input[@id='frmLogin_InformativeModal_CancelAcceptButtons_AcceptButton_btnCommon']'.

2023-04-20 12:52:07 - [MESSAGE][INFO] - [SELF-HEALING] Failed Locator: '//div[@id='frmLogin_InformativeModal_CancelAcceptButtons_AcceptButton']/div/input'.

2023-04-20 12:52:07 - [MESSAGE][INFO] - [SELF-HEALING] Failed Locator: '//div[3]/div/div/div[3]/div/div/div/div/div/div[2]/div/div/div/input'.

2023-04-20 12:52:07 - [MESSAGE][INFO] - [SELF-HEALING] Failed Locator: '//input[@id = 'frmLogin_InformativeModal_CancelAcceptButtons_AcceptButton_btnCommon' and @type = 'button']'.

2023-04-20 12:52:07 - [MESSAGE][INFO] - [SELF-HEALING] Failed Locator: '//input[@id='frmLogin_InformativeModal_CancelAcceptButtons_AcceptButton_btnCommon']'.

2023-04-20 12:52:07 - [MESSAGE][INFO] - [SELF-HEALING] Failed Locator: '//div[@id='frmLogin_InformativeModal_CancelAcceptButtons_AcceptButton']/div/input'.

2023-04-20 12:52:07 - [MESSAGE][INFO] - [SELF-HEALING] Failed Locator: '//div[3]/div/div/div[3]/div/div/div/div/div/div[2]/div/div/div/input'.

2023-04-20 12:52:07 - [MESSAGE][INFO] - [SELF-HEALING] Failed Locator: '//input[@id = 'frmLogin_InformativeModal_CancelAcceptButtons_AcceptButton_btnCommon' and @type = 'button']'.

2023-04-20 12:52:07 - [MESSAGE][INFO] - [SELF-HEALING] Failed Locator: '//input[@id='frmLogin_InformativeModal_CancelAcceptButtons_AcceptButton_btnCommon']'.

2023-04-20 12:52:07 - [MESSAGE][INFO] - [SELF-HEALING] Failed Locator: '//div[@id='frmLogin_InformativeModal_CancelAcceptButtons_AcceptButton']/div/input'.

2023-04-20 12:52:07 - [MESSAGE][INFO] - [SELF-HEALING] Failed Locator: '//div[3]/div/div/div[3]/div/div/div/div/div/div[2]/div/div/div/input'.

2023-04-20 12:52:07 - [MESSAGE][INFO] - [SELF-HEALING] Failed Locator: '//input[@id = 'frmLogin_InformativeModal_CancelAcceptButtons_AcceptButton_btnCommon' and @type = 'button']'.

2023-04-20 12:52:07 - [MESSAGE][INFO] - [SELF-HEALING] Failed Locator: '//input[@id='frmLogin_InformativeModal_CancelAcceptButtons_AcceptButton_btnCommon']'.

2023-04-20 12:52:07 - [MESSAGE][INFO] - [SELF-HEALING] Failed Locator: '//div[@id='frmLogin_InformativeModal_CancelAcceptButtons_AcceptButton']/div/input'.

2023-04-20 12:52:07 - [MESSAGE][INFO] - [SELF-HEALING] Failed Locator: '//div[3]/div/div/div[3]/div/div/div/div/div/div[2]/div/div/div/input'.

2023-04-20 12:52:07 - [MESSAGE][INFO] - [SELF-HEALING] Failed Locator: '//input[@id = 'frmLogin_InformativeModal_CancelAcceptButtons_AcceptButton_btnCommon' and @type = 'button']'.

2023-04-20 12:52:07 - [MESSAGE][INFO] - [SELF-HEALING] Failed Locator: '//input[@id='frmLogin_InformativeModal_CancelAcceptButtons_AcceptButton_btnCommon']'.

2023-04-20 12:52:07 - [MESSAGE][INFO] - [SELF-HEALING] Failed Locator: '//div[@id='frmLogin_InformativeModal_CancelAcceptButtons_AcceptButton']/div/input'.

2023-04-20 12:52:08 - [MESSAGE][INFO] - [SELF-HEALING] Failed Locator: '//div[3]/div/div/div[3]/div/div/div/div/div/div[2]/div/div/div/input'.

2023-04-20 12:52:08 - [MESSAGE][INFO] - [SELF-HEALING] Failed Locator: '//input[@id = 'frmLogin_InformativeModal_CancelAcceptButtons_AcceptButton_btnCommon' and @type = 'button']'.

2023-04-20 12:52:08 - [MESSAGE][INFO] - [SELF-HEALING] Failed Locator: '//input[@id='frmLogin_InformativeModal_CancelAcceptButtons_AcceptButton_btnCommon']'.

2023-04-20 12:52:08 - [MESSAGE][INFO] - [SELF-HEALING] Failed Locator: '//div[@id='frmLogin_InformativeModal_CancelAcceptButtons_AcceptButton']/div/input'.

2023-04-20 12:52:08 - [MESSAGE][INFO] - [SELF-HEALING] Failed Locator: '//div[3]/div/div/div[3]/div/div/div/div/div/div[2]/div/div/div/input'.

2023-04-20 12:52:08 - [MESSAGE][INFO] - [SELF-HEALING] Failed Locator: '//input[@id = 'frmLogin_InformativeModal_CancelAcceptButtons_AcceptButton_btnCommon' and @type = 'button']'.

2023-04-20 12:52:08 - [MESSAGE][INFO] - [SELF-HEALING] Failed Locator: '//input[@id='frmLogin_InformativeModal_CancelAcceptButtons_AcceptButton_btnCommon']'.

2023-04-20 12:52:08 - [MESSAGE][INFO] - [SELF-HEALING] Failed Locator: '//div[@id='frmLogin_InformativeModal_CancelAcceptButtons_AcceptButton']/div/input'.

2023-04-20 12:52:08 - [MESSAGE][INFO] - [SELF-HEALING] Failed Locator: '//div[3]/div/div/div[3]/div/div/div/div/div/div[2]/div/div/div/input'.

2023-04-20 12:52:08 - [MESSAGE][INFO] - [SELF-HEALING] Failed Locator: '//input[@id = 'frmLogin_InformativeModal_CancelAcceptButtons_AcceptButton_btnCommon' and @type = 'button']'.

2023-04-20 12:52:08 - [MESSAGE][INFO] - [SELF-HEALING] Failed Locator: '//input[@id='frmLogin_InformativeModal_CancelAcceptButtons_AcceptButton_btnCommon']'.

2023-04-20 12:52:08 - [MESSAGE][INFO] - [SELF-HEALING] Failed Locator: '//div[@id='frmLogin_InformativeModal_CancelAcceptButtons_AcceptButton']/div/input'.

2023-04-20 12:52:08 - [MESSAGE][INFO] - [SELF-HEALING] Failed Locator: '//div[3]/div/div/div[3]/div/div/div/div/div/div[2]/div/div/div/input'.

2023-04-20 12:52:08 - [MESSAGE][INFO] - [SELF-HEALING] Failed Locator: '//input[@id = 'frmLogin_InformativeModal_CancelAcceptButtons_AcceptButton_btnCommon' and @type = 'button']'.

2023-04-20 12:52:09 - [MESSAGE][INFO] - Unable to find the element located by 'By.xpath: //*[@id = 'frmLogin_InformativeModal_CancelAcceptButtons_AcceptButton_btnCommon' and @type = 'button']'. Please recheck the objects properties to make sure the desired element is located. 

2023-04-20 12:52:10 - [MESSAGE][INFO] - Unable to find the element located by 'By.cssSelector: #frmLogin_InformativeModal_CancelAcceptButtons_AcceptButton_btnCommon'. Please recheck the objects properties to make sure the desired element is located. 

2023-04-20 12:52:10 - [MESSAGE][FAILED] - Web element with id: 'Object Repository/01-Login/btnLgnCerrarBanner' located by '//input[@id='frmLogin_InformativeModal_CancelAcceptButtons_AcceptButton_btnCommon']' not found (Root cause: com.kms.katalon.core.exception.StepFailedException: Web element with id: 'Object Repository/01-Login/btnLgnCerrarBanner' located by '//input[@id='frmLogin_InformativeModal_CancelAcceptButtons_AcceptButton_btnCommon']' not found
	at com.kms.katalon.core.webui.keyword.internal.WebUIKeywordMain.stepFailed(WebUIKeywordMain.groovy:64)
	at com.kms.katalon.core.webui.keyword.builtin.VerifyElementVisibleKeyword$_verifyElementVisible_closure1.doCall(VerifyElementVisibleKeyword.groovy:89)
	at com.kms.katalon.core.webui.keyword.builtin.VerifyElementVisibleKeyword$_verifyElementVisible_closure1.call(VerifyElementVisibleKeyword.groovy)
	at com.kms.katalon.core.webui.keyword.internal.WebUIKeywordMain.runKeyword(WebUIKeywordMain.groovy:20)
	at com.kms.katalon.core.webui.keyword.builtin.VerifyElementVisibleKeyword.verifyElementVisible(VerifyElementVisibleKeyword.groovy:97)
	at com.kms.katalon.core.webui.keyword.builtin.VerifyElementVisibleKeyword.execute(VerifyElementVisibleKeyword.groovy:67)
	at com.kms.katalon.core.keyword.internal.KeywordExecutor.executeKeywordForPlatform(KeywordExecutor.groovy:74)
	at com.kms.katalon.core.webui.keyword.WebUiBuiltInKeywords.verifyElementVisible(WebUiBuiltInKeywords.groovy:376)
	at com.kms.katalon.core.webui.keyword.WebUiBuiltInKeywords$verifyElementVisible$1.call(Unknown Source)
	at pkgUtilities.kwyUtility.Login(kwyUtility.groovy:189)
	at pkgUtilities.kwyUtility.invokeMethod(kwyUtility.groovy)
	at com.kms.katalon.core.main.CustomKeywordDelegatingMetaClass.invokeStaticMethod(CustomKeywordDelegatingMetaClass.java:55)
	at CTA01-Acceder Home Cuentas POS.run(CTA01-Acceder Home Cuentas POS:29)
	at com.kms.katalon.core.main.ScriptEngine.run(ScriptEngine.java:194)
	at com.kms.katalon.core.main.ScriptEngine.runScriptAsRawText(ScriptEngine.java:119)
	at com.kms.katalon.core.main.TestCaseExecutor.runScript(TestCaseExecutor.java:448)
	at com.kms.katalon.core.main.TestCaseExecutor.doExecute(TestCaseExecutor.java:439)
	at com.kms.katalon.core.main.TestCaseExecutor.processExecutionPhase(TestCaseExecutor.java:418)
	at com.kms.katalon.core.main.TestCaseExecutor.accessMainPhase(TestCaseExecutor.java:410)
	at com.kms.katalon.core.main.TestCaseExecutor.execute(TestCaseExecutor.java:285)
	at com.kms.katalon.core.common.CommonExecutor.accessTestCaseMainPhase(CommonExecutor.java:65)
	at com.kms.katalon.core.main.TestSuiteExecutor.accessTestSuiteMainPhase(TestSuiteExecutor.java:144)
	at com.kms.katalon.core.main.TestSuiteExecutor.execute(TestSuiteExecutor.java:106)
	at com.kms.katalon.core.main.TestCaseMain.startTestSuite(TestCaseMain.java:185)
	at com.kms.katalon.core.main.TestCaseMain$startTestSuite$0.call(Unknown Source)
	at TempTestSuite1682005834267.run(TempTestSuite1682005834267.groovy:36)
)
[[ATTACHMENT|C:\\Users\\natalia.heit\\git\\NCD\\Reports\\20230420_125023\\02-Cuentas\\Cuentas\\20230420_125034\\1682005930474.png]]

2023-04-20 12:52:10 - [MESSAGE][FAILED] - Unable to verify object 'Object Repository/01-Login/btnLgnCerrarBanner' is visible (Root cause: com.kms.katalon.core.exception.StepFailedException: Unable to verify object 'Object Repository/01-Login/btnLgnCerrarBanner' is visible
	at com.kms.katalon.core.webui.keyword.internal.WebUIKeywordMain.stepFailed(WebUIKeywordMain.groovy:64)
	at com.kms.katalon.core.webui.keyword.internal.WebUIKeywordMain.runKeyword(WebUIKeywordMain.groovy:26)
	at com.kms.katalon.core.webui.keyword.builtin.VerifyElementVisibleKeyword.verifyElementVisible(VerifyElementVisibleKeyword.groovy:97)
	at com.kms.katalon.core.webui.keyword.builtin.VerifyElementVisibleKeyword.execute(VerifyElementVisibleKeyword.groovy:67)
	at com.kms.katalon.core.keyword.internal.KeywordExecutor.executeKeywordForPlatform(KeywordExecutor.groovy:74)
	at com.kms.katalon.core.webui.keyword.WebUiBuiltInKeywords.verifyElementVisible(WebUiBuiltInKeywords.groovy:376)
	at com.kms.katalon.core.webui.keyword.WebUiBuiltInKeywords$verifyElementVisible$1.call(Unknown Source)
	at pkgUtilities.kwyUtility.Login(kwyUtility.groovy:189)
	at pkgUtilities.kwyUtility.invokeMethod(kwyUtility.groovy)
	at com.kms.katalon.core.main.CustomKeywordDelegatingMetaClass.invokeStaticMethod(CustomKeywordDelegatingMetaClass.java:55)
	at CTA01-Acceder Home Cuentas POS.run(CTA01-Acceder Home Cuentas POS:29)
	at com.kms.katalon.core.main.ScriptEngine.run(ScriptEngine.java:194)
	at com.kms.katalon.core.main.ScriptEngine.runScriptAsRawText(ScriptEngine.java:119)
	at com.kms.katalon.core.main.TestCaseExecutor.runScript(TestCaseExecutor.java:448)
	at com.kms.katalon.core.main.TestCaseExecutor.doExecute(TestCaseExecutor.java:439)
	at com.kms.katalon.core.main.TestCaseExecutor.processExecutionPhase(TestCaseExecutor.java:418)
	at com.kms.katalon.core.main.TestCaseExecutor.accessMainPhase(TestCaseExecutor.java:410)
	at com.kms.katalon.core.main.TestCaseExecutor.execute(TestCaseExecutor.java:285)
	at com.kms.katalon.core.common.CommonExecutor.accessTestCaseMainPhase(CommonExecutor.java:65)
	at com.kms.katalon.core.main.TestSuiteExecutor.accessTestSuiteMainPhase(TestSuiteExecutor.java:144)
	at com.kms.katalon.core.main.TestSuiteExecutor.execute(TestSuiteExecutor.java:106)
	at com.kms.katalon.core.main.TestCaseMain.startTestSuite(TestCaseMain.java:185)
	at com.kms.katalon.core.main.TestCaseMain$startTestSuite$0.call(Unknown Source)
	at TempTestSuite1682005834267.run(TempTestSuite1682005834267.groovy:36)
Caused by: com.kms.katalon.core.exception.StepFailedException: Web element with id: 'Object Repository/01-Login/btnLgnCerrarBanner' located by '//input[@id='frmLogin_InformativeModal_CancelAcceptButtons_AcceptButton_btnCommon']' not found
	at com.kms.katalon.core.webui.keyword.internal.WebUIKeywordMain.stepFailed(WebUIKeywordMain.groovy:64)
	at com.kms.katalon.core.webui.keyword.builtin.VerifyElementVisibleKeyword$_verifyElementVisible_closure1.doCall(VerifyElementVisibleKeyword.groovy:89)
	at com.kms.katalon.core.webui.keyword.builtin.VerifyElementVisibleKeyword$_verifyElementVisible_closure1.call(VerifyElementVisibleKeyword.groovy)
	at com.kms.katalon.core.webui.keyword.internal.WebUIKeywordMain.runKeyword(WebUIKeywordMain.groovy:20)
	... 22 more
)
[[ATTACHMENT|C:\\Users\\natalia.heit\\git\\NCD\\Reports\\20230420_125023\\02-Cuentas\\Cuentas\\20230420_125034\\1682005930582.png]]

2023-04-20 12:52:10 - [MESSAGE][FAILED] - Unable to verify object 'Object Repository/01-Login/btnLgnCerrarBanner' is visible

2023-04-20 12:52:10 - [TEST_STEP][PASSED] - Start tear down : fTakeFailScreenshot: Method 'fTakeFailScreenshot' complete successfully

2023-04-20 12:52:10 - [TEST_STEP][PASSED] - pkgUtilities.kwyUtility.fFailStatus("Screenshot/Fails/CTAS01-AccederHomeCuentas.png"): pkgUtilities.kwyUtility.fFailStatus is PASSED

2023-04-20 12:52:10 - [MESSAGE][PASSED] - Taking screenshot successfully
[[ATTACHMENT|C:\\Users\\natalia.heit\\git\\NCD\\Reports\\20230420_125023\\02-Cuentas\\Cuentas\\20230420_125034\\Screenshot/Fails/CTAS01-AccederHomeCuentas.png]]

2023-04-20 12:52:13 - [MESSAGE][PASSED] - Delayed 3 second(s)

2023-04-20 12:52:14 - [MESSAGE][PASSED] - Browser is closed

2023-04-20 12:52:14 - [MESSAGE][PASSED] - pkgUtilities.kwyUtility.fFailStatus is PASSED

2023-04-20 12:52:14 - [MESSAGE][PASSED] - Method 'fTakeFailScreenshot' complete successfully]]></system-out>
         <system-err><![CDATA[2023-04-20 12:51:31 - [TEST_CASE][FAILED] - Test Cases/03-Cuentas/CTA01-Acceder Home Cuentas POS: Test Cases/03-Cuentas/CTA01-Acceder Home Cuentas POS FAILED.
Reason:
com.kms.katalon.core.exception.StepFailedException: Unable to verify object 'Object Repository/01-Login/btnLgnCerrarBanner' is visible
	at com.kms.katalon.core.webui.keyword.internal.WebUIKeywordMain.stepFailed(WebUIKeywordMain.groovy:64)
	at com.kms.katalon.core.webui.keyword.internal.WebUIKeywordMain.runKeyword(WebUIKeywordMain.groovy:26)
	at com.kms.katalon.core.webui.keyword.builtin.VerifyElementVisibleKeyword.verifyElementVisible(VerifyElementVisibleKeyword.groovy:97)
	at com.kms.katalon.core.webui.keyword.builtin.VerifyElementVisibleKeyword.execute(VerifyElementVisibleKeyword.groovy:67)
	at com.kms.katalon.core.keyword.internal.KeywordExecutor.executeKeywordForPlatform(KeywordExecutor.groovy:74)
	at com.kms.katalon.core.webui.keyword.WebUiBuiltInKeywords.verifyElementVisible(WebUiBuiltInKeywords.groovy:376)
	at com.kms.katalon.core.webui.keyword.WebUiBuiltInKeywords$verifyElementVisible$1.call(Unknown Source)
	at pkgUtilities.kwyUtility.Login(kwyUtility.groovy:189)
	at pkgUtilities.kwyUtility.invokeMethod(kwyUtility.groovy)
	at com.kms.katalon.core.main.CustomKeywordDelegatingMetaClass.invokeStaticMethod(CustomKeywordDelegatingMetaClass.java:55)
	at CTA01-Acceder Home Cuentas POS.run(CTA01-Acceder Home Cuentas POS:29)
	at com.kms.katalon.core.main.ScriptEngine.run(ScriptEngine.java:194)
	at com.kms.katalon.core.main.ScriptEngine.runScriptAsRawText(ScriptEngine.java:119)
	at com.kms.katalon.core.main.TestCaseExecutor.runScript(TestCaseExecutor.java:448)
	at com.kms.katalon.core.main.TestCaseExecutor.doExecute(TestCaseExecutor.java:439)
	at com.kms.katalon.core.main.TestCaseExecutor.processExecutionPhase(TestCaseExecutor.java:418)
	at com.kms.katalon.core.main.TestCaseExecutor.accessMainPhase(TestCaseExecutor.java:410)
	at com.kms.katalon.core.main.TestCaseExecutor.execute(TestCaseExecutor.java:285)
	at com.kms.katalon.core.common.CommonExecutor.accessTestCaseMainPhase(CommonExecutor.java:65)
	at com.kms.katalon.core.main.TestSuiteExecutor.accessTestSuiteMainPhase(TestSuiteExecutor.java:144)
	at com.kms.katalon.core.main.TestSuiteExecutor.execute(TestSuiteExecutor.java:106)
	at com.kms.katalon.core.main.TestCaseMain.startTestSuite(TestCaseMain.java:185)
	at com.kms.katalon.core.main.TestCaseMain$startTestSuite$0.call(Unknown Source)
	at TempTestSuite1682005834267.run(TempTestSuite1682005834267.groovy:36)
Caused by: com.kms.katalon.core.exception.StepFailedException: Web element with id: 'Object Repository/01-Login/btnLgnCerrarBanner' located by '//input[@id='frmLogin_InformativeModal_CancelAcceptButtons_AcceptButton_btnCommon']' not found
	at com.kms.katalon.core.webui.keyword.internal.WebUIKeywordMain.stepFailed(WebUIKeywordMain.groovy:64)
	at com.kms.katalon.core.webui.keyword.builtin.VerifyElementVisibleKeyword$_verifyElementVisible_closure1.doCall(VerifyElementVisibleKeyword.groovy:89)
	at com.kms.katalon.core.webui.keyword.builtin.VerifyElementVisibleKeyword$_verifyElementVisible_closure1.call(VerifyElementVisibleKeyword.groovy)
	at com.kms.katalon.core.webui.keyword.internal.WebUIKeywordMain.runKeyword(WebUIKeywordMain.groovy:20)
	... 22 more]]></system-err>
      </testcase>
      <testcase name="Test Cases/03-Cuentas/CTA02-Copiar CBU POS" time="21.247" classname="Test Cases/03-Cuentas/CTA02-Copiar CBU POS" status="PASSED">
         <system-out><![CDATA[2023-04-20 12:52:14 - [TEST_CASE][PASSED] - Test Cases/03-Cuentas/CTA02-Copiar CBU POS: Test Cases/03-Cuentas/CTA02-Copiar CBU POS

2023-04-20 12:52:14 - [TEST_STEP][PASSED] - vCbuToast = findTestData("06-Toast/Toast").getValue(2, 5): null

2023-04-20 12:52:15 - [TEST_STEP][PASSED] - pkgUtilities.kwyUtility.Server("Internet"): pkgUtilities.kwyUtility.Server is PASSED

2023-04-20 12:52:16 - [MESSAGE][PASSED] - pkgUtilities.kwyUtility.Server is PASSED

2023-04-20 12:52:16 - [TEST_STEP][PASSED] - pkgUtilities.kwyUtility.Login(AdminDNI, AdminClave, AdminUsuario): pkgUtilities.kwyUtility.Login is PASSED

2023-04-20 12:52:16 - [MESSAGE][INFO] - Starting 'Chrome' driver

2023-04-20 12:52:16 - [MESSAGE][INFO] - Action delay is set to 0 milliseconds

2023-04-20 12:52:22 - [MESSAGE][PASSED] - Browser is opened with url: 'https://ncdtesting.bancocredicoop.coop/apps/NCDBC/#_frmLogin'

2023-04-20 12:52:22 - [MESSAGE][PASSED] - Current window maximized

2023-04-20 12:52:22 - [MESSAGE][PASSED] - Object 'Object Repository/01-Login/btnLgnCerrarBanner' is visible

2023-04-20 12:52:23 - [MESSAGE][PASSED] - Object: 'Object Repository/01-Login/btnLgnCerrarBanner' is clicked on

2023-04-20 12:52:24 - [MESSAGE][PASSED] - Text '20144835' is set on object 'Object Repository/01-Login/txtLgnDNI'

2023-04-20 12:52:25 - [MESSAGE][PASSED] - Text 'Testing3' is set on object 'Object Repository/01-Login/txtLgnClave'

2023-04-20 12:52:25 - [MESSAGE][PASSED] - Text 'edie02' is set on object 'Object Repository/01-Login/txtLgnUsuario'

2023-04-20 12:52:26 - [MESSAGE][PASSED] - Object: 'Object Repository/01-Login/btnLgnIngresar' is clicked on

2023-04-20 12:52:26 - [MESSAGE][PASSED] - pkgUtilities.kwyUtility.Login is PASSED

2023-04-20 12:52:26 - [TEST_STEP][PASSED] - click(findTestObject("Object Repository/03-Cuentas/lnkCtasMenuInicio")): Object: 'Object Repository/03-Cuentas/lnkCtasMenuInicio' is clicked on

2023-04-20 12:52:32 - [MESSAGE][PASSED] - Object: 'Object Repository/03-Cuentas/lnkCtasMenuInicio' is clicked on

2023-04-20 12:52:32 - [TEST_STEP][PASSED] - click(findTestObject("Object Repository/03-Cuentas/lnkCopiarCBU")): Object: 'Object Repository/03-Cuentas/lnkCopiarCBU' is clicked on

2023-04-20 12:52:33 - [MESSAGE][PASSED] - Object: 'Object Repository/03-Cuentas/lnkCopiarCBU' is clicked on

2023-04-20 12:52:33 - [TEST_STEP][PASSED] - verifyElementText(findTestObject("Object Repository/03-Cuentas/lblCtasToastCopiaCBU"), vCbuToast): Actual text and expected text of test object 'Object Repository/03-Cuentas/lblCtasToastCopiaCBU' are matched.

2023-04-20 12:52:33 - [MESSAGE][PASSED] - Actual text and expected text of test object 'Object Repository/03-Cuentas/lblCtasToastCopiaCBU' are matched.

2023-04-20 12:52:33 - [TEST_STEP][PASSED] - Start tear down : fPassScript: Method 'fPassScript' complete successfully

2023-04-20 12:52:33 - [TEST_STEP][PASSED] - pkgUtilities.kwyUtility.fPassStatus(): pkgUtilities.kwyUtility.fPassStatus is PASSED

2023-04-20 12:52:34 - [MESSAGE][PASSED] - Object: 'Object Repository/02-Dashboard/lnkDsbSalir' is clicked on

2023-04-20 12:52:34 - [MESSAGE][PASSED] - Object: 'Object Repository/02-Dashboard/btnSalirMsgConfirmacionAceptar' is clicked on

2023-04-20 12:52:35 - [MESSAGE][PASSED] - Browser is closed

2023-04-20 12:52:35 - [MESSAGE][PASSED] - pkgUtilities.kwyUtility.fPassStatus is PASSED

2023-04-20 12:52:35 - [MESSAGE][PASSED] - Method 'fPassScript' complete successfully]]></system-out>
         <system-err><![CDATA[]]></system-err>
      </testcase>
      <system-out><![CDATA[2023-04-20 12:51:31 - [TEST_SUITE][FAILED] - Cuentas: Test Cases/03-Cuentas/CTA01-Acceder Home Cuentas POS FAILED.
Reason:
com.kms.katalon.core.exception.StepFailedException: Unable to verify object 'Object Repository/01-Login/btnLgnCerrarBanner' is visible
	at com.kms.katalon.core.webui.keyword.internal.WebUIKeywordMain.stepFailed(WebUIKeywordMain.groovy:64)
	at com.kms.katalon.core.webui.keyword.internal.WebUIKeywordMain.runKeyword(WebUIKeywordMain.groovy:26)
	at com.kms.katalon.core.webui.keyword.builtin.VerifyElementVisibleKeyword.verifyElementVisible(VerifyElementVisibleKeyword.groovy:97)
	at com.kms.katalon.core.webui.keyword.builtin.VerifyElementVisibleKeyword.execute(VerifyElementVisibleKeyword.groovy:67)
	at com.kms.katalon.core.keyword.internal.KeywordExecutor.executeKeywordForPlatform(KeywordExecutor.groovy:74)
	at com.kms.katalon.core.webui.keyword.WebUiBuiltInKeywords.verifyElementVisible(WebUiBuiltInKeywords.groovy:376)
	at com.kms.katalon.core.webui.keyword.WebUiBuiltInKeywords$verifyElementVisible$1.call(Unknown Source)
	at pkgUtilities.kwyUtility.Login(kwyUtility.groovy:189)
	at pkgUtilities.kwyUtility.invokeMethod(kwyUtility.groovy)
	at com.kms.katalon.core.main.CustomKeywordDelegatingMetaClass.invokeStaticMethod(CustomKeywordDelegatingMetaClass.java:55)
	at CTA01-Acceder Home Cuentas POS.run(CTA01-Acceder Home Cuentas POS:29)
	at com.kms.katalon.core.main.ScriptEngine.run(ScriptEngine.java:194)
	at com.kms.katalon.core.main.ScriptEngine.runScriptAsRawText(ScriptEngine.java:119)
	at com.kms.katalon.core.main.TestCaseExecutor.runScript(TestCaseExecutor.java:448)
	at com.kms.katalon.core.main.TestCaseExecutor.doExecute(TestCaseExecutor.java:439)
	at com.kms.katalon.core.main.TestCaseExecutor.processExecutionPhase(TestCaseExecutor.java:418)
	at com.kms.katalon.core.main.TestCaseExecutor.accessMainPhase(TestCaseExecutor.java:410)
	at com.kms.katalon.core.main.TestCaseExecutor.execute(TestCaseExecutor.java:285)
	at com.kms.katalon.core.common.CommonExecutor.accessTestCaseMainPhase(CommonExecutor.java:65)
	at com.kms.katalon.core.main.TestSuiteExecutor.accessTestSuiteMainPhase(TestSuiteExecutor.java:144)
	at com.kms.katalon.core.main.TestSuiteExecutor.execute(TestSuiteExecutor.java:106)
	at com.kms.katalon.core.main.TestCaseMain.startTestSuite(TestCaseMain.java:185)
	at com.kms.katalon.core.main.TestCaseMain$startTestSuite$0.call(Unknown Source)
	at TempTestSuite1682005834267.run(TempTestSuite1682005834267.groovy:36)
Caused by: com.kms.katalon.core.exception.StepFailedException: Web element with id: 'Object Repository/01-Login/btnLgnCerrarBanner' located by '//input[@id='frmLogin_InformativeModal_CancelAcceptButtons_AcceptButton_btnCommon']' not found
	at com.kms.katalon.core.webui.keyword.internal.WebUIKeywordMain.stepFailed(WebUIKeywordMain.groovy:64)
	at com.kms.katalon.core.webui.keyword.builtin.VerifyElementVisibleKeyword$_verifyElementVisible_closure1.doCall(VerifyElementVisibleKeyword.groovy:89)
	at com.kms.katalon.core.webui.keyword.builtin.VerifyElementVisibleKeyword$_verifyElementVisible_closure1.call(VerifyElementVisibleKeyword.groovy)
	at com.kms.katalon.core.webui.keyword.internal.WebUIKeywordMain.runKeyword(WebUIKeywordMain.groovy:20)
	... 22 more]]></system-out>
      <system-err><![CDATA[2023-04-20 12:51:31 - [TEST_SUITE][FAILED] - Cuentas: Test Cases/03-Cuentas/CTA01-Acceder Home Cuentas POS FAILED.
Reason:
com.kms.katalon.core.exception.StepFailedException: Unable to verify object 'Object Repository/01-Login/btnLgnCerrarBanner' is visible
	at com.kms.katalon.core.webui.keyword.internal.WebUIKeywordMain.stepFailed(WebUIKeywordMain.groovy:64)
	at com.kms.katalon.core.webui.keyword.internal.WebUIKeywordMain.runKeyword(WebUIKeywordMain.groovy:26)
	at com.kms.katalon.core.webui.keyword.builtin.VerifyElementVisibleKeyword.verifyElementVisible(VerifyElementVisibleKeyword.groovy:97)
	at com.kms.katalon.core.webui.keyword.builtin.VerifyElementVisibleKeyword.execute(VerifyElementVisibleKeyword.groovy:67)
	at com.kms.katalon.core.keyword.internal.KeywordExecutor.executeKeywordForPlatform(KeywordExecutor.groovy:74)
	at com.kms.katalon.core.webui.keyword.WebUiBuiltInKeywords.verifyElementVisible(WebUiBuiltInKeywords.groovy:376)
	at com.kms.katalon.core.webui.keyword.WebUiBuiltInKeywords$verifyElementVisible$1.call(Unknown Source)
	at pkgUtilities.kwyUtility.Login(kwyUtility.groovy:189)
	at pkgUtilities.kwyUtility.invokeMethod(kwyUtility.groovy)
	at com.kms.katalon.core.main.CustomKeywordDelegatingMetaClass.invokeStaticMethod(CustomKeywordDelegatingMetaClass.java:55)
	at CTA01-Acceder Home Cuentas POS.run(CTA01-Acceder Home Cuentas POS:29)
	at com.kms.katalon.core.main.ScriptEngine.run(ScriptEngine.java:194)
	at com.kms.katalon.core.main.ScriptEngine.runScriptAsRawText(ScriptEngine.java:119)
	at com.kms.katalon.core.main.TestCaseExecutor.runScript(TestCaseExecutor.java:448)
	at com.kms.katalon.core.main.TestCaseExecutor.doExecute(TestCaseExecutor.java:439)
	at com.kms.katalon.core.main.TestCaseExecutor.processExecutionPhase(TestCaseExecutor.java:418)
	at com.kms.katalon.core.main.TestCaseExecutor.accessMainPhase(TestCaseExecutor.java:410)
	at com.kms.katalon.core.main.TestCaseExecutor.execute(TestCaseExecutor.java:285)
	at com.kms.katalon.core.common.CommonExecutor.accessTestCaseMainPhase(CommonExecutor.java:65)
	at com.kms.katalon.core.main.TestSuiteExecutor.accessTestSuiteMainPhase(TestSuiteExecutor.java:144)
	at com.kms.katalon.core.main.TestSuiteExecutor.execute(TestSuiteExecutor.java:106)
	at com.kms.katalon.core.main.TestCaseMain.startTestSuite(TestCaseMain.java:185)
	at com.kms.katalon.core.main.TestCaseMain$startTestSuite$0.call(Unknown Source)
	at TempTestSuite1682005834267.run(TempTestSuite1682005834267.groovy:36)
Caused by: com.kms.katalon.core.exception.StepFailedException: Web element with id: 'Object Repository/01-Login/btnLgnCerrarBanner' located by '//input[@id='frmLogin_InformativeModal_CancelAcceptButtons_AcceptButton_btnCommon']' not found
	at com.kms.katalon.core.webui.keyword.internal.WebUIKeywordMain.stepFailed(WebUIKeywordMain.groovy:64)
	at com.kms.katalon.core.webui.keyword.builtin.VerifyElementVisibleKeyword$_verifyElementVisible_closure1.doCall(VerifyElementVisibleKeyword.groovy:89)
	at com.kms.katalon.core.webui.keyword.builtin.VerifyElementVisibleKeyword$_verifyElementVisible_closure1.call(VerifyElementVisibleKeyword.groovy)
	at com.kms.katalon.core.webui.keyword.internal.WebUIKeywordMain.runKeyword(WebUIKeywordMain.groovy:20)
	... 22 more]]></system-err>
   </testsuite>
</testsuites>
