<?xml version="1.0" encoding="UTF-8"?>
<testsuites name="Cuentas" time="89.812" tests="2" failures="1" errors="0">
   <testsuite name="Cuentas" tests="2" failures="1" errors="0" time="89.812" skipped="0" timestamp="2023-04-11 16:37:06" hostname="natalia.heit - AR-NB-490.tsoftglobal.com" id="Test Suites/02-Cuentas/Cuentas">
      <properties>
         <property name="deviceName" value=""/>
         <property name="devicePlatform" value=""/>
         <property name="logFolder" value="C:\\Users\\natalia.heit\\git\\KtlnNCDWeb\\Reports\\20230411_163619\\02-Cuentas\\Cuentas\\20230411_163623"/>
         <property name="logFiles" value="C:\\Users\\natalia.heit\\git\\KtlnNCDWeb\\Reports\\20230411_163619\\02-Cuentas\\Cuentas\\20230411_163623\\execution0.log"/>
         <property name="attachments" value="C:\\Users\\natalia.heit\\git\\KtlnNCDWeb\\Reports\\20230411_163619\\02-Cuentas\\Cuentas\\20230411_163623\\1681241887420.png, C:\\Users\\natalia.heit\\git\\KtlnNCDWeb\\Reports\\20230411_163619\\02-Cuentas\\Cuentas\\20230411_163623\\Screenshot/Fails/CTAS01-AccederHomeCuentas.png"/>
         <property name="hostName" value="natalia.heit - AR-NB-490.tsoftglobal.com"/>
         <property name="os" value="Windows 10 64bit"/>
         <property name="katalonVersion" value="8.4.1.208"/>
         <property name="browser" value="Chrome 111.0.0.0"/>
         <property name="hostAddress" value="172.16.241.117"/>
         <property name="sessionId" value="d7f6fa5453df590682aa1ca656a667d7"/>
         <property name="seleniumVersion" value="3.141.59"/>
         <property name="proxyInformation" value="ProxyInformation { proxyOption=NO_PROXY, proxyServerType=HTTP, username=, password=********, proxyServerAddress=, proxyServerPort=0, executionList=&quot;&quot;, isApplyToDesiredCapabilities=true }"/>
         <property name="platform" value="Windows 10"/>
      </properties>
      <testcase name="Test Cases/03-Cuentas/CTA01-Acceder Home Cuentas POS" time="64.898" classname="Test Cases/03-Cuentas/CTA01-Acceder Home Cuentas POS" status="FAILED">
         <failure type="FAILED" message="Test Cases/03-Cuentas/CTA01-Acceder Home Cuentas POS FAILED.
Reason:
com.kms.katalon.core.exception.StepFailedException: Unable to click on object 'Object Repository/02-Dashboard/lnkDsbInicio'
	at com.kms.katalon.core.webui.keyword.internal.WebUIKeywordMain.stepFailed(WebUIKeywordMain.groovy:64)
	at com.kms.katalon.core.webui.keyword.internal.WebUIKeywordMain.runKeyword(WebUIKeywordMain.groovy:26)
	at com.kms.katalon.core.webui.keyword.builtin.ClickKeyword.click(ClickKeyword.groovy:74)
	at com.kms.katalon.core.webui.keyword.builtin.ClickKeyword.execute(ClickKeyword.groovy:40)
	at com.kms.katalon.core.keyword.internal.KeywordExecutor.executeKeywordForPlatform(KeywordExecutor.groovy:74)
	at com.kms.katalon.core.webui.keyword.WebUiBuiltInKeywords.click(WebUiBuiltInKeywords.groovy:620)
	at com.kms.katalon.core.webui.keyword.WebUiBuiltInKeywords$click$2.call(Unknown Source)
	at CTA01-Acceder Home Cuentas POS.run(CTA01-Acceder Home Cuentas POS:49)
	at com.kms.katalon.core.main.ScriptEngine.run(ScriptEngine.java:194)
	at com.kms.katalon.core.main.ScriptEngine.runScriptAsRawText(ScriptEngine.java:119)
	at com.kms.katalon.core.main.TestCaseExecutor.runScript(TestCaseExecutor.java:448)
	at com.kms.katalon.core.main.TestCaseExecutor.doExecute(TestCaseExecutor.java:439)
	at com.kms.katalon.core.main.TestCaseExecutor.processExecutionPhase(TestCaseExecutor.java:418)
	at com.kms.katalon.core.main.TestCaseExecutor.accessMainPhase(TestCaseExecutor.java:410)
	at com.kms.katalon.core.main.TestCaseExecutor.execute(TestCaseExecutor.java:285)
	at com.kms.katalon.core.common.CommonExecutor.accessTestCaseMainPhase(CommonExecutor.java:65)
	at com.kms.katalon.core.main.TestSuiteExecutor.accessTestSuiteMainPhase(TestSuiteExecutor.java:144)
	at com.kms.katalon.core.main.TestSuiteExecutor.execute(TestSuiteExecutor.java:106)
	at com.kms.katalon.core.main.TestCaseMain.startTestSuite(TestCaseMain.java:185)
	at com.kms.katalon.core.main.TestCaseMain$startTestSuite$0.call(Unknown Source)
	at TempTestSuite1681241783281.run(TempTestSuite1681241783281.groovy:36)
Caused by: com.kms.katalon.core.webui.exception.WebElementNotFoundException: Web element with id: 'Object Repository/02-Dashboard/lnkDsbInicio' located by 'id(&quot;frmAccountsLanding_customhamburger_HOMElblAccounts&quot;)[count(. | //div[@aria-label = 'Accounts ' and @tabindex = '0' and @id = 'frmAccountsLanding_customhamburger_HOMElblAccounts' and @kwidgettype = 'Label' and @kformname = 'frmAccountsLanding' and @kmasterid = 'customhamburger' and @class = 'cntmiddleleftalign disableSelection sknLblItemMenuSelected' and (text() = 'Inicio' or . = 'Inicio')]) = count(//div[@aria-label = 'Accounts ' and @tabindex = '0' and @id = 'frmAccountsLanding_customhamburger_HOMElblAccounts' and @kwidgettype = 'Label' and @kformname = 'frmAccountsLanding' and @kmasterid = 'customhamburger' and @class = 'cntmiddleleftalign disableSelection sknLblItemMenuSelected' and (text() = 'Inicio' or . = 'Inicio')])]' not found
	at com.kms.katalon.core.webui.common.WebUiCommonHelper.findWebElement(WebUiCommonHelper.java:1370)
	at com.kms.katalon.core.webui.keyword.internal.WebUIAbstractKeyword.findWebElement(WebUIAbstractKeyword.groovy:27)
	at com.kms.katalon.core.webui.keyword.builtin.ClickKeyword$_click_closure1.doCall(ClickKeyword.groovy:65)
	at com.kms.katalon.core.webui.keyword.builtin.ClickKeyword$_click_closure1.call(ClickKeyword.groovy)
	at com.kms.katalon.core.webui.keyword.internal.WebUIKeywordMain.runKeyword(WebUIKeywordMain.groovy:20)
	... 19 more
"/>
         <system-out><![CDATA[2023-04-11 16:37:07 - [TEST_CASE][FAILED] - Test Cases/03-Cuentas/CTA01-Acceder Home Cuentas POS: Test Cases/03-Cuentas/CTA01-Acceder Home Cuentas POS FAILED.
Reason:
com.kms.katalon.core.exception.StepFailedException: Unable to click on object 'Object Repository/02-Dashboard/lnkDsbInicio'
	at com.kms.katalon.core.webui.keyword.internal.WebUIKeywordMain.stepFailed(WebUIKeywordMain.groovy:64)
	at com.kms.katalon.core.webui.keyword.internal.WebUIKeywordMain.runKeyword(WebUIKeywordMain.groovy:26)
	at com.kms.katalon.core.webui.keyword.builtin.ClickKeyword.click(ClickKeyword.groovy:74)
	at com.kms.katalon.core.webui.keyword.builtin.ClickKeyword.execute(ClickKeyword.groovy:40)
	at com.kms.katalon.core.keyword.internal.KeywordExecutor.executeKeywordForPlatform(KeywordExecutor.groovy:74)
	at com.kms.katalon.core.webui.keyword.WebUiBuiltInKeywords.click(WebUiBuiltInKeywords.groovy:620)
	at com.kms.katalon.core.webui.keyword.WebUiBuiltInKeywords$click$2.call(Unknown Source)
	at CTA01-Acceder Home Cuentas POS.run(CTA01-Acceder Home Cuentas POS:49)
	at com.kms.katalon.core.main.ScriptEngine.run(ScriptEngine.java:194)
	at com.kms.katalon.core.main.ScriptEngine.runScriptAsRawText(ScriptEngine.java:119)
	at com.kms.katalon.core.main.TestCaseExecutor.runScript(TestCaseExecutor.java:448)
	at com.kms.katalon.core.main.TestCaseExecutor.doExecute(TestCaseExecutor.java:439)
	at com.kms.katalon.core.main.TestCaseExecutor.processExecutionPhase(TestCaseExecutor.java:418)
	at com.kms.katalon.core.main.TestCaseExecutor.accessMainPhase(TestCaseExecutor.java:410)
	at com.kms.katalon.core.main.TestCaseExecutor.execute(TestCaseExecutor.java:285)
	at com.kms.katalon.core.common.CommonExecutor.accessTestCaseMainPhase(CommonExecutor.java:65)
	at com.kms.katalon.core.main.TestSuiteExecutor.accessTestSuiteMainPhase(TestSuiteExecutor.java:144)
	at com.kms.katalon.core.main.TestSuiteExecutor.execute(TestSuiteExecutor.java:106)
	at com.kms.katalon.core.main.TestCaseMain.startTestSuite(TestCaseMain.java:185)
	at com.kms.katalon.core.main.TestCaseMain$startTestSuite$0.call(Unknown Source)
	at TempTestSuite1681241783281.run(TempTestSuite1681241783281.groovy:36)
Caused by: com.kms.katalon.core.webui.exception.WebElementNotFoundException: Web element with id: 'Object Repository/02-Dashboard/lnkDsbInicio' located by 'id("frmAccountsLanding_customhamburger_HOMElblAccounts")[count(. | //div[@aria-label = 'Accounts ' and @tabindex = '0' and @id = 'frmAccountsLanding_customhamburger_HOMElblAccounts' and @kwidgettype = 'Label' and @kformname = 'frmAccountsLanding' and @kmasterid = 'customhamburger' and @class = 'cntmiddleleftalign disableSelection sknLblItemMenuSelected' and (text() = 'Inicio' or . = 'Inicio')]) = count(//div[@aria-label = 'Accounts ' and @tabindex = '0' and @id = 'frmAccountsLanding_customhamburger_HOMElblAccounts' and @kwidgettype = 'Label' and @kformname = 'frmAccountsLanding' and @kmasterid = 'customhamburger' and @class = 'cntmiddleleftalign disableSelection sknLblItemMenuSelected' and (text() = 'Inicio' or . = 'Inicio')])]' not found
	at com.kms.katalon.core.webui.common.WebUiCommonHelper.findWebElement(WebUiCommonHelper.java:1370)
	at com.kms.katalon.core.webui.keyword.internal.WebUIAbstractKeyword.findWebElement(WebUIAbstractKeyword.groovy:27)
	at com.kms.katalon.core.webui.keyword.builtin.ClickKeyword$_click_closure1.doCall(ClickKeyword.groovy:65)
	at com.kms.katalon.core.webui.keyword.builtin.ClickKeyword$_click_closure1.call(ClickKeyword.groovy)
	at com.kms.katalon.core.webui.keyword.internal.WebUIKeywordMain.runKeyword(WebUIKeywordMain.groovy:20)
	... 19 more


2023-04-11 16:37:07 - [TEST_STEP][PASSED] - Start listener action : sampleBeforeTestCase: null

2023-04-11 16:37:07 - [TEST_STEP][PASSED] - println(testCaseContext.getTestCaseId()): null

2023-04-11 16:37:07 - [TEST_STEP][PASSED] - println(testCaseContext.getTestCaseVariables()): null

2023-04-11 16:37:07 - [TEST_STEP][PASSED] - if (testCaseContext.getTestCaseId() == "Test Cases/TRF04-Transferencia Terceros Credicoop Dolares POS"): null

2023-04-11 16:37:07 - [TEST_STEP][PASSED] - vCuentasTitulo = <not implemented yet for class: org.codehaus.groovy.ast.expr.EmptyExpression>: null

2023-04-11 16:37:07 - [TEST_STEP][PASSED] - vCuenta = <not implemented yet for class: org.codehaus.groovy.ast.expr.EmptyExpression>: null

2023-04-11 16:37:07 - [TEST_STEP][PASSED] - vFavorita = <not implemented yet for class: org.codehaus.groovy.ast.expr.EmptyExpression>: null

2023-04-11 16:37:07 - [TEST_STEP][PASSED] - vMoneda = <not implemented yet for class: org.codehaus.groovy.ast.expr.EmptyExpression>: null

2023-04-11 16:37:07 - [TEST_STEP][PASSED] - vSaldo = <not implemented yet for class: org.codehaus.groovy.ast.expr.EmptyExpression>: null

2023-04-11 16:37:07 - [TEST_STEP][PASSED] - pkgUtilities.kwyUtility.Server("Internet"): pkgUtilities.kwyUtility.Server is PASSED

2023-04-11 16:37:13 - [MESSAGE][PASSED] - pkgUtilities.kwyUtility.Server is PASSED

2023-04-11 16:37:13 - [TEST_STEP][PASSED] - pkgUtilities.kwyUtility.Login(AdminDNI, AdminClave, AdminUsuario): pkgUtilities.kwyUtility.Login is PASSED

2023-04-11 16:37:13 - [MESSAGE][INFO] - Starting 'Chrome' driver

2023-04-11 16:37:13 - [MESSAGE][INFO] - Action delay is set to 0 milliseconds

2023-04-11 16:37:20 - [MESSAGE][PASSED] - Browser is opened with url: 'https://ncdtesting.bancocredicoop.coop/apps/NCDBC/#_frmLogin'

2023-04-11 16:37:21 - [MESSAGE][PASSED] - Current window maximized

2023-04-11 16:37:21 - [MESSAGE][PASSED] - Object 'Object Repository/01-Login/btnLgnCerrarBanner' is visible

2023-04-11 16:37:22 - [MESSAGE][PASSED] - Object: 'Object Repository/01-Login/btnLgnCerrarBanner' is clicked on

2023-04-11 16:37:23 - [MESSAGE][PASSED] - Text '20144835' is set on object 'Object Repository/01-Login/txtLgnDNI'

2023-04-11 16:37:24 - [MESSAGE][PASSED] - Text 'Testing3' is set on object 'Object Repository/01-Login/txtLgnClave'

2023-04-11 16:37:24 - [MESSAGE][PASSED] - Text 'edie02' is set on object 'Object Repository/01-Login/txtLgnUsuario'

2023-04-11 16:37:25 - [MESSAGE][PASSED] - Object: 'Object Repository/01-Login/btnLgnIngresar' is clicked on

2023-04-11 16:37:25 - [MESSAGE][PASSED] - pkgUtilities.kwyUtility.Login is PASSED

2023-04-11 16:37:25 - [TEST_STEP][PASSED] - click(findTestObject("Object Repository/02-Dashboard/lnkDsbCuentas")): Object: 'Object Repository/02-Dashboard/lnkDsbCuentas' is clicked on

2023-04-11 16:37:32 - [MESSAGE][PASSED] - Object: 'Object Repository/02-Dashboard/lnkDsbCuentas' is clicked on

2023-04-11 16:37:32 - [TEST_STEP][PASSED] - vCuenta = findTestData("05-Labels/Labels").getValue(2, 2): null

2023-04-11 16:37:32 - [TEST_STEP][PASSED] - verifyElementText(findTestObject("Object Repository/03-Cuentas/lblCtasTituloCuentaTabla"), vCuenta): Actual text and expected text of test object 'Object Repository/03-Cuentas/lblCtasTituloCuentaTabla' are matched.

2023-04-11 16:37:34 - [MESSAGE][PASSED] - Actual text and expected text of test object 'Object Repository/03-Cuentas/lblCtasTituloCuentaTabla' are matched.

2023-04-11 16:37:34 - [TEST_STEP][PASSED] - vFavorita = findTestData("05-Labels/Labels").getValue(2, 3): null

2023-04-11 16:37:34 - [TEST_STEP][PASSED] - verifyElementText(findTestObject("Object Repository/03-Cuentas/lblCtasTituloFavoritaTabla"), vFavorita): Actual text and expected text of test object 'Object Repository/03-Cuentas/lblCtasTituloFavoritaTabla' are matched.

2023-04-11 16:37:35 - [MESSAGE][PASSED] - Actual text and expected text of test object 'Object Repository/03-Cuentas/lblCtasTituloFavoritaTabla' are matched.

2023-04-11 16:37:35 - [TEST_STEP][PASSED] - vMoneda = findTestData("05-Labels/Labels").getValue(2, 4): null

2023-04-11 16:37:35 - [TEST_STEP][PASSED] - verifyElementText(findTestObject("Object Repository/03-Cuentas/lblCtasTituloMonedaTabla"), vMoneda): Actual text and expected text of test object 'Object Repository/03-Cuentas/lblCtasTituloMonedaTabla' are matched.

2023-04-11 16:37:35 - [MESSAGE][PASSED] - Actual text and expected text of test object 'Object Repository/03-Cuentas/lblCtasTituloMonedaTabla' are matched.

2023-04-11 16:37:35 - [TEST_STEP][PASSED] - vSaldo = findTestData("05-Labels/Labels").getValue(2, 5): null

2023-04-11 16:37:35 - [TEST_STEP][PASSED] - verifyElementText(findTestObject("Object Repository/03-Cuentas/lblCtasTituloSaldoTabla"), vSaldo): Actual text and expected text of test object 'Object Repository/03-Cuentas/lblCtasTituloSaldoTabla' are matched.

2023-04-11 16:37:36 - [MESSAGE][PASSED] - Actual text and expected text of test object 'Object Repository/03-Cuentas/lblCtasTituloSaldoTabla' are matched.

2023-04-11 16:37:36 - [TEST_STEP][FAILED] - click(findTestObject("Object Repository/02-Dashboard/lnkDsbInicio")): Unable to click on object 'Object Repository/02-Dashboard/lnkDsbInicio' (Root cause: com.kms.katalon.core.exception.StepFailedException: Unable to click on object 'Object Repository/02-Dashboard/lnkDsbInicio'
	at com.kms.katalon.core.webui.keyword.internal.WebUIKeywordMain.stepFailed(WebUIKeywordMain.groovy:64)
	at com.kms.katalon.core.webui.keyword.internal.WebUIKeywordMain.runKeyword(WebUIKeywordMain.groovy:26)
	at com.kms.katalon.core.webui.keyword.builtin.ClickKeyword.click(ClickKeyword.groovy:74)
	at com.kms.katalon.core.webui.keyword.builtin.ClickKeyword.execute(ClickKeyword.groovy:40)
	at com.kms.katalon.core.keyword.internal.KeywordExecutor.executeKeywordForPlatform(KeywordExecutor.groovy:74)
	at com.kms.katalon.core.webui.keyword.WebUiBuiltInKeywords.click(WebUiBuiltInKeywords.groovy:620)
	at com.kms.katalon.core.webui.keyword.WebUiBuiltInKeywords$click$2.call(Unknown Source)
	at CTA01-Acceder Home Cuentas POS.run(CTA01-Acceder Home Cuentas POS:49)
	at com.kms.katalon.core.main.ScriptEngine.run(ScriptEngine.java:194)
	at com.kms.katalon.core.main.ScriptEngine.runScriptAsRawText(ScriptEngine.java:119)
	at com.kms.katalon.core.main.TestCaseExecutor.runScript(TestCaseExecutor.java:448)
	at com.kms.katalon.core.main.TestCaseExecutor.doExecute(TestCaseExecutor.java:439)
	at com.kms.katalon.core.main.TestCaseExecutor.processExecutionPhase(TestCaseExecutor.java:418)
	at com.kms.katalon.core.main.TestCaseExecutor.accessMainPhase(TestCaseExecutor.java:410)
	at com.kms.katalon.core.main.TestCaseExecutor.execute(TestCaseExecutor.java:285)
	at com.kms.katalon.core.common.CommonExecutor.accessTestCaseMainPhase(CommonExecutor.java:65)
	at com.kms.katalon.core.main.TestSuiteExecutor.accessTestSuiteMainPhase(TestSuiteExecutor.java:144)
	at com.kms.katalon.core.main.TestSuiteExecutor.execute(TestSuiteExecutor.java:106)
	at com.kms.katalon.core.main.TestCaseMain.startTestSuite(TestCaseMain.java:185)
	at com.kms.katalon.core.main.TestCaseMain$startTestSuite$0.call(Unknown Source)
	at TempTestSuite1681241783281.run(TempTestSuite1681241783281.groovy:36)
Caused by: com.kms.katalon.core.webui.exception.WebElementNotFoundException: Web element with id: 'Object Repository/02-Dashboard/lnkDsbInicio' located by 'id("frmAccountsLanding_customhamburger_HOMElblAccounts")[count(. | //div[@aria-label = 'Accounts ' and @tabindex = '0' and @id = 'frmAccountsLanding_customhamburger_HOMElblAccounts' and @kwidgettype = 'Label' and @kformname = 'frmAccountsLanding' and @kmasterid = 'customhamburger' and @class = 'cntmiddleleftalign disableSelection sknLblItemMenuSelected' and (text() = 'Inicio' or . = 'Inicio')]) = count(//div[@aria-label = 'Accounts ' and @tabindex = '0' and @id = 'frmAccountsLanding_customhamburger_HOMElblAccounts' and @kwidgettype = 'Label' and @kformname = 'frmAccountsLanding' and @kmasterid = 'customhamburger' and @class = 'cntmiddleleftalign disableSelection sknLblItemMenuSelected' and (text() = 'Inicio' or . = 'Inicio')])]' not found
	at com.kms.katalon.core.webui.common.WebUiCommonHelper.findWebElement(WebUiCommonHelper.java:1370)
	at com.kms.katalon.core.webui.keyword.internal.WebUIAbstractKeyword.findWebElement(WebUIAbstractKeyword.groovy:27)
	at com.kms.katalon.core.webui.keyword.builtin.ClickKeyword$_click_closure1.doCall(ClickKeyword.groovy:65)
	at com.kms.katalon.core.webui.keyword.builtin.ClickKeyword$_click_closure1.call(ClickKeyword.groovy)
	at com.kms.katalon.core.webui.keyword.internal.WebUIKeywordMain.runKeyword(WebUIKeywordMain.groovy:20)
	at com.kms.katalon.core.webui.keyword.builtin.ClickKeyword.click(ClickKeyword.groovy:74)
	at com.kms.katalon.core.webui.keyword.builtin.ClickKeyword.execute(ClickKeyword.groovy:40)
	at com.kms.katalon.core.keyword.internal.KeywordExecutor.executeKeywordForPlatform(KeywordExecutor.groovy:74)
	at com.kms.katalon.core.webui.keyword.WebUiBuiltInKeywords.click(WebUiBuiltInKeywords.groovy:620)
	at com.kms.katalon.core.webui.keyword.WebUiBuiltInKeywords$click$2.call(Unknown Source)
	at Script1680718890508.run(Script1680718890508.groovy:49)
	... 13 more
)

2023-04-11 16:38:07 - [MESSAGE][INFO] - Unable to find the element located by 'By.xpath: id("frmAccountsLanding_customhamburger_HOMElblAccounts")[count(. | //div[@aria-label = 'Accounts ' and @tabindex = '0' and @id = 'frmAccountsLanding_customhamburger_HOMElblAccounts' and @kwidgettype = 'Label' and @kformname = 'frmAccountsLanding' and @kmasterid = 'customhamburger' and @class = 'cntmiddleleftalign disableSelection sknLblItemMenuSelected' and (text() = 'Inicio' or . = 'Inicio')]) = count(//div[@aria-label = 'Accounts ' and @tabindex = '0' and @id = 'frmAccountsLanding_customhamburger_HOMElblAccounts' and @kwidgettype = 'Label' and @kformname = 'frmAccountsLanding' and @kmasterid = 'customhamburger' and @class = 'cntmiddleleftalign disableSelection sknLblItemMenuSelected' and (text() = 'Inicio' or . = 'Inicio')])]'. Please recheck the objects properties to make sure the desired element is located. 

2023-04-11 16:38:07 - [MESSAGE][FAILED] - Unable to click on object 'Object Repository/02-Dashboard/lnkDsbInicio' (Root cause: com.kms.katalon.core.exception.StepFailedException: Unable to click on object 'Object Repository/02-Dashboard/lnkDsbInicio'
	at com.kms.katalon.core.webui.keyword.internal.WebUIKeywordMain.stepFailed(WebUIKeywordMain.groovy:64)
	at com.kms.katalon.core.webui.keyword.internal.WebUIKeywordMain.runKeyword(WebUIKeywordMain.groovy:26)
	at com.kms.katalon.core.webui.keyword.builtin.ClickKeyword.click(ClickKeyword.groovy:74)
	at com.kms.katalon.core.webui.keyword.builtin.ClickKeyword.execute(ClickKeyword.groovy:40)
	at com.kms.katalon.core.keyword.internal.KeywordExecutor.executeKeywordForPlatform(KeywordExecutor.groovy:74)
	at com.kms.katalon.core.webui.keyword.WebUiBuiltInKeywords.click(WebUiBuiltInKeywords.groovy:620)
	at com.kms.katalon.core.webui.keyword.WebUiBuiltInKeywords$click$2.call(Unknown Source)
	at CTA01-Acceder Home Cuentas POS.run(CTA01-Acceder Home Cuentas POS:49)
	at com.kms.katalon.core.main.ScriptEngine.run(ScriptEngine.java:194)
	at com.kms.katalon.core.main.ScriptEngine.runScriptAsRawText(ScriptEngine.java:119)
	at com.kms.katalon.core.main.TestCaseExecutor.runScript(TestCaseExecutor.java:448)
	at com.kms.katalon.core.main.TestCaseExecutor.doExecute(TestCaseExecutor.java:439)
	at com.kms.katalon.core.main.TestCaseExecutor.processExecutionPhase(TestCaseExecutor.java:418)
	at com.kms.katalon.core.main.TestCaseExecutor.accessMainPhase(TestCaseExecutor.java:410)
	at com.kms.katalon.core.main.TestCaseExecutor.execute(TestCaseExecutor.java:285)
	at com.kms.katalon.core.common.CommonExecutor.accessTestCaseMainPhase(CommonExecutor.java:65)
	at com.kms.katalon.core.main.TestSuiteExecutor.accessTestSuiteMainPhase(TestSuiteExecutor.java:144)
	at com.kms.katalon.core.main.TestSuiteExecutor.execute(TestSuiteExecutor.java:106)
	at com.kms.katalon.core.main.TestCaseMain.startTestSuite(TestCaseMain.java:185)
	at com.kms.katalon.core.main.TestCaseMain$startTestSuite$0.call(Unknown Source)
	at TempTestSuite1681241783281.run(TempTestSuite1681241783281.groovy:36)
Caused by: com.kms.katalon.core.webui.exception.WebElementNotFoundException: Web element with id: 'Object Repository/02-Dashboard/lnkDsbInicio' located by 'id("frmAccountsLanding_customhamburger_HOMElblAccounts")[count(. | //div[@aria-label = 'Accounts ' and @tabindex = '0' and @id = 'frmAccountsLanding_customhamburger_HOMElblAccounts' and @kwidgettype = 'Label' and @kformname = 'frmAccountsLanding' and @kmasterid = 'customhamburger' and @class = 'cntmiddleleftalign disableSelection sknLblItemMenuSelected' and (text() = 'Inicio' or . = 'Inicio')]) = count(//div[@aria-label = 'Accounts ' and @tabindex = '0' and @id = 'frmAccountsLanding_customhamburger_HOMElblAccounts' and @kwidgettype = 'Label' and @kformname = 'frmAccountsLanding' and @kmasterid = 'customhamburger' and @class = 'cntmiddleleftalign disableSelection sknLblItemMenuSelected' and (text() = 'Inicio' or . = 'Inicio')])]' not found
	at com.kms.katalon.core.webui.common.WebUiCommonHelper.findWebElement(WebUiCommonHelper.java:1370)
	at com.kms.katalon.core.webui.keyword.internal.WebUIAbstractKeyword.findWebElement(WebUIAbstractKeyword.groovy:27)
	at com.kms.katalon.core.webui.keyword.builtin.ClickKeyword$_click_closure1.doCall(ClickKeyword.groovy:65)
	at com.kms.katalon.core.webui.keyword.builtin.ClickKeyword$_click_closure1.call(ClickKeyword.groovy)
	at com.kms.katalon.core.webui.keyword.internal.WebUIKeywordMain.runKeyword(WebUIKeywordMain.groovy:20)
	at com.kms.katalon.core.webui.keyword.builtin.ClickKeyword.click(ClickKeyword.groovy:74)
	at com.kms.katalon.core.webui.keyword.builtin.ClickKeyword.execute(ClickKeyword.groovy:40)
	at com.kms.katalon.core.keyword.internal.KeywordExecutor.executeKeywordForPlatform(KeywordExecutor.groovy:74)
	at com.kms.katalon.core.webui.keyword.WebUiBuiltInKeywords.click(WebUiBuiltInKeywords.groovy:620)
	at com.kms.katalon.core.webui.keyword.WebUiBuiltInKeywords$click$2.call(Unknown Source)
	at Script1680718890508.run(Script1680718890508.groovy:49)
	... 13 more
)
[[ATTACHMENT|C:\\Users\\natalia.heit\\git\\KtlnNCDWeb\\Reports\\20230411_163619\\02-Cuentas\\Cuentas\\20230411_163623\\1681241887420.png]]

2023-04-11 16:38:07 - [TEST_STEP][PASSED] - Start tear down : fTakeFailScreenshot: Method 'fTakeFailScreenshot' complete successfully

2023-04-11 16:38:07 - [TEST_STEP][PASSED] - pkgUtilities.kwyUtility.fFailStatus("Screenshot/Fails/CTAS01-AccederHomeCuentas.png"): pkgUtilities.kwyUtility.fFailStatus is PASSED

2023-04-11 16:38:08 - [MESSAGE][PASSED] - Taking screenshot successfully
[[ATTACHMENT|C:\\Users\\natalia.heit\\git\\KtlnNCDWeb\\Reports\\20230411_163619\\02-Cuentas\\Cuentas\\20230411_163623\\Screenshot/Fails/CTAS01-AccederHomeCuentas.png]]

2023-04-11 16:38:11 - [MESSAGE][PASSED] - Delayed 3 second(s)

2023-04-11 16:38:12 - [MESSAGE][PASSED] - Browser is closed

2023-04-11 16:38:12 - [MESSAGE][PASSED] - pkgUtilities.kwyUtility.fFailStatus is PASSED

2023-04-11 16:38:12 - [MESSAGE][PASSED] - Method 'fTakeFailScreenshot' complete successfully]]></system-out>
         <system-err><![CDATA[2023-04-11 16:37:07 - [TEST_CASE][FAILED] - Test Cases/03-Cuentas/CTA01-Acceder Home Cuentas POS: Test Cases/03-Cuentas/CTA01-Acceder Home Cuentas POS FAILED.
Reason:
com.kms.katalon.core.exception.StepFailedException: Unable to click on object 'Object Repository/02-Dashboard/lnkDsbInicio'
	at com.kms.katalon.core.webui.keyword.internal.WebUIKeywordMain.stepFailed(WebUIKeywordMain.groovy:64)
	at com.kms.katalon.core.webui.keyword.internal.WebUIKeywordMain.runKeyword(WebUIKeywordMain.groovy:26)
	at com.kms.katalon.core.webui.keyword.builtin.ClickKeyword.click(ClickKeyword.groovy:74)
	at com.kms.katalon.core.webui.keyword.builtin.ClickKeyword.execute(ClickKeyword.groovy:40)
	at com.kms.katalon.core.keyword.internal.KeywordExecutor.executeKeywordForPlatform(KeywordExecutor.groovy:74)
	at com.kms.katalon.core.webui.keyword.WebUiBuiltInKeywords.click(WebUiBuiltInKeywords.groovy:620)
	at com.kms.katalon.core.webui.keyword.WebUiBuiltInKeywords$click$2.call(Unknown Source)
	at CTA01-Acceder Home Cuentas POS.run(CTA01-Acceder Home Cuentas POS:49)
	at com.kms.katalon.core.main.ScriptEngine.run(ScriptEngine.java:194)
	at com.kms.katalon.core.main.ScriptEngine.runScriptAsRawText(ScriptEngine.java:119)
	at com.kms.katalon.core.main.TestCaseExecutor.runScript(TestCaseExecutor.java:448)
	at com.kms.katalon.core.main.TestCaseExecutor.doExecute(TestCaseExecutor.java:439)
	at com.kms.katalon.core.main.TestCaseExecutor.processExecutionPhase(TestCaseExecutor.java:418)
	at com.kms.katalon.core.main.TestCaseExecutor.accessMainPhase(TestCaseExecutor.java:410)
	at com.kms.katalon.core.main.TestCaseExecutor.execute(TestCaseExecutor.java:285)
	at com.kms.katalon.core.common.CommonExecutor.accessTestCaseMainPhase(CommonExecutor.java:65)
	at com.kms.katalon.core.main.TestSuiteExecutor.accessTestSuiteMainPhase(TestSuiteExecutor.java:144)
	at com.kms.katalon.core.main.TestSuiteExecutor.execute(TestSuiteExecutor.java:106)
	at com.kms.katalon.core.main.TestCaseMain.startTestSuite(TestCaseMain.java:185)
	at com.kms.katalon.core.main.TestCaseMain$startTestSuite$0.call(Unknown Source)
	at TempTestSuite1681241783281.run(TempTestSuite1681241783281.groovy:36)
Caused by: com.kms.katalon.core.webui.exception.WebElementNotFoundException: Web element with id: 'Object Repository/02-Dashboard/lnkDsbInicio' located by 'id("frmAccountsLanding_customhamburger_HOMElblAccounts")[count(. | //div[@aria-label = 'Accounts ' and @tabindex = '0' and @id = 'frmAccountsLanding_customhamburger_HOMElblAccounts' and @kwidgettype = 'Label' and @kformname = 'frmAccountsLanding' and @kmasterid = 'customhamburger' and @class = 'cntmiddleleftalign disableSelection sknLblItemMenuSelected' and (text() = 'Inicio' or . = 'Inicio')]) = count(//div[@aria-label = 'Accounts ' and @tabindex = '0' and @id = 'frmAccountsLanding_customhamburger_HOMElblAccounts' and @kwidgettype = 'Label' and @kformname = 'frmAccountsLanding' and @kmasterid = 'customhamburger' and @class = 'cntmiddleleftalign disableSelection sknLblItemMenuSelected' and (text() = 'Inicio' or . = 'Inicio')])]' not found
	at com.kms.katalon.core.webui.common.WebUiCommonHelper.findWebElement(WebUiCommonHelper.java:1370)
	at com.kms.katalon.core.webui.keyword.internal.WebUIAbstractKeyword.findWebElement(WebUIAbstractKeyword.groovy:27)
	at com.kms.katalon.core.webui.keyword.builtin.ClickKeyword$_click_closure1.doCall(ClickKeyword.groovy:65)
	at com.kms.katalon.core.webui.keyword.builtin.ClickKeyword$_click_closure1.call(ClickKeyword.groovy)
	at com.kms.katalon.core.webui.keyword.internal.WebUIKeywordMain.runKeyword(WebUIKeywordMain.groovy:20)
	... 19 more]]></system-err>
      </testcase>
      <testcase name="Test Cases/03-Cuentas/CTA02-Copiar CBU POS" time="24.484" classname="Test Cases/03-Cuentas/CTA02-Copiar CBU POS" status="PASSED">
         <system-out><![CDATA[2023-04-11 16:38:12 - [TEST_CASE][PASSED] - Test Cases/03-Cuentas/CTA02-Copiar CBU POS: Test Cases/03-Cuentas/CTA02-Copiar CBU POS

2023-04-11 16:38:12 - [TEST_STEP][PASSED] - Start listener action : sampleBeforeTestCase: null

2023-04-11 16:38:12 - [TEST_STEP][PASSED] - println(testCaseContext.getTestCaseId()): null

2023-04-11 16:38:12 - [TEST_STEP][PASSED] - println(testCaseContext.getTestCaseVariables()): null

2023-04-11 16:38:12 - [TEST_STEP][PASSED] - if (testCaseContext.getTestCaseId() == "Test Cases/TRF04-Transferencia Terceros Credicoop Dolares POS"): null

2023-04-11 16:38:12 - [TEST_STEP][PASSED] - pkgUtilities.kwyUtility.Server("Internet"): pkgUtilities.kwyUtility.Server is PASSED

2023-04-11 16:38:14 - [MESSAGE][PASSED] - pkgUtilities.kwyUtility.Server is PASSED

2023-04-11 16:38:14 - [TEST_STEP][PASSED] - pkgUtilities.kwyUtility.Login(AdminDNI, AdminClave, AdminUsuario): pkgUtilities.kwyUtility.Login is PASSED

2023-04-11 16:38:14 - [MESSAGE][INFO] - Starting 'Chrome' driver

2023-04-11 16:38:14 - [MESSAGE][INFO] - Action delay is set to 0 milliseconds

2023-04-11 16:38:21 - [MESSAGE][PASSED] - Browser is opened with url: 'https://ncdtesting.bancocredicoop.coop/apps/NCDBC/#_frmLogin'

2023-04-11 16:38:21 - [MESSAGE][PASSED] - Current window maximized

2023-04-11 16:38:21 - [MESSAGE][PASSED] - Object 'Object Repository/01-Login/btnLgnCerrarBanner' is visible

2023-04-11 16:38:22 - [MESSAGE][PASSED] - Object: 'Object Repository/01-Login/btnLgnCerrarBanner' is clicked on

2023-04-11 16:38:23 - [MESSAGE][PASSED] - Text '20144835' is set on object 'Object Repository/01-Login/txtLgnDNI'

2023-04-11 16:38:24 - [MESSAGE][PASSED] - Text 'Testing3' is set on object 'Object Repository/01-Login/txtLgnClave'

2023-04-11 16:38:25 - [MESSAGE][PASSED] - Text 'edie02' is set on object 'Object Repository/01-Login/txtLgnUsuario'

2023-04-11 16:38:25 - [MESSAGE][PASSED] - Object: 'Object Repository/01-Login/btnLgnIngresar' is clicked on

2023-04-11 16:38:25 - [MESSAGE][PASSED] - pkgUtilities.kwyUtility.Login is PASSED

2023-04-11 16:38:25 - [TEST_STEP][PASSED] - verifyElementVisible(findTestObject("Object Repository/03-Cuentas/lnkCtasMenuInicio")): Object 'Object Repository/03-Cuentas/lnkCtasMenuInicio' is visible

2023-04-11 16:38:32 - [MESSAGE][PASSED] - Object 'Object Repository/03-Cuentas/lnkCtasMenuInicio' is visible

2023-04-11 16:38:32 - [TEST_STEP][PASSED] - click(findTestObject("Object Repository/03-Cuentas/lnkCtasMenuInicio")): Object: 'Object Repository/03-Cuentas/lnkCtasMenuInicio' is clicked on

2023-04-11 16:38:33 - [MESSAGE][PASSED] - Object: 'Object Repository/03-Cuentas/lnkCtasMenuInicio' is clicked on

2023-04-11 16:38:33 - [TEST_STEP][PASSED] - click(findTestObject("Object Repository/03-Cuentas/lnkCopiarCBU")): Object: 'Object Repository/03-Cuentas/lnkCopiarCBU' is clicked on

2023-04-11 16:38:33 - [MESSAGE][PASSED] - Object: 'Object Repository/03-Cuentas/lnkCopiarCBU' is clicked on

2023-04-11 16:38:33 - [TEST_STEP][PASSED] - verifyElementVisible(findTestObject("Object Repository/03-Cuentas/lblCtasToastCopiaCBU")): Object 'Object Repository/03-Cuentas/lblCtasToastCopiaCBU' is visible

2023-04-11 16:38:34 - [MESSAGE][PASSED] - Object 'Object Repository/03-Cuentas/lblCtasToastCopiaCBU' is visible

2023-04-11 16:38:34 - [TEST_STEP][PASSED] - Start tear down : fPassScript: Method 'fPassScript' complete successfully

2023-04-11 16:38:34 - [TEST_STEP][PASSED] - pkgUtilities.kwyUtility.fPassStatus(): pkgUtilities.kwyUtility.fPassStatus is PASSED

2023-04-11 16:38:34 - [MESSAGE][PASSED] - Object: 'Object Repository/02-Dashboard/lnkDsbSalir' is clicked on

2023-04-11 16:38:35 - [MESSAGE][PASSED] - Object: 'Object Repository/02-Dashboard/btnSalirMsgConfirmacionAceptar' is clicked on

2023-04-11 16:38:36 - [MESSAGE][PASSED] - Browser is closed

2023-04-11 16:38:36 - [MESSAGE][PASSED] - pkgUtilities.kwyUtility.fPassStatus is PASSED

2023-04-11 16:38:36 - [MESSAGE][PASSED] - Method 'fPassScript' complete successfully]]></system-out>
         <system-err><![CDATA[]]></system-err>
      </testcase>
      <system-out><![CDATA[2023-04-11 16:37:06 - [TEST_SUITE][FAILED] - Cuentas: Test Cases/03-Cuentas/CTA01-Acceder Home Cuentas POS FAILED.
Reason:
com.kms.katalon.core.exception.StepFailedException: Unable to click on object 'Object Repository/02-Dashboard/lnkDsbInicio'
	at com.kms.katalon.core.webui.keyword.internal.WebUIKeywordMain.stepFailed(WebUIKeywordMain.groovy:64)
	at com.kms.katalon.core.webui.keyword.internal.WebUIKeywordMain.runKeyword(WebUIKeywordMain.groovy:26)
	at com.kms.katalon.core.webui.keyword.builtin.ClickKeyword.click(ClickKeyword.groovy:74)
	at com.kms.katalon.core.webui.keyword.builtin.ClickKeyword.execute(ClickKeyword.groovy:40)
	at com.kms.katalon.core.keyword.internal.KeywordExecutor.executeKeywordForPlatform(KeywordExecutor.groovy:74)
	at com.kms.katalon.core.webui.keyword.WebUiBuiltInKeywords.click(WebUiBuiltInKeywords.groovy:620)
	at com.kms.katalon.core.webui.keyword.WebUiBuiltInKeywords$click$2.call(Unknown Source)
	at CTA01-Acceder Home Cuentas POS.run(CTA01-Acceder Home Cuentas POS:49)
	at com.kms.katalon.core.main.ScriptEngine.run(ScriptEngine.java:194)
	at com.kms.katalon.core.main.ScriptEngine.runScriptAsRawText(ScriptEngine.java:119)
	at com.kms.katalon.core.main.TestCaseExecutor.runScript(TestCaseExecutor.java:448)
	at com.kms.katalon.core.main.TestCaseExecutor.doExecute(TestCaseExecutor.java:439)
	at com.kms.katalon.core.main.TestCaseExecutor.processExecutionPhase(TestCaseExecutor.java:418)
	at com.kms.katalon.core.main.TestCaseExecutor.accessMainPhase(TestCaseExecutor.java:410)
	at com.kms.katalon.core.main.TestCaseExecutor.execute(TestCaseExecutor.java:285)
	at com.kms.katalon.core.common.CommonExecutor.accessTestCaseMainPhase(CommonExecutor.java:65)
	at com.kms.katalon.core.main.TestSuiteExecutor.accessTestSuiteMainPhase(TestSuiteExecutor.java:144)
	at com.kms.katalon.core.main.TestSuiteExecutor.execute(TestSuiteExecutor.java:106)
	at com.kms.katalon.core.main.TestCaseMain.startTestSuite(TestCaseMain.java:185)
	at com.kms.katalon.core.main.TestCaseMain$startTestSuite$0.call(Unknown Source)
	at TempTestSuite1681241783281.run(TempTestSuite1681241783281.groovy:36)
Caused by: com.kms.katalon.core.webui.exception.WebElementNotFoundException: Web element with id: 'Object Repository/02-Dashboard/lnkDsbInicio' located by 'id("frmAccountsLanding_customhamburger_HOMElblAccounts")[count(. | //div[@aria-label = 'Accounts ' and @tabindex = '0' and @id = 'frmAccountsLanding_customhamburger_HOMElblAccounts' and @kwidgettype = 'Label' and @kformname = 'frmAccountsLanding' and @kmasterid = 'customhamburger' and @class = 'cntmiddleleftalign disableSelection sknLblItemMenuSelected' and (text() = 'Inicio' or . = 'Inicio')]) = count(//div[@aria-label = 'Accounts ' and @tabindex = '0' and @id = 'frmAccountsLanding_customhamburger_HOMElblAccounts' and @kwidgettype = 'Label' and @kformname = 'frmAccountsLanding' and @kmasterid = 'customhamburger' and @class = 'cntmiddleleftalign disableSelection sknLblItemMenuSelected' and (text() = 'Inicio' or . = 'Inicio')])]' not found
	at com.kms.katalon.core.webui.common.WebUiCommonHelper.findWebElement(WebUiCommonHelper.java:1370)
	at com.kms.katalon.core.webui.keyword.internal.WebUIAbstractKeyword.findWebElement(WebUIAbstractKeyword.groovy:27)
	at com.kms.katalon.core.webui.keyword.builtin.ClickKeyword$_click_closure1.doCall(ClickKeyword.groovy:65)
	at com.kms.katalon.core.webui.keyword.builtin.ClickKeyword$_click_closure1.call(ClickKeyword.groovy)
	at com.kms.katalon.core.webui.keyword.internal.WebUIKeywordMain.runKeyword(WebUIKeywordMain.groovy:20)
	... 19 more]]></system-out>
      <system-err><![CDATA[2023-04-11 16:37:06 - [TEST_SUITE][FAILED] - Cuentas: Test Cases/03-Cuentas/CTA01-Acceder Home Cuentas POS FAILED.
Reason:
com.kms.katalon.core.exception.StepFailedException: Unable to click on object 'Object Repository/02-Dashboard/lnkDsbInicio'
	at com.kms.katalon.core.webui.keyword.internal.WebUIKeywordMain.stepFailed(WebUIKeywordMain.groovy:64)
	at com.kms.katalon.core.webui.keyword.internal.WebUIKeywordMain.runKeyword(WebUIKeywordMain.groovy:26)
	at com.kms.katalon.core.webui.keyword.builtin.ClickKeyword.click(ClickKeyword.groovy:74)
	at com.kms.katalon.core.webui.keyword.builtin.ClickKeyword.execute(ClickKeyword.groovy:40)
	at com.kms.katalon.core.keyword.internal.KeywordExecutor.executeKeywordForPlatform(KeywordExecutor.groovy:74)
	at com.kms.katalon.core.webui.keyword.WebUiBuiltInKeywords.click(WebUiBuiltInKeywords.groovy:620)
	at com.kms.katalon.core.webui.keyword.WebUiBuiltInKeywords$click$2.call(Unknown Source)
	at CTA01-Acceder Home Cuentas POS.run(CTA01-Acceder Home Cuentas POS:49)
	at com.kms.katalon.core.main.ScriptEngine.run(ScriptEngine.java:194)
	at com.kms.katalon.core.main.ScriptEngine.runScriptAsRawText(ScriptEngine.java:119)
	at com.kms.katalon.core.main.TestCaseExecutor.runScript(TestCaseExecutor.java:448)
	at com.kms.katalon.core.main.TestCaseExecutor.doExecute(TestCaseExecutor.java:439)
	at com.kms.katalon.core.main.TestCaseExecutor.processExecutionPhase(TestCaseExecutor.java:418)
	at com.kms.katalon.core.main.TestCaseExecutor.accessMainPhase(TestCaseExecutor.java:410)
	at com.kms.katalon.core.main.TestCaseExecutor.execute(TestCaseExecutor.java:285)
	at com.kms.katalon.core.common.CommonExecutor.accessTestCaseMainPhase(CommonExecutor.java:65)
	at com.kms.katalon.core.main.TestSuiteExecutor.accessTestSuiteMainPhase(TestSuiteExecutor.java:144)
	at com.kms.katalon.core.main.TestSuiteExecutor.execute(TestSuiteExecutor.java:106)
	at com.kms.katalon.core.main.TestCaseMain.startTestSuite(TestCaseMain.java:185)
	at com.kms.katalon.core.main.TestCaseMain$startTestSuite$0.call(Unknown Source)
	at TempTestSuite1681241783281.run(TempTestSuite1681241783281.groovy:36)
Caused by: com.kms.katalon.core.webui.exception.WebElementNotFoundException: Web element with id: 'Object Repository/02-Dashboard/lnkDsbInicio' located by 'id("frmAccountsLanding_customhamburger_HOMElblAccounts")[count(. | //div[@aria-label = 'Accounts ' and @tabindex = '0' and @id = 'frmAccountsLanding_customhamburger_HOMElblAccounts' and @kwidgettype = 'Label' and @kformname = 'frmAccountsLanding' and @kmasterid = 'customhamburger' and @class = 'cntmiddleleftalign disableSelection sknLblItemMenuSelected' and (text() = 'Inicio' or . = 'Inicio')]) = count(//div[@aria-label = 'Accounts ' and @tabindex = '0' and @id = 'frmAccountsLanding_customhamburger_HOMElblAccounts' and @kwidgettype = 'Label' and @kformname = 'frmAccountsLanding' and @kmasterid = 'customhamburger' and @class = 'cntmiddleleftalign disableSelection sknLblItemMenuSelected' and (text() = 'Inicio' or . = 'Inicio')])]' not found
	at com.kms.katalon.core.webui.common.WebUiCommonHelper.findWebElement(WebUiCommonHelper.java:1370)
	at com.kms.katalon.core.webui.keyword.internal.WebUIAbstractKeyword.findWebElement(WebUIAbstractKeyword.groovy:27)
	at com.kms.katalon.core.webui.keyword.builtin.ClickKeyword$_click_closure1.doCall(ClickKeyword.groovy:65)
	at com.kms.katalon.core.webui.keyword.builtin.ClickKeyword$_click_closure1.call(ClickKeyword.groovy)
	at com.kms.katalon.core.webui.keyword.internal.WebUIKeywordMain.runKeyword(WebUIKeywordMain.groovy:20)
	... 19 more]]></system-err>
   </testsuite>
</testsuites>
