<?xml version="1.0" encoding="UTF-8"?>
<testsuites name="TSC01-Regresion" time="467.058" tests="6" failures="1" errors="0">
   <testsuite name="Accesibilidad" tests="1" failures="0" errors="0" time="22.85" skipped="0" timestamp="2023-04-20 12:50:53" hostname="natalia.heit - AR-NB-490.tsoftglobal.com" id="Test Suites/01-Accesibilidad/Accesibilidad">
      <properties>
         <property name="deviceName" value=""/>
         <property name="devicePlatform" value=""/>
         <property name="logFolder" value="C:\\Users\\natalia.heit\\git\\NCD\\Reports\\20230420_125023\\01-Accesibilidad\\Accesibilidad\\20230420_125029"/>
         <property name="logFiles" value="C:\\Users\\natalia.heit\\git\\NCD\\Reports\\20230420_125023\\01-Accesibilidad\\Accesibilidad\\20230420_125029\\execution0.log"/>
         <property name="attachments" value=""/>
         <property name="hostName" value="natalia.heit - AR-NB-490.tsoftglobal.com"/>
         <property name="os" value="Windows 10 64bit"/>
         <property name="katalonVersion" value="8.4.1.208"/>
         <property name="browser" value="Chrome 112.0.0.0"/>
         <property name="hostAddress" value="172.29.16.1"/>
         <property name="sessionId" value="647917e3745803bd77b1ffa5f5058b83"/>
         <property name="seleniumVersion" value="3.141.59"/>
         <property name="proxyInformation" value="ProxyInformation { proxyOption=NO_PROXY, proxyServerType=HTTP, username=, password=********, proxyServerAddress=, proxyServerPort=0, executionList=&quot;&quot;, isApplyToDesiredCapabilities=true }"/>
         <property name="platform" value="Windows 10"/>
      </properties>
      <testcase name="Test Cases/01-Login/LGN01-Login happy case" time="22.53" classname="Test Cases/01-Login/LGN01-Login happy case" status="PASSED">
         <system-out><![CDATA[2023-04-20 12:50:54 - [TEST_CASE][PASSED] - Test Cases/01-Login/LGN01-Login happy case: Test Cases/01-Login/LGN01-Login happy case

2023-04-20 12:50:54 - [TEST_STEP][PASSED] - pkgUtilities.kwyUtility.Server("Internet"): pkgUtilities.kwyUtility.Server is PASSED

2023-04-20 12:50:57 - [MESSAGE][PASSED] - pkgUtilities.kwyUtility.Server is PASSED

2023-04-20 12:50:57 - [TEST_STEP][PASSED] - vDNI = findTestData("02-Usuarios/SetUsers-FF").getValue(3, 1): null

2023-04-20 12:50:57 - [TEST_STEP][PASSED] - vClave = findTestData("02-Usuarios/SetUsers-FF").getValue(5, 1): null

2023-04-20 12:50:57 - [TEST_STEP][PASSED] - vUsuario = findTestData("02-Usuarios/SetUsers-FF").getValue(4, 1): null

2023-04-20 12:50:57 - [TEST_STEP][PASSED] - openBrowser(ServerUsado): Browser is opened with url: 'https://ncdtesting.bancocredicoop.coop/apps/NCDBC/#_frmLogin'

2023-04-20 12:50:58 - [MESSAGE][INFO] - Starting 'Chrome' driver

2023-04-20 12:50:58 - [MESSAGE][INFO] - Action delay is set to 0 milliseconds

2023-04-20 12:51:04 - [MESSAGE][PASSED] - Browser is opened with url: 'https://ncdtesting.bancocredicoop.coop/apps/NCDBC/#_frmLogin'

2023-04-20 12:51:04 - [TEST_STEP][PASSED] - maximizeWindow(): Current window maximized

2023-04-20 12:51:04 - [MESSAGE][PASSED] - Current window maximized

2023-04-20 12:51:04 - [TEST_STEP][PASSED] - click(findTestObject("Object Repository/01-Login/btnLgnCerrarBanner")): Object: 'Object Repository/01-Login/btnLgnCerrarBanner' is clicked on

2023-04-20 12:51:05 - [MESSAGE][PASSED] - Object: 'Object Repository/01-Login/btnLgnCerrarBanner' is clicked on

2023-04-20 12:51:05 - [TEST_STEP][PASSED] - setText(findTestObject("Object Repository/01-Login/txtLgnDNI"), vDNI): Text '20144835' is set on object 'Object Repository/01-Login/txtLgnDNI'

2023-04-20 12:51:06 - [MESSAGE][PASSED] - Text '20144835' is set on object 'Object Repository/01-Login/txtLgnDNI'

2023-04-20 12:51:06 - [TEST_STEP][PASSED] - setText(findTestObject("Object Repository/01-Login/txtLgnClave"), vClave): Text 'Testing3' is set on object 'Object Repository/01-Login/txtLgnClave'

2023-04-20 12:51:07 - [MESSAGE][PASSED] - Text 'Testing3' is set on object 'Object Repository/01-Login/txtLgnClave'

2023-04-20 12:51:07 - [TEST_STEP][PASSED] - setText(findTestObject("Object Repository/01-Login/txtLgnUsuario"), vUsuario): Text 'edie02' is set on object 'Object Repository/01-Login/txtLgnUsuario'

2023-04-20 12:51:08 - [MESSAGE][PASSED] - Text 'edie02' is set on object 'Object Repository/01-Login/txtLgnUsuario'

2023-04-20 12:51:08 - [TEST_STEP][PASSED] - click(findTestObject("Object Repository/01-Login/btnLgnIngresar")): Object: 'Object Repository/01-Login/btnLgnIngresar' is clicked on

2023-04-20 12:51:08 - [MESSAGE][PASSED] - Object: 'Object Repository/01-Login/btnLgnIngresar' is clicked on

2023-04-20 12:51:08 - [TEST_STEP][PASSED] - click(findTestObject("Object Repository/02-Dashboard/icoDsbSalir")): Object: 'Object Repository/02-Dashboard/icoDsbSalir' is clicked on

2023-04-20 12:51:15 - [MESSAGE][PASSED] - Object: 'Object Repository/02-Dashboard/icoDsbSalir' is clicked on

2023-04-20 12:51:15 - [TEST_STEP][PASSED] - Start tear down : fPassScript: Method 'fPassScript' complete successfully

2023-04-20 12:51:15 - [TEST_STEP][PASSED] - pkgUtilities.kwyUtility.fLoginPassStatus(): pkgUtilities.kwyUtility.fLoginPassStatus is PASSED

2023-04-20 12:51:16 - [MESSAGE][PASSED] - Browser is closed

2023-04-20 12:51:16 - [MESSAGE][PASSED] - pkgUtilities.kwyUtility.fLoginPassStatus is PASSED

2023-04-20 12:51:16 - [MESSAGE][PASSED] - Method 'fPassScript' complete successfully]]></system-out>
         <system-err><![CDATA[]]></system-err>
      </testcase>
      <system-out><![CDATA[2023-04-20 12:50:53 - [TEST_SUITE][PASSED] - Accesibilidad: Test Cases/01-Login/LGN01-Login happy case]]></system-out>
      <system-err><![CDATA[]]></system-err>
   </testsuite>
   <testsuite name="Cuentas" tests="2" failures="1" errors="0" time="64.871" skipped="0" timestamp="2023-04-20 12:51:31" hostname="natalia.heit - AR-NB-490.tsoftglobal.com" id="Test Suites/02-Cuentas/Cuentas">
      <properties>
         <property name="deviceName" value=""/>
         <property name="devicePlatform" value=""/>
         <property name="logFolder" value="C:\\Users\\natalia.heit\\git\\NCD\\Reports\\20230420_125023\\02-Cuentas\\Cuentas\\20230420_125034"/>
         <property name="logFiles" value="C:\\Users\\natalia.heit\\git\\NCD\\Reports\\20230420_125023\\02-Cuentas\\Cuentas\\20230420_125034\\execution0.log"/>
         <property name="attachments" value="C:\\Users\\natalia.heit\\git\\NCD\\Reports\\20230420_125023\\02-Cuentas\\Cuentas\\20230420_125034\\1682005930474.png, C:\\Users\\natalia.heit\\git\\NCD\\Reports\\20230420_125023\\02-Cuentas\\Cuentas\\20230420_125034\\1682005930582.png, C:\\Users\\natalia.heit\\git\\NCD\\Reports\\20230420_125023\\02-Cuentas\\Cuentas\\20230420_125034\\Screenshot/Fails/CTAS01-AccederHomeCuentas.png"/>
         <property name="hostName" value="natalia.heit - AR-NB-490.tsoftglobal.com"/>
         <property name="os" value="Windows 10 64bit"/>
         <property name="katalonVersion" value="8.4.1.208"/>
         <property name="browser" value="Chrome 112.0.0.0"/>
         <property name="hostAddress" value="172.29.16.1"/>
         <property name="sessionId" value="9733d1cc697d7103c8bef821e2bfb721"/>
         <property name="seleniumVersion" value="3.141.59"/>
         <property name="proxyInformation" value="ProxyInformation { proxyOption=NO_PROXY, proxyServerType=HTTP, username=, password=********, proxyServerAddress=, proxyServerPort=0, executionList=&quot;&quot;, isApplyToDesiredCapabilities=true }"/>
         <property name="platform" value="Windows 10"/>
      </properties>
      <testcase name="Test Cases/03-Cuentas/CTA01-Acceder Home Cuentas POS" time="43.345" classname="Test Cases/03-Cuentas/CTA01-Acceder Home Cuentas POS" status="FAILED">
         <failure type="FAILED" message="Test Cases/03-Cuentas/CTA01-Acceder Home Cuentas POS FAILED.
Reason:
com.kms.katalon.core.exception.StepFailedException: Unable to verify object 'Object Repository/01-Login/btnLgnCerrarBanner' is visible
	at com.kms.katalon.core.webui.keyword.internal.WebUIKeywordMain.stepFailed(WebUIKeywordMain.groovy:64)
	at com.kms.katalon.core.webui.keyword.internal.WebUIKeywordMain.runKeyword(WebUIKeywordMain.groovy:26)
	at com.kms.katalon.core.webui.keyword.builtin.VerifyElementVisibleKeyword.verifyElementVisible(VerifyElementVisibleKeyword.groovy:97)
	at com.kms.katalon.core.webui.keyword.builtin.VerifyElementVisibleKeyword.execute(VerifyElementVisibleKeyword.groovy:67)
	at com.kms.katalon.core.keyword.internal.KeywordExecutor.executeKeywordForPlatform(KeywordExecutor.groovy:74)
	at com.kms.katalon.core.webui.keyword.WebUiBuiltInKeywords.verifyElementVisible(WebUiBuiltInKeywords.groovy:376)
	at com.kms.katalon.core.webui.keyword.WebUiBuiltInKeywords$verifyElementVisible$1.call(Unknown Source)
	at pkgUtilities.kwyUtility.Login(kwyUtility.groovy:189)
	at pkgUtilities.kwyUtility.invokeMethod(kwyUtility.groovy)
	at com.kms.katalon.core.main.CustomKeywordDelegatingMetaClass.invokeStaticMethod(CustomKeywordDelegatingMetaClass.java:55)
	at CTA01-Acceder Home Cuentas POS.run(CTA01-Acceder Home Cuentas POS:29)
	at com.kms.katalon.core.main.ScriptEngine.run(ScriptEngine.java:194)
	at com.kms.katalon.core.main.ScriptEngine.runScriptAsRawText(ScriptEngine.java:119)
	at com.kms.katalon.core.main.TestCaseExecutor.runScript(TestCaseExecutor.java:448)
	at com.kms.katalon.core.main.TestCaseExecutor.doExecute(TestCaseExecutor.java:439)
	at com.kms.katalon.core.main.TestCaseExecutor.processExecutionPhase(TestCaseExecutor.java:418)
	at com.kms.katalon.core.main.TestCaseExecutor.accessMainPhase(TestCaseExecutor.java:410)
	at com.kms.katalon.core.main.TestCaseExecutor.execute(TestCaseExecutor.java:285)
	at com.kms.katalon.core.common.CommonExecutor.accessTestCaseMainPhase(CommonExecutor.java:65)
	at com.kms.katalon.core.main.TestSuiteExecutor.accessTestSuiteMainPhase(TestSuiteExecutor.java:144)
	at com.kms.katalon.core.main.TestSuiteExecutor.execute(TestSuiteExecutor.java:106)
	at com.kms.katalon.core.main.TestCaseMain.startTestSuite(TestCaseMain.java:185)
	at com.kms.katalon.core.main.TestCaseMain$startTestSuite$0.call(Unknown Source)
	at TempTestSuite1682005834267.run(TempTestSuite1682005834267.groovy:36)
Caused by: com.kms.katalon.core.exception.StepFailedException: Web element with id: 'Object Repository/01-Login/btnLgnCerrarBanner' located by '//input[@id='frmLogin_InformativeModal_CancelAcceptButtons_AcceptButton_btnCommon']' not found
	at com.kms.katalon.core.webui.keyword.internal.WebUIKeywordMain.stepFailed(WebUIKeywordMain.groovy:64)
	at com.kms.katalon.core.webui.keyword.builtin.VerifyElementVisibleKeyword$_verifyElementVisible_closure1.doCall(VerifyElementVisibleKeyword.groovy:89)
	at com.kms.katalon.core.webui.keyword.builtin.VerifyElementVisibleKeyword$_verifyElementVisible_closure1.call(VerifyElementVisibleKeyword.groovy)
	at com.kms.katalon.core.webui.keyword.internal.WebUIKeywordMain.runKeyword(WebUIKeywordMain.groovy:20)
	... 22 more
"/>
         <system-out><![CDATA[2023-04-20 12:51:31 - [TEST_CASE][FAILED] - Test Cases/03-Cuentas/CTA01-Acceder Home Cuentas POS: Test Cases/03-Cuentas/CTA01-Acceder Home Cuentas POS FAILED.
Reason:
com.kms.katalon.core.exception.StepFailedException: Unable to verify object 'Object Repository/01-Login/btnLgnCerrarBanner' is visible
	at com.kms.katalon.core.webui.keyword.internal.WebUIKeywordMain.stepFailed(WebUIKeywordMain.groovy:64)
	at com.kms.katalon.core.webui.keyword.internal.WebUIKeywordMain.runKeyword(WebUIKeywordMain.groovy:26)
	at com.kms.katalon.core.webui.keyword.builtin.VerifyElementVisibleKeyword.verifyElementVisible(VerifyElementVisibleKeyword.groovy:97)
	at com.kms.katalon.core.webui.keyword.builtin.VerifyElementVisibleKeyword.execute(VerifyElementVisibleKeyword.groovy:67)
	at com.kms.katalon.core.keyword.internal.KeywordExecutor.executeKeywordForPlatform(KeywordExecutor.groovy:74)
	at com.kms.katalon.core.webui.keyword.WebUiBuiltInKeywords.verifyElementVisible(WebUiBuiltInKeywords.groovy:376)
	at com.kms.katalon.core.webui.keyword.WebUiBuiltInKeywords$verifyElementVisible$1.call(Unknown Source)
	at pkgUtilities.kwyUtility.Login(kwyUtility.groovy:189)
	at pkgUtilities.kwyUtility.invokeMethod(kwyUtility.groovy)
	at com.kms.katalon.core.main.CustomKeywordDelegatingMetaClass.invokeStaticMethod(CustomKeywordDelegatingMetaClass.java:55)
	at CTA01-Acceder Home Cuentas POS.run(CTA01-Acceder Home Cuentas POS:29)
	at com.kms.katalon.core.main.ScriptEngine.run(ScriptEngine.java:194)
	at com.kms.katalon.core.main.ScriptEngine.runScriptAsRawText(ScriptEngine.java:119)
	at com.kms.katalon.core.main.TestCaseExecutor.runScript(TestCaseExecutor.java:448)
	at com.kms.katalon.core.main.TestCaseExecutor.doExecute(TestCaseExecutor.java:439)
	at com.kms.katalon.core.main.TestCaseExecutor.processExecutionPhase(TestCaseExecutor.java:418)
	at com.kms.katalon.core.main.TestCaseExecutor.accessMainPhase(TestCaseExecutor.java:410)
	at com.kms.katalon.core.main.TestCaseExecutor.execute(TestCaseExecutor.java:285)
	at com.kms.katalon.core.common.CommonExecutor.accessTestCaseMainPhase(CommonExecutor.java:65)
	at com.kms.katalon.core.main.TestSuiteExecutor.accessTestSuiteMainPhase(TestSuiteExecutor.java:144)
	at com.kms.katalon.core.main.TestSuiteExecutor.execute(TestSuiteExecutor.java:106)
	at com.kms.katalon.core.main.TestCaseMain.startTestSuite(TestCaseMain.java:185)
	at com.kms.katalon.core.main.TestCaseMain$startTestSuite$0.call(Unknown Source)
	at TempTestSuite1682005834267.run(TempTestSuite1682005834267.groovy:36)
Caused by: com.kms.katalon.core.exception.StepFailedException: Web element with id: 'Object Repository/01-Login/btnLgnCerrarBanner' located by '//input[@id='frmLogin_InformativeModal_CancelAcceptButtons_AcceptButton_btnCommon']' not found
	at com.kms.katalon.core.webui.keyword.internal.WebUIKeywordMain.stepFailed(WebUIKeywordMain.groovy:64)
	at com.kms.katalon.core.webui.keyword.builtin.VerifyElementVisibleKeyword$_verifyElementVisible_closure1.doCall(VerifyElementVisibleKeyword.groovy:89)
	at com.kms.katalon.core.webui.keyword.builtin.VerifyElementVisibleKeyword$_verifyElementVisible_closure1.call(VerifyElementVisibleKeyword.groovy)
	at com.kms.katalon.core.webui.keyword.internal.WebUIKeywordMain.runKeyword(WebUIKeywordMain.groovy:20)
	... 22 more


2023-04-20 12:51:31 - [TEST_STEP][PASSED] - vCuenta = findTestData("05-Labels/Labels").getValue(2, 2): null

2023-04-20 12:51:32 - [TEST_STEP][PASSED] - vFavorita = findTestData("05-Labels/Labels").getValue(2, 3): null

2023-04-20 12:51:32 - [TEST_STEP][PASSED] - vMoneda = findTestData("05-Labels/Labels").getValue(2, 4): null

2023-04-20 12:51:32 - [TEST_STEP][PASSED] - vSaldo = findTestData("05-Labels/Labels").getValue(2, 5): null

2023-04-20 12:51:32 - [TEST_STEP][FAILED] - pkgUtilities.kwyUtility.Login(AdminDNI, AdminClave, AdminUsuario): Unable to verify object 'Object Repository/01-Login/btnLgnCerrarBanner' is visible

2023-04-20 12:51:33 - [MESSAGE][INFO] - Starting 'Chrome' driver

2023-04-20 12:51:33 - [MESSAGE][INFO] - Action delay is set to 0 milliseconds

2023-04-20 12:51:36 - [MESSAGE][PASSED] - Browser is opened with url: ''

2023-04-20 12:51:36 - [MESSAGE][PASSED] - Current window maximized

2023-04-20 12:52:07 - [MESSAGE][INFO] - Unable to find the element located by 'By.xpath: //input[@id='frmLogin_InformativeModal_CancelAcceptButtons_AcceptButton_btnCommon']'. Please recheck the objects properties to make sure the desired element is located. 

2023-04-20 12:52:07 - [MESSAGE][WARNING] - [SELF-HEALING] Failed to find element with id 'Object Repository/01-Login/btnLgnCerrarBanner'. Try using Self-healing.

2023-04-20 12:52:07 - [MESSAGE][INFO] - [SELF-HEALING] Failed Locator: '//input[@id='frmLogin_InformativeModal_CancelAcceptButtons_AcceptButton_btnCommon']'.

2023-04-20 12:52:07 - [MESSAGE][INFO] - [SELF-HEALING] Failed Locator: '//div[@id='frmLogin_InformativeModal_CancelAcceptButtons_AcceptButton']/div/input'.

2023-04-20 12:52:07 - [MESSAGE][INFO] - [SELF-HEALING] Failed Locator: '//div[3]/div/div/div[3]/div/div/div/div/div/div[2]/div/div/div/input'.

2023-04-20 12:52:07 - [MESSAGE][INFO] - [SELF-HEALING] Failed Locator: '//input[@id = 'frmLogin_InformativeModal_CancelAcceptButtons_AcceptButton_btnCommon' and @type = 'button']'.

2023-04-20 12:52:07 - [MESSAGE][INFO] - [SELF-HEALING] Failed Locator: '//input[@id='frmLogin_InformativeModal_CancelAcceptButtons_AcceptButton_btnCommon']'.

2023-04-20 12:52:07 - [MESSAGE][INFO] - [SELF-HEALING] Failed Locator: '//div[@id='frmLogin_InformativeModal_CancelAcceptButtons_AcceptButton']/div/input'.

2023-04-20 12:52:07 - [MESSAGE][INFO] - [SELF-HEALING] Failed Locator: '//div[3]/div/div/div[3]/div/div/div/div/div/div[2]/div/div/div/input'.

2023-04-20 12:52:07 - [MESSAGE][INFO] - [SELF-HEALING] Failed Locator: '//input[@id = 'frmLogin_InformativeModal_CancelAcceptButtons_AcceptButton_btnCommon' and @type = 'button']'.

2023-04-20 12:52:07 - [MESSAGE][INFO] - [SELF-HEALING] Failed Locator: '//input[@id='frmLogin_InformativeModal_CancelAcceptButtons_AcceptButton_btnCommon']'.

2023-04-20 12:52:07 - [MESSAGE][INFO] - [SELF-HEALING] Failed Locator: '//div[@id='frmLogin_InformativeModal_CancelAcceptButtons_AcceptButton']/div/input'.

2023-04-20 12:52:07 - [MESSAGE][INFO] - [SELF-HEALING] Failed Locator: '//div[3]/div/div/div[3]/div/div/div/div/div/div[2]/div/div/div/input'.

2023-04-20 12:52:07 - [MESSAGE][INFO] - [SELF-HEALING] Failed Locator: '//input[@id = 'frmLogin_InformativeModal_CancelAcceptButtons_AcceptButton_btnCommon' and @type = 'button']'.

2023-04-20 12:52:07 - [MESSAGE][INFO] - [SELF-HEALING] Failed Locator: '//input[@id='frmLogin_InformativeModal_CancelAcceptButtons_AcceptButton_btnCommon']'.

2023-04-20 12:52:07 - [MESSAGE][INFO] - [SELF-HEALING] Failed Locator: '//div[@id='frmLogin_InformativeModal_CancelAcceptButtons_AcceptButton']/div/input'.

2023-04-20 12:52:07 - [MESSAGE][INFO] - [SELF-HEALING] Failed Locator: '//div[3]/div/div/div[3]/div/div/div/div/div/div[2]/div/div/div/input'.

2023-04-20 12:52:07 - [MESSAGE][INFO] - [SELF-HEALING] Failed Locator: '//input[@id = 'frmLogin_InformativeModal_CancelAcceptButtons_AcceptButton_btnCommon' and @type = 'button']'.

2023-04-20 12:52:07 - [MESSAGE][INFO] - [SELF-HEALING] Failed Locator: '//input[@id='frmLogin_InformativeModal_CancelAcceptButtons_AcceptButton_btnCommon']'.

2023-04-20 12:52:07 - [MESSAGE][INFO] - [SELF-HEALING] Failed Locator: '//div[@id='frmLogin_InformativeModal_CancelAcceptButtons_AcceptButton']/div/input'.

2023-04-20 12:52:07 - [MESSAGE][INFO] - [SELF-HEALING] Failed Locator: '//div[3]/div/div/div[3]/div/div/div/div/div/div[2]/div/div/div/input'.

2023-04-20 12:52:07 - [MESSAGE][INFO] - [SELF-HEALING] Failed Locator: '//input[@id = 'frmLogin_InformativeModal_CancelAcceptButtons_AcceptButton_btnCommon' and @type = 'button']'.

2023-04-20 12:52:07 - [MESSAGE][INFO] - [SELF-HEALING] Failed Locator: '//input[@id='frmLogin_InformativeModal_CancelAcceptButtons_AcceptButton_btnCommon']'.

2023-04-20 12:52:07 - [MESSAGE][INFO] - [SELF-HEALING] Failed Locator: '//div[@id='frmLogin_InformativeModal_CancelAcceptButtons_AcceptButton']/div/input'.

2023-04-20 12:52:08 - [MESSAGE][INFO] - [SELF-HEALING] Failed Locator: '//div[3]/div/div/div[3]/div/div/div/div/div/div[2]/div/div/div/input'.

2023-04-20 12:52:08 - [MESSAGE][INFO] - [SELF-HEALING] Failed Locator: '//input[@id = 'frmLogin_InformativeModal_CancelAcceptButtons_AcceptButton_btnCommon' and @type = 'button']'.

2023-04-20 12:52:08 - [MESSAGE][INFO] - [SELF-HEALING] Failed Locator: '//input[@id='frmLogin_InformativeModal_CancelAcceptButtons_AcceptButton_btnCommon']'.

2023-04-20 12:52:08 - [MESSAGE][INFO] - [SELF-HEALING] Failed Locator: '//div[@id='frmLogin_InformativeModal_CancelAcceptButtons_AcceptButton']/div/input'.

2023-04-20 12:52:08 - [MESSAGE][INFO] - [SELF-HEALING] Failed Locator: '//div[3]/div/div/div[3]/div/div/div/div/div/div[2]/div/div/div/input'.

2023-04-20 12:52:08 - [MESSAGE][INFO] - [SELF-HEALING] Failed Locator: '//input[@id = 'frmLogin_InformativeModal_CancelAcceptButtons_AcceptButton_btnCommon' and @type = 'button']'.

2023-04-20 12:52:08 - [MESSAGE][INFO] - [SELF-HEALING] Failed Locator: '//input[@id='frmLogin_InformativeModal_CancelAcceptButtons_AcceptButton_btnCommon']'.

2023-04-20 12:52:08 - [MESSAGE][INFO] - [SELF-HEALING] Failed Locator: '//div[@id='frmLogin_InformativeModal_CancelAcceptButtons_AcceptButton']/div/input'.

2023-04-20 12:52:08 - [MESSAGE][INFO] - [SELF-HEALING] Failed Locator: '//div[3]/div/div/div[3]/div/div/div/div/div/div[2]/div/div/div/input'.

2023-04-20 12:52:08 - [MESSAGE][INFO] - [SELF-HEALING] Failed Locator: '//input[@id = 'frmLogin_InformativeModal_CancelAcceptButtons_AcceptButton_btnCommon' and @type = 'button']'.

2023-04-20 12:52:08 - [MESSAGE][INFO] - [SELF-HEALING] Failed Locator: '//input[@id='frmLogin_InformativeModal_CancelAcceptButtons_AcceptButton_btnCommon']'.

2023-04-20 12:52:08 - [MESSAGE][INFO] - [SELF-HEALING] Failed Locator: '//div[@id='frmLogin_InformativeModal_CancelAcceptButtons_AcceptButton']/div/input'.

2023-04-20 12:52:08 - [MESSAGE][INFO] - [SELF-HEALING] Failed Locator: '//div[3]/div/div/div[3]/div/div/div/div/div/div[2]/div/div/div/input'.

2023-04-20 12:52:08 - [MESSAGE][INFO] - [SELF-HEALING] Failed Locator: '//input[@id = 'frmLogin_InformativeModal_CancelAcceptButtons_AcceptButton_btnCommon' and @type = 'button']'.

2023-04-20 12:52:09 - [MESSAGE][INFO] - Unable to find the element located by 'By.xpath: //*[@id = 'frmLogin_InformativeModal_CancelAcceptButtons_AcceptButton_btnCommon' and @type = 'button']'. Please recheck the objects properties to make sure the desired element is located. 

2023-04-20 12:52:10 - [MESSAGE][INFO] - Unable to find the element located by 'By.cssSelector: #frmLogin_InformativeModal_CancelAcceptButtons_AcceptButton_btnCommon'. Please recheck the objects properties to make sure the desired element is located. 

2023-04-20 12:52:10 - [MESSAGE][FAILED] - Web element with id: 'Object Repository/01-Login/btnLgnCerrarBanner' located by '//input[@id='frmLogin_InformativeModal_CancelAcceptButtons_AcceptButton_btnCommon']' not found (Root cause: com.kms.katalon.core.exception.StepFailedException: Web element with id: 'Object Repository/01-Login/btnLgnCerrarBanner' located by '//input[@id='frmLogin_InformativeModal_CancelAcceptButtons_AcceptButton_btnCommon']' not found
	at com.kms.katalon.core.webui.keyword.internal.WebUIKeywordMain.stepFailed(WebUIKeywordMain.groovy:64)
	at com.kms.katalon.core.webui.keyword.builtin.VerifyElementVisibleKeyword$_verifyElementVisible_closure1.doCall(VerifyElementVisibleKeyword.groovy:89)
	at com.kms.katalon.core.webui.keyword.builtin.VerifyElementVisibleKeyword$_verifyElementVisible_closure1.call(VerifyElementVisibleKeyword.groovy)
	at com.kms.katalon.core.webui.keyword.internal.WebUIKeywordMain.runKeyword(WebUIKeywordMain.groovy:20)
	at com.kms.katalon.core.webui.keyword.builtin.VerifyElementVisibleKeyword.verifyElementVisible(VerifyElementVisibleKeyword.groovy:97)
	at com.kms.katalon.core.webui.keyword.builtin.VerifyElementVisibleKeyword.execute(VerifyElementVisibleKeyword.groovy:67)
	at com.kms.katalon.core.keyword.internal.KeywordExecutor.executeKeywordForPlatform(KeywordExecutor.groovy:74)
	at com.kms.katalon.core.webui.keyword.WebUiBuiltInKeywords.verifyElementVisible(WebUiBuiltInKeywords.groovy:376)
	at com.kms.katalon.core.webui.keyword.WebUiBuiltInKeywords$verifyElementVisible$1.call(Unknown Source)
	at pkgUtilities.kwyUtility.Login(kwyUtility.groovy:189)
	at pkgUtilities.kwyUtility.invokeMethod(kwyUtility.groovy)
	at com.kms.katalon.core.main.CustomKeywordDelegatingMetaClass.invokeStaticMethod(CustomKeywordDelegatingMetaClass.java:55)
	at CTA01-Acceder Home Cuentas POS.run(CTA01-Acceder Home Cuentas POS:29)
	at com.kms.katalon.core.main.ScriptEngine.run(ScriptEngine.java:194)
	at com.kms.katalon.core.main.ScriptEngine.runScriptAsRawText(ScriptEngine.java:119)
	at com.kms.katalon.core.main.TestCaseExecutor.runScript(TestCaseExecutor.java:448)
	at com.kms.katalon.core.main.TestCaseExecutor.doExecute(TestCaseExecutor.java:439)
	at com.kms.katalon.core.main.TestCaseExecutor.processExecutionPhase(TestCaseExecutor.java:418)
	at com.kms.katalon.core.main.TestCaseExecutor.accessMainPhase(TestCaseExecutor.java:410)
	at com.kms.katalon.core.main.TestCaseExecutor.execute(TestCaseExecutor.java:285)
	at com.kms.katalon.core.common.CommonExecutor.accessTestCaseMainPhase(CommonExecutor.java:65)
	at com.kms.katalon.core.main.TestSuiteExecutor.accessTestSuiteMainPhase(TestSuiteExecutor.java:144)
	at com.kms.katalon.core.main.TestSuiteExecutor.execute(TestSuiteExecutor.java:106)
	at com.kms.katalon.core.main.TestCaseMain.startTestSuite(TestCaseMain.java:185)
	at com.kms.katalon.core.main.TestCaseMain$startTestSuite$0.call(Unknown Source)
	at TempTestSuite1682005834267.run(TempTestSuite1682005834267.groovy:36)
)
[[ATTACHMENT|C:\\Users\\natalia.heit\\git\\NCD\\Reports\\20230420_125023\\02-Cuentas\\Cuentas\\20230420_125034\\1682005930474.png]]

2023-04-20 12:52:10 - [MESSAGE][FAILED] - Unable to verify object 'Object Repository/01-Login/btnLgnCerrarBanner' is visible (Root cause: com.kms.katalon.core.exception.StepFailedException: Unable to verify object 'Object Repository/01-Login/btnLgnCerrarBanner' is visible
	at com.kms.katalon.core.webui.keyword.internal.WebUIKeywordMain.stepFailed(WebUIKeywordMain.groovy:64)
	at com.kms.katalon.core.webui.keyword.internal.WebUIKeywordMain.runKeyword(WebUIKeywordMain.groovy:26)
	at com.kms.katalon.core.webui.keyword.builtin.VerifyElementVisibleKeyword.verifyElementVisible(VerifyElementVisibleKeyword.groovy:97)
	at com.kms.katalon.core.webui.keyword.builtin.VerifyElementVisibleKeyword.execute(VerifyElementVisibleKeyword.groovy:67)
	at com.kms.katalon.core.keyword.internal.KeywordExecutor.executeKeywordForPlatform(KeywordExecutor.groovy:74)
	at com.kms.katalon.core.webui.keyword.WebUiBuiltInKeywords.verifyElementVisible(WebUiBuiltInKeywords.groovy:376)
	at com.kms.katalon.core.webui.keyword.WebUiBuiltInKeywords$verifyElementVisible$1.call(Unknown Source)
	at pkgUtilities.kwyUtility.Login(kwyUtility.groovy:189)
	at pkgUtilities.kwyUtility.invokeMethod(kwyUtility.groovy)
	at com.kms.katalon.core.main.CustomKeywordDelegatingMetaClass.invokeStaticMethod(CustomKeywordDelegatingMetaClass.java:55)
	at CTA01-Acceder Home Cuentas POS.run(CTA01-Acceder Home Cuentas POS:29)
	at com.kms.katalon.core.main.ScriptEngine.run(ScriptEngine.java:194)
	at com.kms.katalon.core.main.ScriptEngine.runScriptAsRawText(ScriptEngine.java:119)
	at com.kms.katalon.core.main.TestCaseExecutor.runScript(TestCaseExecutor.java:448)
	at com.kms.katalon.core.main.TestCaseExecutor.doExecute(TestCaseExecutor.java:439)
	at com.kms.katalon.core.main.TestCaseExecutor.processExecutionPhase(TestCaseExecutor.java:418)
	at com.kms.katalon.core.main.TestCaseExecutor.accessMainPhase(TestCaseExecutor.java:410)
	at com.kms.katalon.core.main.TestCaseExecutor.execute(TestCaseExecutor.java:285)
	at com.kms.katalon.core.common.CommonExecutor.accessTestCaseMainPhase(CommonExecutor.java:65)
	at com.kms.katalon.core.main.TestSuiteExecutor.accessTestSuiteMainPhase(TestSuiteExecutor.java:144)
	at com.kms.katalon.core.main.TestSuiteExecutor.execute(TestSuiteExecutor.java:106)
	at com.kms.katalon.core.main.TestCaseMain.startTestSuite(TestCaseMain.java:185)
	at com.kms.katalon.core.main.TestCaseMain$startTestSuite$0.call(Unknown Source)
	at TempTestSuite1682005834267.run(TempTestSuite1682005834267.groovy:36)
Caused by: com.kms.katalon.core.exception.StepFailedException: Web element with id: 'Object Repository/01-Login/btnLgnCerrarBanner' located by '//input[@id='frmLogin_InformativeModal_CancelAcceptButtons_AcceptButton_btnCommon']' not found
	at com.kms.katalon.core.webui.keyword.internal.WebUIKeywordMain.stepFailed(WebUIKeywordMain.groovy:64)
	at com.kms.katalon.core.webui.keyword.builtin.VerifyElementVisibleKeyword$_verifyElementVisible_closure1.doCall(VerifyElementVisibleKeyword.groovy:89)
	at com.kms.katalon.core.webui.keyword.builtin.VerifyElementVisibleKeyword$_verifyElementVisible_closure1.call(VerifyElementVisibleKeyword.groovy)
	at com.kms.katalon.core.webui.keyword.internal.WebUIKeywordMain.runKeyword(WebUIKeywordMain.groovy:20)
	... 22 more
)
[[ATTACHMENT|C:\\Users\\natalia.heit\\git\\NCD\\Reports\\20230420_125023\\02-Cuentas\\Cuentas\\20230420_125034\\1682005930582.png]]

2023-04-20 12:52:10 - [MESSAGE][FAILED] - Unable to verify object 'Object Repository/01-Login/btnLgnCerrarBanner' is visible

2023-04-20 12:52:10 - [TEST_STEP][PASSED] - Start tear down : fTakeFailScreenshot: Method 'fTakeFailScreenshot' complete successfully

2023-04-20 12:52:10 - [TEST_STEP][PASSED] - pkgUtilities.kwyUtility.fFailStatus("Screenshot/Fails/CTAS01-AccederHomeCuentas.png"): pkgUtilities.kwyUtility.fFailStatus is PASSED

2023-04-20 12:52:10 - [MESSAGE][PASSED] - Taking screenshot successfully
[[ATTACHMENT|C:\\Users\\natalia.heit\\git\\NCD\\Reports\\20230420_125023\\02-Cuentas\\Cuentas\\20230420_125034\\Screenshot/Fails/CTAS01-AccederHomeCuentas.png]]

2023-04-20 12:52:13 - [MESSAGE][PASSED] - Delayed 3 second(s)

2023-04-20 12:52:14 - [MESSAGE][PASSED] - Browser is closed

2023-04-20 12:52:14 - [MESSAGE][PASSED] - pkgUtilities.kwyUtility.fFailStatus is PASSED

2023-04-20 12:52:14 - [MESSAGE][PASSED] - Method 'fTakeFailScreenshot' complete successfully]]></system-out>
         <system-err><![CDATA[2023-04-20 12:51:31 - [TEST_CASE][FAILED] - Test Cases/03-Cuentas/CTA01-Acceder Home Cuentas POS: Test Cases/03-Cuentas/CTA01-Acceder Home Cuentas POS FAILED.
Reason:
com.kms.katalon.core.exception.StepFailedException: Unable to verify object 'Object Repository/01-Login/btnLgnCerrarBanner' is visible
	at com.kms.katalon.core.webui.keyword.internal.WebUIKeywordMain.stepFailed(WebUIKeywordMain.groovy:64)
	at com.kms.katalon.core.webui.keyword.internal.WebUIKeywordMain.runKeyword(WebUIKeywordMain.groovy:26)
	at com.kms.katalon.core.webui.keyword.builtin.VerifyElementVisibleKeyword.verifyElementVisible(VerifyElementVisibleKeyword.groovy:97)
	at com.kms.katalon.core.webui.keyword.builtin.VerifyElementVisibleKeyword.execute(VerifyElementVisibleKeyword.groovy:67)
	at com.kms.katalon.core.keyword.internal.KeywordExecutor.executeKeywordForPlatform(KeywordExecutor.groovy:74)
	at com.kms.katalon.core.webui.keyword.WebUiBuiltInKeywords.verifyElementVisible(WebUiBuiltInKeywords.groovy:376)
	at com.kms.katalon.core.webui.keyword.WebUiBuiltInKeywords$verifyElementVisible$1.call(Unknown Source)
	at pkgUtilities.kwyUtility.Login(kwyUtility.groovy:189)
	at pkgUtilities.kwyUtility.invokeMethod(kwyUtility.groovy)
	at com.kms.katalon.core.main.CustomKeywordDelegatingMetaClass.invokeStaticMethod(CustomKeywordDelegatingMetaClass.java:55)
	at CTA01-Acceder Home Cuentas POS.run(CTA01-Acceder Home Cuentas POS:29)
	at com.kms.katalon.core.main.ScriptEngine.run(ScriptEngine.java:194)
	at com.kms.katalon.core.main.ScriptEngine.runScriptAsRawText(ScriptEngine.java:119)
	at com.kms.katalon.core.main.TestCaseExecutor.runScript(TestCaseExecutor.java:448)
	at com.kms.katalon.core.main.TestCaseExecutor.doExecute(TestCaseExecutor.java:439)
	at com.kms.katalon.core.main.TestCaseExecutor.processExecutionPhase(TestCaseExecutor.java:418)
	at com.kms.katalon.core.main.TestCaseExecutor.accessMainPhase(TestCaseExecutor.java:410)
	at com.kms.katalon.core.main.TestCaseExecutor.execute(TestCaseExecutor.java:285)
	at com.kms.katalon.core.common.CommonExecutor.accessTestCaseMainPhase(CommonExecutor.java:65)
	at com.kms.katalon.core.main.TestSuiteExecutor.accessTestSuiteMainPhase(TestSuiteExecutor.java:144)
	at com.kms.katalon.core.main.TestSuiteExecutor.execute(TestSuiteExecutor.java:106)
	at com.kms.katalon.core.main.TestCaseMain.startTestSuite(TestCaseMain.java:185)
	at com.kms.katalon.core.main.TestCaseMain$startTestSuite$0.call(Unknown Source)
	at TempTestSuite1682005834267.run(TempTestSuite1682005834267.groovy:36)
Caused by: com.kms.katalon.core.exception.StepFailedException: Web element with id: 'Object Repository/01-Login/btnLgnCerrarBanner' located by '//input[@id='frmLogin_InformativeModal_CancelAcceptButtons_AcceptButton_btnCommon']' not found
	at com.kms.katalon.core.webui.keyword.internal.WebUIKeywordMain.stepFailed(WebUIKeywordMain.groovy:64)
	at com.kms.katalon.core.webui.keyword.builtin.VerifyElementVisibleKeyword$_verifyElementVisible_closure1.doCall(VerifyElementVisibleKeyword.groovy:89)
	at com.kms.katalon.core.webui.keyword.builtin.VerifyElementVisibleKeyword$_verifyElementVisible_closure1.call(VerifyElementVisibleKeyword.groovy)
	at com.kms.katalon.core.webui.keyword.internal.WebUIKeywordMain.runKeyword(WebUIKeywordMain.groovy:20)
	... 22 more]]></system-err>
      </testcase>
      <testcase name="Test Cases/03-Cuentas/CTA02-Copiar CBU POS" time="21.247" classname="Test Cases/03-Cuentas/CTA02-Copiar CBU POS" status="PASSED">
         <system-out><![CDATA[2023-04-20 12:52:14 - [TEST_CASE][PASSED] - Test Cases/03-Cuentas/CTA02-Copiar CBU POS: Test Cases/03-Cuentas/CTA02-Copiar CBU POS

2023-04-20 12:52:14 - [TEST_STEP][PASSED] - vCbuToast = findTestData("06-Toast/Toast").getValue(2, 5): null

2023-04-20 12:52:15 - [TEST_STEP][PASSED] - pkgUtilities.kwyUtility.Server("Internet"): pkgUtilities.kwyUtility.Server is PASSED

2023-04-20 12:52:16 - [MESSAGE][PASSED] - pkgUtilities.kwyUtility.Server is PASSED

2023-04-20 12:52:16 - [TEST_STEP][PASSED] - pkgUtilities.kwyUtility.Login(AdminDNI, AdminClave, AdminUsuario): pkgUtilities.kwyUtility.Login is PASSED

2023-04-20 12:52:16 - [MESSAGE][INFO] - Starting 'Chrome' driver

2023-04-20 12:52:16 - [MESSAGE][INFO] - Action delay is set to 0 milliseconds

2023-04-20 12:52:22 - [MESSAGE][PASSED] - Browser is opened with url: 'https://ncdtesting.bancocredicoop.coop/apps/NCDBC/#_frmLogin'

2023-04-20 12:52:22 - [MESSAGE][PASSED] - Current window maximized

2023-04-20 12:52:22 - [MESSAGE][PASSED] - Object 'Object Repository/01-Login/btnLgnCerrarBanner' is visible

2023-04-20 12:52:23 - [MESSAGE][PASSED] - Object: 'Object Repository/01-Login/btnLgnCerrarBanner' is clicked on

2023-04-20 12:52:24 - [MESSAGE][PASSED] - Text '20144835' is set on object 'Object Repository/01-Login/txtLgnDNI'

2023-04-20 12:52:25 - [MESSAGE][PASSED] - Text 'Testing3' is set on object 'Object Repository/01-Login/txtLgnClave'

2023-04-20 12:52:25 - [MESSAGE][PASSED] - Text 'edie02' is set on object 'Object Repository/01-Login/txtLgnUsuario'

2023-04-20 12:52:26 - [MESSAGE][PASSED] - Object: 'Object Repository/01-Login/btnLgnIngresar' is clicked on

2023-04-20 12:52:26 - [MESSAGE][PASSED] - pkgUtilities.kwyUtility.Login is PASSED

2023-04-20 12:52:26 - [TEST_STEP][PASSED] - click(findTestObject("Object Repository/03-Cuentas/lnkCtasMenuInicio")): Object: 'Object Repository/03-Cuentas/lnkCtasMenuInicio' is clicked on

2023-04-20 12:52:32 - [MESSAGE][PASSED] - Object: 'Object Repository/03-Cuentas/lnkCtasMenuInicio' is clicked on

2023-04-20 12:52:32 - [TEST_STEP][PASSED] - click(findTestObject("Object Repository/03-Cuentas/lnkCopiarCBU")): Object: 'Object Repository/03-Cuentas/lnkCopiarCBU' is clicked on

2023-04-20 12:52:33 - [MESSAGE][PASSED] - Object: 'Object Repository/03-Cuentas/lnkCopiarCBU' is clicked on

2023-04-20 12:52:33 - [TEST_STEP][PASSED] - verifyElementText(findTestObject("Object Repository/03-Cuentas/lblCtasToastCopiaCBU"), vCbuToast): Actual text and expected text of test object 'Object Repository/03-Cuentas/lblCtasToastCopiaCBU' are matched.

2023-04-20 12:52:33 - [MESSAGE][PASSED] - Actual text and expected text of test object 'Object Repository/03-Cuentas/lblCtasToastCopiaCBU' are matched.

2023-04-20 12:52:33 - [TEST_STEP][PASSED] - Start tear down : fPassScript: Method 'fPassScript' complete successfully

2023-04-20 12:52:33 - [TEST_STEP][PASSED] - pkgUtilities.kwyUtility.fPassStatus(): pkgUtilities.kwyUtility.fPassStatus is PASSED

2023-04-20 12:52:34 - [MESSAGE][PASSED] - Object: 'Object Repository/02-Dashboard/lnkDsbSalir' is clicked on

2023-04-20 12:52:34 - [MESSAGE][PASSED] - Object: 'Object Repository/02-Dashboard/btnSalirMsgConfirmacionAceptar' is clicked on

2023-04-20 12:52:35 - [MESSAGE][PASSED] - Browser is closed

2023-04-20 12:52:35 - [MESSAGE][PASSED] - pkgUtilities.kwyUtility.fPassStatus is PASSED

2023-04-20 12:52:35 - [MESSAGE][PASSED] - Method 'fPassScript' complete successfully]]></system-out>
         <system-err><![CDATA[]]></system-err>
      </testcase>
      <system-out><![CDATA[2023-04-20 12:51:31 - [TEST_SUITE][FAILED] - Cuentas: Test Cases/03-Cuentas/CTA01-Acceder Home Cuentas POS FAILED.
Reason:
com.kms.katalon.core.exception.StepFailedException: Unable to verify object 'Object Repository/01-Login/btnLgnCerrarBanner' is visible
	at com.kms.katalon.core.webui.keyword.internal.WebUIKeywordMain.stepFailed(WebUIKeywordMain.groovy:64)
	at com.kms.katalon.core.webui.keyword.internal.WebUIKeywordMain.runKeyword(WebUIKeywordMain.groovy:26)
	at com.kms.katalon.core.webui.keyword.builtin.VerifyElementVisibleKeyword.verifyElementVisible(VerifyElementVisibleKeyword.groovy:97)
	at com.kms.katalon.core.webui.keyword.builtin.VerifyElementVisibleKeyword.execute(VerifyElementVisibleKeyword.groovy:67)
	at com.kms.katalon.core.keyword.internal.KeywordExecutor.executeKeywordForPlatform(KeywordExecutor.groovy:74)
	at com.kms.katalon.core.webui.keyword.WebUiBuiltInKeywords.verifyElementVisible(WebUiBuiltInKeywords.groovy:376)
	at com.kms.katalon.core.webui.keyword.WebUiBuiltInKeywords$verifyElementVisible$1.call(Unknown Source)
	at pkgUtilities.kwyUtility.Login(kwyUtility.groovy:189)
	at pkgUtilities.kwyUtility.invokeMethod(kwyUtility.groovy)
	at com.kms.katalon.core.main.CustomKeywordDelegatingMetaClass.invokeStaticMethod(CustomKeywordDelegatingMetaClass.java:55)
	at CTA01-Acceder Home Cuentas POS.run(CTA01-Acceder Home Cuentas POS:29)
	at com.kms.katalon.core.main.ScriptEngine.run(ScriptEngine.java:194)
	at com.kms.katalon.core.main.ScriptEngine.runScriptAsRawText(ScriptEngine.java:119)
	at com.kms.katalon.core.main.TestCaseExecutor.runScript(TestCaseExecutor.java:448)
	at com.kms.katalon.core.main.TestCaseExecutor.doExecute(TestCaseExecutor.java:439)
	at com.kms.katalon.core.main.TestCaseExecutor.processExecutionPhase(TestCaseExecutor.java:418)
	at com.kms.katalon.core.main.TestCaseExecutor.accessMainPhase(TestCaseExecutor.java:410)
	at com.kms.katalon.core.main.TestCaseExecutor.execute(TestCaseExecutor.java:285)
	at com.kms.katalon.core.common.CommonExecutor.accessTestCaseMainPhase(CommonExecutor.java:65)
	at com.kms.katalon.core.main.TestSuiteExecutor.accessTestSuiteMainPhase(TestSuiteExecutor.java:144)
	at com.kms.katalon.core.main.TestSuiteExecutor.execute(TestSuiteExecutor.java:106)
	at com.kms.katalon.core.main.TestCaseMain.startTestSuite(TestCaseMain.java:185)
	at com.kms.katalon.core.main.TestCaseMain$startTestSuite$0.call(Unknown Source)
	at TempTestSuite1682005834267.run(TempTestSuite1682005834267.groovy:36)
Caused by: com.kms.katalon.core.exception.StepFailedException: Web element with id: 'Object Repository/01-Login/btnLgnCerrarBanner' located by '//input[@id='frmLogin_InformativeModal_CancelAcceptButtons_AcceptButton_btnCommon']' not found
	at com.kms.katalon.core.webui.keyword.internal.WebUIKeywordMain.stepFailed(WebUIKeywordMain.groovy:64)
	at com.kms.katalon.core.webui.keyword.builtin.VerifyElementVisibleKeyword$_verifyElementVisible_closure1.doCall(VerifyElementVisibleKeyword.groovy:89)
	at com.kms.katalon.core.webui.keyword.builtin.VerifyElementVisibleKeyword$_verifyElementVisible_closure1.call(VerifyElementVisibleKeyword.groovy)
	at com.kms.katalon.core.webui.keyword.internal.WebUIKeywordMain.runKeyword(WebUIKeywordMain.groovy:20)
	... 22 more]]></system-out>
      <system-err><![CDATA[2023-04-20 12:51:31 - [TEST_SUITE][FAILED] - Cuentas: Test Cases/03-Cuentas/CTA01-Acceder Home Cuentas POS FAILED.
Reason:
com.kms.katalon.core.exception.StepFailedException: Unable to verify object 'Object Repository/01-Login/btnLgnCerrarBanner' is visible
	at com.kms.katalon.core.webui.keyword.internal.WebUIKeywordMain.stepFailed(WebUIKeywordMain.groovy:64)
	at com.kms.katalon.core.webui.keyword.internal.WebUIKeywordMain.runKeyword(WebUIKeywordMain.groovy:26)
	at com.kms.katalon.core.webui.keyword.builtin.VerifyElementVisibleKeyword.verifyElementVisible(VerifyElementVisibleKeyword.groovy:97)
	at com.kms.katalon.core.webui.keyword.builtin.VerifyElementVisibleKeyword.execute(VerifyElementVisibleKeyword.groovy:67)
	at com.kms.katalon.core.keyword.internal.KeywordExecutor.executeKeywordForPlatform(KeywordExecutor.groovy:74)
	at com.kms.katalon.core.webui.keyword.WebUiBuiltInKeywords.verifyElementVisible(WebUiBuiltInKeywords.groovy:376)
	at com.kms.katalon.core.webui.keyword.WebUiBuiltInKeywords$verifyElementVisible$1.call(Unknown Source)
	at pkgUtilities.kwyUtility.Login(kwyUtility.groovy:189)
	at pkgUtilities.kwyUtility.invokeMethod(kwyUtility.groovy)
	at com.kms.katalon.core.main.CustomKeywordDelegatingMetaClass.invokeStaticMethod(CustomKeywordDelegatingMetaClass.java:55)
	at CTA01-Acceder Home Cuentas POS.run(CTA01-Acceder Home Cuentas POS:29)
	at com.kms.katalon.core.main.ScriptEngine.run(ScriptEngine.java:194)
	at com.kms.katalon.core.main.ScriptEngine.runScriptAsRawText(ScriptEngine.java:119)
	at com.kms.katalon.core.main.TestCaseExecutor.runScript(TestCaseExecutor.java:448)
	at com.kms.katalon.core.main.TestCaseExecutor.doExecute(TestCaseExecutor.java:439)
	at com.kms.katalon.core.main.TestCaseExecutor.processExecutionPhase(TestCaseExecutor.java:418)
	at com.kms.katalon.core.main.TestCaseExecutor.accessMainPhase(TestCaseExecutor.java:410)
	at com.kms.katalon.core.main.TestCaseExecutor.execute(TestCaseExecutor.java:285)
	at com.kms.katalon.core.common.CommonExecutor.accessTestCaseMainPhase(CommonExecutor.java:65)
	at com.kms.katalon.core.main.TestSuiteExecutor.accessTestSuiteMainPhase(TestSuiteExecutor.java:144)
	at com.kms.katalon.core.main.TestSuiteExecutor.execute(TestSuiteExecutor.java:106)
	at com.kms.katalon.core.main.TestCaseMain.startTestSuite(TestCaseMain.java:185)
	at com.kms.katalon.core.main.TestCaseMain$startTestSuite$0.call(Unknown Source)
	at TempTestSuite1682005834267.run(TempTestSuite1682005834267.groovy:36)
Caused by: com.kms.katalon.core.exception.StepFailedException: Web element with id: 'Object Repository/01-Login/btnLgnCerrarBanner' located by '//input[@id='frmLogin_InformativeModal_CancelAcceptButtons_AcceptButton_btnCommon']' not found
	at com.kms.katalon.core.webui.keyword.internal.WebUIKeywordMain.stepFailed(WebUIKeywordMain.groovy:64)
	at com.kms.katalon.core.webui.keyword.builtin.VerifyElementVisibleKeyword$_verifyElementVisible_closure1.doCall(VerifyElementVisibleKeyword.groovy:89)
	at com.kms.katalon.core.webui.keyword.builtin.VerifyElementVisibleKeyword$_verifyElementVisible_closure1.call(VerifyElementVisibleKeyword.groovy)
	at com.kms.katalon.core.webui.keyword.internal.WebUIKeywordMain.runKeyword(WebUIKeywordMain.groovy:20)
	... 22 more]]></system-err>
   </testsuite>
   <testsuite name="Transferencias" tests="3" failures="0" errors="0" time="341.476" skipped="0" timestamp="2023-04-20 12:52:49" hostname="natalia.heit - AR-NB-490.tsoftglobal.com" id="Test Suites/03-Transferencias/Transferencias">
      <properties>
         <property name="deviceName" value=""/>
         <property name="devicePlatform" value=""/>
         <property name="logFolder" value="C:\\Users\\natalia.heit\\git\\NCD\\Reports\\20230420_125023\\03-Transferencias\\Transferencias\\20230420_125039"/>
         <property name="logFiles" value="C:\\Users\\natalia.heit\\git\\NCD\\Reports\\20230420_125023\\03-Transferencias\\Transferencias\\20230420_125039\\execution0.log"/>
         <property name="attachments" value="C:\\Users\\natalia.heit\\git\\NCD\\Reports\\20230420_125023\\03-Transferencias\\Transferencias\\20230420_125039\\1682006075379.png, C:\\Users\\natalia.heit\\git\\NCD\\Reports\\20230420_125023\\03-Transferencias\\Transferencias\\20230420_125039\\1682006194863.png"/>
         <property name="hostName" value="natalia.heit - AR-NB-490.tsoftglobal.com"/>
         <property name="os" value="Windows 10 64bit"/>
         <property name="katalonVersion" value="8.4.1.208"/>
         <property name="browser" value="Chrome 112.0.0.0"/>
         <property name="hostAddress" value="172.29.16.1"/>
         <property name="sessionId" value="2489fb8e2be90ff13c68ad159842150f"/>
         <property name="seleniumVersion" value="3.141.59"/>
         <property name="proxyInformation" value="ProxyInformation { proxyOption=NO_PROXY, proxyServerType=HTTP, username=, password=********, proxyServerAddress=, proxyServerPort=0, executionList=&quot;&quot;, isApplyToDesiredCapabilities=true }"/>
         <property name="platform" value="Windows 10"/>
      </properties>
      <testcase name="Test Cases/04-Transferencias/TRF01-Transferencia Propias Credicoop Pesos POS" time="106.01" classname="Test Cases/04-Transferencias/TRF01-Transferencia Propias Credicoop Pesos POS" status="PASSED">
         <system-out><![CDATA[2023-04-20 12:52:49 - [TEST_CASE][PASSED] - Test Cases/04-Transferencias/TRF01-Transferencia Propias Credicoop Pesos POS: Test Cases/04-Transferencias/TRF01-Transferencia Propias Credicoop Pesos POS

2023-04-20 12:52:50 - [TEST_STEP][PASSED] - vClaveBypass = findTestData("02-Usuarios/SetUsers-FF").getValue(5, 1): null

2023-04-20 12:52:50 - [TEST_STEP][PASSED] - vlblMisCtas = findTestData("05-Labels/Labels").getValue(2, 10): null

2023-04-20 12:52:50 - [TEST_STEP][PASSED] - vValorMonto = "1": null

2023-04-20 12:52:50 - [TEST_STEP][PASSED] - pkgUtilities.kwyUtility.Server("Internet"): pkgUtilities.kwyUtility.Server is PASSED

2023-04-20 12:52:53 - [MESSAGE][PASSED] - pkgUtilities.kwyUtility.Server is PASSED

2023-04-20 12:52:53 - [TEST_STEP][PASSED] - pkgUtilities.kwyUtility.Login(AdminDNI, AdminClave, AdminUsuario): pkgUtilities.kwyUtility.Login is PASSED

2023-04-20 12:52:53 - [MESSAGE][INFO] - Starting 'Chrome' driver

2023-04-20 12:52:53 - [MESSAGE][INFO] - Action delay is set to 0 milliseconds

2023-04-20 12:52:59 - [MESSAGE][PASSED] - Browser is opened with url: 'https://ncdtesting.bancocredicoop.coop/apps/NCDBC/#_frmLogin'

2023-04-20 12:53:00 - [MESSAGE][PASSED] - Current window maximized

2023-04-20 12:53:00 - [MESSAGE][PASSED] - Object 'Object Repository/01-Login/btnLgnCerrarBanner' is visible

2023-04-20 12:53:01 - [MESSAGE][PASSED] - Object: 'Object Repository/01-Login/btnLgnCerrarBanner' is clicked on

2023-04-20 12:53:02 - [MESSAGE][PASSED] - Text '20144835' is set on object 'Object Repository/01-Login/txtLgnDNI'

2023-04-20 12:53:02 - [MESSAGE][PASSED] - Text 'Testing3' is set on object 'Object Repository/01-Login/txtLgnClave'

2023-04-20 12:53:03 - [MESSAGE][PASSED] - Text 'edie02' is set on object 'Object Repository/01-Login/txtLgnUsuario'

2023-04-20 12:53:04 - [MESSAGE][PASSED] - Object: 'Object Repository/01-Login/btnLgnIngresar' is clicked on

2023-04-20 12:53:04 - [MESSAGE][PASSED] - pkgUtilities.kwyUtility.Login is PASSED

2023-04-20 12:53:04 - [TEST_STEP][PASSED] - click(findTestObject("Object Repository/02-Dashboard/lnkDsbTransferencias")): Object: 'Object Repository/02-Dashboard/lnkDsbTransferencias' is clicked on

2023-04-20 12:53:10 - [MESSAGE][PASSED] - Object: 'Object Repository/02-Dashboard/lnkDsbTransferencias' is clicked on

2023-04-20 12:53:10 - [TEST_STEP][PASSED] - click(findTestObject("Object Repository/04-Transferencias/02-Nueva Transferencia/btnTrfNuevaTransferenciaInicio")): Object: 'Object Repository/04-Transferencias/02-Nueva Transferencia/btnTrfNuevaTransferenciaInicio' is clicked on

2023-04-20 12:53:14 - [MESSAGE][PASSED] - Object: 'Object Repository/04-Transferencias/02-Nueva Transferencia/btnTrfNuevaTransferenciaInicio' is clicked on

2023-04-20 12:53:14 - [TEST_STEP][PASSED] - click(findTestObject("Object Repository/04-Transferencias/lblTrfMisCuentasCredicoop")): Object: 'Object Repository/04-Transferencias/lblTrfMisCuentasCredicoop' is clicked on

2023-04-20 12:53:16 - [MESSAGE][PASSED] - Object: 'Object Repository/04-Transferencias/lblTrfMisCuentasCredicoop' is clicked on

2023-04-20 12:53:16 - [TEST_STEP][PASSED] - verifyElementText(findTestObject("Object Repository/04-Transferencias/lblTrfMisCuentasCredicoop"), vlblMisCtas): Actual text and expected text of test object 'Object Repository/04-Transferencias/lblTrfMisCuentasCredicoop' are matched.

2023-04-20 12:53:17 - [MESSAGE][PASSED] - Actual text and expected text of test object 'Object Repository/04-Transferencias/lblTrfMisCuentasCredicoop' are matched.

2023-04-20 12:53:17 - [TEST_STEP][PASSED] - click(findTestObject("Object Repository/04-Transferencias/lnkTrfCuentaPropiaPesos")): Object: 'Object Repository/04-Transferencias/lnkTrfCuentaPropiaPesos' is clicked on

2023-04-20 12:53:17 - [MESSAGE][PASSED] - Object: 'Object Repository/04-Transferencias/lnkTrfCuentaPropiaPesos' is clicked on

2023-04-20 12:53:17 - [TEST_STEP][PASSED] - click(findTestObject("Object Repository/04-Transferencias/txtTrfMontoFormulario")): Object: 'Object Repository/04-Transferencias/txtTrfMontoFormulario' is clicked on

2023-04-20 12:53:20 - [MESSAGE][PASSED] - Object: 'Object Repository/04-Transferencias/txtTrfMontoFormulario' is clicked on

2023-04-20 12:53:20 - [TEST_STEP][PASSED] - sendKeys(findTestObject("Object Repository/04-Transferencias/txtTrfMontoFormulario"), vValorMonto): Keys '1' sent to object: 'Object Repository/04-Transferencias/txtTrfMontoFormulario'

2023-04-20 12:53:20 - [MESSAGE][PASSED] - Keys '1' sent to object: 'Object Repository/04-Transferencias/txtTrfMontoFormulario'

2023-04-20 12:53:20 - [TEST_STEP][PASSED] - click(findTestObject("Object Repository/04-Transferencias/lblTrfSeleccionTitularidadFormulario")): Object: 'Object Repository/04-Transferencias/lblTrfSeleccionTitularidadFormulario' is clicked on

2023-04-20 12:53:20 - [MESSAGE][PASSED] - Object: 'Object Repository/04-Transferencias/lblTrfSeleccionTitularidadFormulario' is clicked on

2023-04-20 12:53:20 - [TEST_STEP][PASSED] - click(findTestObject("Object Repository/04-Transferencias/lblTitularidadTextoFormulario")): Object: 'Object Repository/04-Transferencias/lblTitularidadTextoFormulario' is clicked on

2023-04-20 12:53:21 - [MESSAGE][PASSED] - Object: 'Object Repository/04-Transferencias/lblTitularidadTextoFormulario' is clicked on

2023-04-20 12:53:21 - [TEST_STEP][PASSED] - click(findTestObject("Object Repository/04-Transferencias/02-Nueva Transferencia/btnContinuarFormulario")): Object: 'Object Repository/04-Transferencias/02-Nueva Transferencia/btnContinuarFormulario' is clicked on

2023-04-20 12:53:21 - [MESSAGE][PASSED] - Object: 'Object Repository/04-Transferencias/02-Nueva Transferencia/btnContinuarFormulario' is clicked on

2023-04-20 12:53:21 - [TEST_STEP][PASSED] - click(findTestObject("Object Repository/04-Transferencias/02-Nueva Transferencia/btnTrfConfirmar")): Object: 'Object Repository/04-Transferencias/02-Nueva Transferencia/btnTrfConfirmar' is clicked on

2023-04-20 12:53:23 - [MESSAGE][PASSED] - Object: 'Object Repository/04-Transferencias/02-Nueva Transferencia/btnTrfConfirmar' is clicked on

2023-04-20 12:53:23 - [TEST_STEP][PASSED] - setText(findTestObject("Object Repository/04-Transferencias/txtTrfClaveBypass"), vClaveBypass): Text 'Testing3' is set on object 'Object Repository/04-Transferencias/txtTrfClaveBypass'

2023-04-20 12:53:24 - [MESSAGE][PASSED] - Text 'Testing3' is set on object 'Object Repository/04-Transferencias/txtTrfClaveBypass'

2023-04-20 12:53:24 - [TEST_STEP][PASSED] - click(findTestObject("Object Repository/04-Transferencias/02-Nueva Transferencia/btnTrfConfirmarBypass")): Object: 'Object Repository/04-Transferencias/02-Nueva Transferencia/btnTrfConfirmarBypass' is clicked on

2023-04-20 12:53:24 - [MESSAGE][PASSED] - Object: 'Object Repository/04-Transferencias/02-Nueva Transferencia/btnTrfConfirmarBypass' is clicked on

2023-04-20 12:53:24 - [TEST_STEP][PASSED] - verifyElementVisible(findTestObject("Object Repository/04-Transferencias/txtTrfBeneficiarioDestino")): Object 'Object Repository/04-Transferencias/txtTrfBeneficiarioDestino' is visible

2023-04-20 12:53:28 - [MESSAGE][PASSED] - Object 'Object Repository/04-Transferencias/txtTrfBeneficiarioDestino' is visible

2023-04-20 12:53:28 - [TEST_STEP][PASSED] - Start tear down : fPassScript: Error occurred when try to run method 'fPassScript' (Root cause: com.kms.katalon.core.exception.StepFailedException - com.kms.katalon.core.exception.StepFailedException: Unable to click on object 'Object Repository/02-Dashboard/btnSalirMsgConfirmacionAceptar')

2023-04-20 12:53:28 - [TEST_STEP][FAILED] - pkgUtilities.kwyUtility.fPassStatus(): Unable to click on object 'Object Repository/02-Dashboard/btnSalirMsgConfirmacionAceptar'

2023-04-20 12:53:59 - [MESSAGE][INFO] - Unable to find the element located by 'By.xpath: //div[@id='frmAccountsLanding_customhamburger_LogOutlblAccounts']'. Please recheck the objects properties to make sure the desired element is located. 

2023-04-20 12:53:59 - [MESSAGE][WARNING] - [SELF-HEALING] Failed to find element with id 'Object Repository/02-Dashboard/lnkDsbSalir'. Try using Self-healing.

2023-04-20 12:53:59 - [MESSAGE][WARNING] - [SELF-HEALING] The current locator of test object 'Object Repository/02-Dashboard/lnkDsbSalir' was broken. Propose an alternative one: '(.//*[normalize-space(text()) and normalize-space(.)=''])[2]/preceding::div[8]'.

2023-04-20 12:53:59 - [MESSAGE][PASSED] - Object: 'Object Repository/02-Dashboard/lnkDsbSalir' is clicked on

2023-04-20 12:54:31 - [MESSAGE][INFO] - Unable to find the element located by 'By.xpath: //input[@id='frmAccountsLanding_CustomPopup_btnYes']'. Please recheck the objects properties to make sure the desired element is located. 

2023-04-20 12:54:31 - [MESSAGE][WARNING] - [SELF-HEALING] Failed to find element with id 'Object Repository/02-Dashboard/btnSalirMsgConfirmacionAceptar'. Try using Self-healing.

2023-04-20 12:54:32 - [MESSAGE][INFO] - Unable to find the element located by 'By.xpath: //div[6]/input'. Please recheck the objects properties to make sure the desired element is located. 

2023-04-20 12:54:32 - [MESSAGE][INFO] - [SELF-HEALING] Failed Locator: '//input[@id='frmAccountsLanding_CustomPopup_btnYes']'.

2023-04-20 12:54:32 - [MESSAGE][INFO] - [SELF-HEALING] Failed Locator: '//div[@id='frmAccountsLanding_CustomPopup']/div[6]/input'.

2023-04-20 12:54:32 - [MESSAGE][INFO] - [SELF-HEALING] Failed Locator: '//div[6]/input'.

2023-04-20 12:54:33 - [MESSAGE][INFO] - [SELF-HEALING] Failed Locator: '//input[@id = 'frmAccountsLanding_CustomPopup_btnYes' and @type = 'button']'.

2023-04-20 12:54:34 - [MESSAGE][INFO] - Unable to find the element located by 'By.xpath: //*[@id = 'frmAccountsLanding_CustomPopup_btnYes' and @type = 'button']'. Please recheck the objects properties to make sure the desired element is located. 

2023-04-20 12:54:35 - [MESSAGE][INFO] - Unable to find the element located by 'By.cssSelector: #frmAccountsLanding_CustomPopup_btnYes'. Please recheck the objects properties to make sure the desired element is located. 

2023-04-20 12:54:35 - [MESSAGE][FAILED] - Unable to click on object 'Object Repository/02-Dashboard/btnSalirMsgConfirmacionAceptar' (Root cause: com.kms.katalon.core.exception.StepFailedException: Unable to click on object 'Object Repository/02-Dashboard/btnSalirMsgConfirmacionAceptar'
	at com.kms.katalon.core.webui.keyword.internal.WebUIKeywordMain.stepFailed(WebUIKeywordMain.groovy:64)
	at com.kms.katalon.core.webui.keyword.internal.WebUIKeywordMain.runKeyword(WebUIKeywordMain.groovy:26)
	at com.kms.katalon.core.webui.keyword.builtin.ClickKeyword.click(ClickKeyword.groovy:74)
	at com.kms.katalon.core.webui.keyword.builtin.ClickKeyword.execute(ClickKeyword.groovy:40)
	at com.kms.katalon.core.keyword.internal.KeywordExecutor.executeKeywordForPlatform(KeywordExecutor.groovy:74)
	at com.kms.katalon.core.webui.keyword.WebUiBuiltInKeywords.click(WebUiBuiltInKeywords.groovy:620)
	at com.kms.katalon.core.webui.keyword.WebUiBuiltInKeywords$click$2.call(Unknown Source)
	at pkgUtilities.kwyUtility.fPassStatus(kwyUtility.groovy:215)
	at pkgUtilities.kwyUtility.invokeMethod(kwyUtility.groovy)
	at com.kms.katalon.core.main.CustomKeywordDelegatingMetaClass.invokeStaticMethod(CustomKeywordDelegatingMetaClass.java:55)
	at TRF01-Transferencia Propias Credicoop Pesos POS.fPassScript(TRF01-Transferencia Propias Credicoop Pesos POS:80)
	at com.kms.katalon.core.main.ScriptEngine.runScriptMethodAsRawText(ScriptEngine.java:133)
	at com.kms.katalon.core.main.TestCaseExecutor.runMethod(TestCaseExecutor.java:458)
	at com.kms.katalon.core.main.TestCaseExecutor.runMethod(TestCaseExecutor.java:580)
	at com.kms.katalon.core.main.TestCaseExecutor.internallyRunMethods(TestCaseExecutor.java:565)
	at com.kms.katalon.core.main.TestCaseExecutor.onExecutionComplete(TestCaseExecutor.java:135)
	at com.kms.katalon.core.main.TestCaseExecutor.processExecutionPhase(TestCaseExecutor.java:430)
	at com.kms.katalon.core.main.TestCaseExecutor.accessMainPhase(TestCaseExecutor.java:410)
	at com.kms.katalon.core.main.TestCaseExecutor.execute(TestCaseExecutor.java:285)
	at com.kms.katalon.core.common.CommonExecutor.accessTestCaseMainPhase(CommonExecutor.java:65)
	at com.kms.katalon.core.main.TestSuiteExecutor.accessTestSuiteMainPhase(TestSuiteExecutor.java:144)
	at com.kms.katalon.core.main.TestSuiteExecutor.execute(TestSuiteExecutor.java:106)
	at com.kms.katalon.core.main.TestCaseMain.startTestSuite(TestCaseMain.java:185)
	at com.kms.katalon.core.main.TestCaseMain$startTestSuite$0.call(Unknown Source)
	at TempTestSuite1682005839443.run(TempTestSuite1682005839443.groovy:36)
Caused by: com.kms.katalon.core.webui.exception.WebElementNotFoundException: Web element with id: 'Object Repository/02-Dashboard/btnSalirMsgConfirmacionAceptar' located by '//input[@id='frmAccountsLanding_CustomPopup_btnYes']' not found
	at com.kms.katalon.core.webui.common.WebUiCommonHelper.findWebElement(WebUiCommonHelper.java:1370)
	at com.kms.katalon.core.webui.keyword.internal.WebUIAbstractKeyword.findWebElement(WebUIAbstractKeyword.groovy:27)
	at com.kms.katalon.core.webui.keyword.builtin.ClickKeyword$_click_closure1.doCall(ClickKeyword.groovy:65)
	at com.kms.katalon.core.webui.keyword.builtin.ClickKeyword$_click_closure1.call(ClickKeyword.groovy)
	at com.kms.katalon.core.webui.keyword.internal.WebUIKeywordMain.runKeyword(WebUIKeywordMain.groovy:20)
	at com.kms.katalon.core.webui.keyword.builtin.ClickKeyword.click(ClickKeyword.groovy:74)
	at com.kms.katalon.core.webui.keyword.builtin.ClickKeyword.execute(ClickKeyword.groovy:40)
	at com.kms.katalon.core.keyword.internal.KeywordExecutor.executeKeywordForPlatform(KeywordExecutor.groovy:74)
	at com.kms.katalon.core.webui.keyword.WebUiBuiltInKeywords.click(WebUiBuiltInKeywords.groovy:620)
	at com.kms.katalon.core.webui.keyword.WebUiBuiltInKeywords$click$2.call(Unknown Source)
	at pkgUtilities.kwyUtility.fPassStatus(kwyUtility.groovy:215)
	at pkgUtilities.kwyUtility.invokeMethod(kwyUtility.groovy)
	at com.kms.katalon.core.main.CustomKeywordDelegatingMetaClass.invokeStaticMethod(CustomKeywordDelegatingMetaClass.java:55)
	at Script1680003961363.fPassScript(Script1680003961363.groovy:80)
	... 14 more
)
[[ATTACHMENT|C:\\Users\\natalia.heit\\git\\NCD\\Reports\\20230420_125023\\03-Transferencias\\Transferencias\\20230420_125039\\1682006075379.png]]

2023-04-20 12:54:35 - [MESSAGE][FAILED] - Unable to click on object 'Object Repository/02-Dashboard/btnSalirMsgConfirmacionAceptar'

2023-04-20 12:54:35 - [MESSAGE][WARNING] - Error occurred when try to run method 'fPassScript' (Root cause: com.kms.katalon.core.exception.StepFailedException - com.kms.katalon.core.exception.StepFailedException: Unable to click on object 'Object Repository/02-Dashboard/btnSalirMsgConfirmacionAceptar')]]></system-out>
         <system-err><![CDATA[]]></system-err>
      </testcase>
      <testcase name="Test Cases/04-Transferencias/TRF02-Transferencia Propias Credicoop Dolares POS" time="119.44" classname="Test Cases/04-Transferencias/TRF02-Transferencia Propias Credicoop Dolares POS" status="PASSED">
         <system-out><![CDATA[2023-04-20 12:54:35 - [TEST_CASE][PASSED] - Test Cases/04-Transferencias/TRF02-Transferencia Propias Credicoop Dolares POS: Test Cases/04-Transferencias/TRF02-Transferencia Propias Credicoop Dolares POS

2023-04-20 12:54:36 - [TEST_STEP][PASSED] - vValorMonto = "1": null

2023-04-20 12:54:36 - [TEST_STEP][PASSED] - vClaveBypass = findTestData("02-Usuarios/SetUsers-FF").getValue(5, 2): null

2023-04-20 12:54:36 - [TEST_STEP][PASSED] - vlblMisCtas = findTestData("05-Labels/Labels").getValue(2, 10): null

2023-04-20 12:54:36 - [TEST_STEP][PASSED] - pkgUtilities.kwyUtility.Server("Internet"): pkgUtilities.kwyUtility.Server is PASSED

2023-04-20 12:54:37 - [MESSAGE][PASSED] - pkgUtilities.kwyUtility.Server is PASSED

2023-04-20 12:54:37 - [TEST_STEP][PASSED] - pkgUtilities.kwyUtility.Login(Cliente1DNI, Cliente1Clave, Cliente1Usuario): pkgUtilities.kwyUtility.Login is PASSED

2023-04-20 12:54:37 - [MESSAGE][WARNING] - A browser is already opened. Closing browser and opening a new one

2023-04-20 12:54:38 - [MESSAGE][INFO] - Starting 'Chrome' driver

2023-04-20 12:54:38 - [MESSAGE][INFO] - Action delay is set to 0 milliseconds

2023-04-20 12:54:44 - [MESSAGE][PASSED] - Browser is opened with url: 'https://ncdtesting.bancocredicoop.coop/apps/NCDBC/#_frmLogin'

2023-04-20 12:54:44 - [MESSAGE][PASSED] - Current window maximized

2023-04-20 12:54:44 - [MESSAGE][PASSED] - Object 'Object Repository/01-Login/btnLgnCerrarBanner' is visible

2023-04-20 12:54:45 - [MESSAGE][PASSED] - Object: 'Object Repository/01-Login/btnLgnCerrarBanner' is clicked on

2023-04-20 12:54:46 - [MESSAGE][PASSED] - Text '13976407' is set on object 'Object Repository/01-Login/txtLgnDNI'

2023-04-20 12:54:46 - [MESSAGE][PASSED] - Text 'Testing9' is set on object 'Object Repository/01-Login/txtLgnClave'

2023-04-20 12:54:47 - [MESSAGE][PASSED] - Text 'ale14' is set on object 'Object Repository/01-Login/txtLgnUsuario'

2023-04-20 12:54:48 - [MESSAGE][PASSED] - Object: 'Object Repository/01-Login/btnLgnIngresar' is clicked on

2023-04-20 12:54:48 - [MESSAGE][PASSED] - pkgUtilities.kwyUtility.Login is PASSED

2023-04-20 12:54:48 - [TEST_STEP][PASSED] - click(findTestObject("Object Repository/02-Dashboard/lnkDsbTransferencias")): Object: 'Object Repository/02-Dashboard/lnkDsbTransferencias' is clicked on

2023-04-20 12:55:08 - [MESSAGE][PASSED] - Object: 'Object Repository/02-Dashboard/lnkDsbTransferencias' is clicked on

2023-04-20 12:55:08 - [TEST_STEP][PASSED] - click(findTestObject("Object Repository/04-Transferencias/02-Nueva Transferencia/btnTrfNuevaTransferenciaInicio")): Object: 'Object Repository/04-Transferencias/02-Nueva Transferencia/btnTrfNuevaTransferenciaInicio' is clicked on

2023-04-20 12:55:14 - [MESSAGE][PASSED] - Object: 'Object Repository/04-Transferencias/02-Nueva Transferencia/btnTrfNuevaTransferenciaInicio' is clicked on

2023-04-20 12:55:14 - [TEST_STEP][PASSED] - click(findTestObject("Object Repository/04-Transferencias/lblTrfMisCuentasCredicoop")): Object: 'Object Repository/04-Transferencias/lblTrfMisCuentasCredicoop' is clicked on

2023-04-20 12:55:16 - [MESSAGE][PASSED] - Object: 'Object Repository/04-Transferencias/lblTrfMisCuentasCredicoop' is clicked on

2023-04-20 12:55:16 - [TEST_STEP][PASSED] - verifyElementText(findTestObject("Object Repository/04-Transferencias/lblTrfMisCuentasCredicoop"), vlblMisCtas): Actual text and expected text of test object 'Object Repository/04-Transferencias/lblTrfMisCuentasCredicoop' are matched.

2023-04-20 12:55:17 - [MESSAGE][PASSED] - Actual text and expected text of test object 'Object Repository/04-Transferencias/lblTrfMisCuentasCredicoop' are matched.

2023-04-20 12:55:17 - [TEST_STEP][PASSED] - click(findTestObject("Object Repository/04-Transferencias/lnkTrfCuentaPropiaDolares")): Object: 'Object Repository/04-Transferencias/lnkTrfCuentaPropiaDolares' is clicked on

2023-04-20 12:55:17 - [MESSAGE][PASSED] - Object: 'Object Repository/04-Transferencias/lnkTrfCuentaPropiaDolares' is clicked on

2023-04-20 12:55:17 - [TEST_STEP][PASSED] - click(findTestObject("Object Repository/04-Transferencias/txtTrfMontoFormulario")): Object: 'Object Repository/04-Transferencias/txtTrfMontoFormulario' is clicked on

2023-04-20 12:55:19 - [MESSAGE][PASSED] - Object: 'Object Repository/04-Transferencias/txtTrfMontoFormulario' is clicked on

2023-04-20 12:55:19 - [TEST_STEP][PASSED] - sendKeys(findTestObject("Object Repository/04-Transferencias/txtTrfMontoFormulario"), vValorMonto): Keys '1' sent to object: 'Object Repository/04-Transferencias/txtTrfMontoFormulario'

2023-04-20 12:55:20 - [MESSAGE][PASSED] - Keys '1' sent to object: 'Object Repository/04-Transferencias/txtTrfMontoFormulario'

2023-04-20 12:55:20 - [TEST_STEP][PASSED] - click(findTestObject("Object Repository/04-Transferencias/lblTrfSeleccionTitularidadFormulario")): Object: 'Object Repository/04-Transferencias/lblTrfSeleccionTitularidadFormulario' is clicked on

2023-04-20 12:55:20 - [MESSAGE][PASSED] - Object: 'Object Repository/04-Transferencias/lblTrfSeleccionTitularidadFormulario' is clicked on

2023-04-20 12:55:20 - [TEST_STEP][PASSED] - click(findTestObject("Object Repository/04-Transferencias/lblTitularidadTextoFormulario")): Object: 'Object Repository/04-Transferencias/lblTitularidadTextoFormulario' is clicked on

2023-04-20 12:55:21 - [MESSAGE][PASSED] - Object: 'Object Repository/04-Transferencias/lblTitularidadTextoFormulario' is clicked on

2023-04-20 12:55:21 - [TEST_STEP][PASSED] - click(findTestObject("Object Repository/04-Transferencias/02-Nueva Transferencia/btnContinuarFormulario")): Object: 'Object Repository/04-Transferencias/02-Nueva Transferencia/btnContinuarFormulario' is clicked on

2023-04-20 12:55:21 - [MESSAGE][PASSED] - Object: 'Object Repository/04-Transferencias/02-Nueva Transferencia/btnContinuarFormulario' is clicked on

2023-04-20 12:55:21 - [TEST_STEP][PASSED] - click(findTestObject("Object Repository/04-Transferencias/02-Nueva Transferencia/btnTrfConfirmar")): Object: 'Object Repository/04-Transferencias/02-Nueva Transferencia/btnTrfConfirmar' is clicked on

2023-04-20 12:55:22 - [MESSAGE][PASSED] - Object: 'Object Repository/04-Transferencias/02-Nueva Transferencia/btnTrfConfirmar' is clicked on

2023-04-20 12:55:22 - [TEST_STEP][PASSED] - setText(findTestObject("Object Repository/04-Transferencias/txtTrfClaveBypass"), vClaveBypass): Text 'Testing9' is set on object 'Object Repository/04-Transferencias/txtTrfClaveBypass'

2023-04-20 12:55:23 - [MESSAGE][PASSED] - Text 'Testing9' is set on object 'Object Repository/04-Transferencias/txtTrfClaveBypass'

2023-04-20 12:55:23 - [TEST_STEP][PASSED] - click(findTestObject("Object Repository/04-Transferencias/02-Nueva Transferencia/btnTrfConfirmarBypass")): Object: 'Object Repository/04-Transferencias/02-Nueva Transferencia/btnTrfConfirmarBypass' is clicked on

2023-04-20 12:55:24 - [MESSAGE][PASSED] - Object: 'Object Repository/04-Transferencias/02-Nueva Transferencia/btnTrfConfirmarBypass' is clicked on

2023-04-20 12:55:24 - [TEST_STEP][PASSED] - verifyElementVisible(findTestObject("Object Repository/04-Transferencias/txtTrfBeneficiarioDestino")): Object 'Object Repository/04-Transferencias/txtTrfBeneficiarioDestino' is visible

2023-04-20 12:55:27 - [MESSAGE][PASSED] - Object 'Object Repository/04-Transferencias/txtTrfBeneficiarioDestino' is visible

2023-04-20 12:55:27 - [TEST_STEP][PASSED] - Start tear down : fPassScript: Error occurred when try to run method 'fPassScript' (Root cause: com.kms.katalon.core.exception.StepFailedException - com.kms.katalon.core.exception.StepFailedException: Unable to click on object 'Object Repository/02-Dashboard/btnSalirMsgConfirmacionAceptar')

2023-04-20 12:55:27 - [TEST_STEP][FAILED] - pkgUtilities.kwyUtility.fPassStatus(): Unable to click on object 'Object Repository/02-Dashboard/btnSalirMsgConfirmacionAceptar'

2023-04-20 12:55:58 - [MESSAGE][INFO] - Unable to find the element located by 'By.xpath: //div[@id='frmAccountsLanding_customhamburger_LogOutlblAccounts']'. Please recheck the objects properties to make sure the desired element is located. 

2023-04-20 12:55:58 - [MESSAGE][WARNING] - [SELF-HEALING] Failed to find element with id 'Object Repository/02-Dashboard/lnkDsbSalir'. Try using Self-healing.

2023-04-20 12:55:59 - [MESSAGE][WARNING] - [SELF-HEALING] The current locator of test object 'Object Repository/02-Dashboard/lnkDsbSalir' was broken. Propose an alternative one: '(.//*[normalize-space(text()) and normalize-space(.)=''])[2]/preceding::div[8]'.

2023-04-20 12:55:59 - [MESSAGE][PASSED] - Object: 'Object Repository/02-Dashboard/lnkDsbSalir' is clicked on

2023-04-20 12:56:30 - [MESSAGE][INFO] - Unable to find the element located by 'By.xpath: //input[@id='frmAccountsLanding_CustomPopup_btnYes']'. Please recheck the objects properties to make sure the desired element is located. 

2023-04-20 12:56:30 - [MESSAGE][WARNING] - [SELF-HEALING] Failed to find element with id 'Object Repository/02-Dashboard/btnSalirMsgConfirmacionAceptar'. Try using Self-healing.

2023-04-20 12:56:31 - [MESSAGE][INFO] - Unable to find the element located by 'By.xpath: //div[6]/input'. Please recheck the objects properties to make sure the desired element is located. 

2023-04-20 12:56:31 - [MESSAGE][INFO] - [SELF-HEALING] Failed Locator: '//input[@id='frmAccountsLanding_CustomPopup_btnYes']'.

2023-04-20 12:56:32 - [MESSAGE][INFO] - [SELF-HEALING] Failed Locator: '//div[@id='frmAccountsLanding_CustomPopup']/div[6]/input'.

2023-04-20 12:56:32 - [MESSAGE][INFO] - [SELF-HEALING] Failed Locator: '//div[6]/input'.

2023-04-20 12:56:32 - [MESSAGE][INFO] - [SELF-HEALING] Failed Locator: '//input[@id = 'frmAccountsLanding_CustomPopup_btnYes' and @type = 'button']'.

2023-04-20 12:56:33 - [MESSAGE][INFO] - Unable to find the element located by 'By.xpath: //*[@id = 'frmAccountsLanding_CustomPopup_btnYes' and @type = 'button']'. Please recheck the objects properties to make sure the desired element is located. 

2023-04-20 12:56:34 - [MESSAGE][INFO] - Unable to find the element located by 'By.cssSelector: #frmAccountsLanding_CustomPopup_btnYes'. Please recheck the objects properties to make sure the desired element is located. 

2023-04-20 12:56:35 - [MESSAGE][FAILED] - Unable to click on object 'Object Repository/02-Dashboard/btnSalirMsgConfirmacionAceptar' (Root cause: com.kms.katalon.core.exception.StepFailedException: Unable to click on object 'Object Repository/02-Dashboard/btnSalirMsgConfirmacionAceptar'
	at com.kms.katalon.core.webui.keyword.internal.WebUIKeywordMain.stepFailed(WebUIKeywordMain.groovy:64)
	at com.kms.katalon.core.webui.keyword.internal.WebUIKeywordMain.runKeyword(WebUIKeywordMain.groovy:26)
	at com.kms.katalon.core.webui.keyword.builtin.ClickKeyword.click(ClickKeyword.groovy:74)
	at com.kms.katalon.core.webui.keyword.builtin.ClickKeyword.execute(ClickKeyword.groovy:40)
	at com.kms.katalon.core.keyword.internal.KeywordExecutor.executeKeywordForPlatform(KeywordExecutor.groovy:74)
	at com.kms.katalon.core.webui.keyword.WebUiBuiltInKeywords.click(WebUiBuiltInKeywords.groovy:620)
	at com.kms.katalon.core.webui.keyword.WebUiBuiltInKeywords$click$2.call(Unknown Source)
	at pkgUtilities.kwyUtility.fPassStatus(kwyUtility.groovy:215)
	at pkgUtilities.kwyUtility.invokeMethod(kwyUtility.groovy)
	at com.kms.katalon.core.main.CustomKeywordDelegatingMetaClass.invokeStaticMethod(CustomKeywordDelegatingMetaClass.java:55)
	at TRF02-Transferencia Propias Credicoop Dolares POS.fPassScript(TRF02-Transferencia Propias Credicoop Dolares POS:79)
	at com.kms.katalon.core.main.ScriptEngine.runScriptMethodAsRawText(ScriptEngine.java:133)
	at com.kms.katalon.core.main.TestCaseExecutor.runMethod(TestCaseExecutor.java:458)
	at com.kms.katalon.core.main.TestCaseExecutor.runMethod(TestCaseExecutor.java:580)
	at com.kms.katalon.core.main.TestCaseExecutor.internallyRunMethods(TestCaseExecutor.java:565)
	at com.kms.katalon.core.main.TestCaseExecutor.onExecutionComplete(TestCaseExecutor.java:135)
	at com.kms.katalon.core.main.TestCaseExecutor.processExecutionPhase(TestCaseExecutor.java:430)
	at com.kms.katalon.core.main.TestCaseExecutor.accessMainPhase(TestCaseExecutor.java:410)
	at com.kms.katalon.core.main.TestCaseExecutor.execute(TestCaseExecutor.java:285)
	at com.kms.katalon.core.common.CommonExecutor.accessTestCaseMainPhase(CommonExecutor.java:65)
	at com.kms.katalon.core.main.TestSuiteExecutor.accessTestSuiteMainPhase(TestSuiteExecutor.java:144)
	at com.kms.katalon.core.main.TestSuiteExecutor.execute(TestSuiteExecutor.java:106)
	at com.kms.katalon.core.main.TestCaseMain.startTestSuite(TestCaseMain.java:185)
	at com.kms.katalon.core.main.TestCaseMain$startTestSuite$0.call(Unknown Source)
	at TempTestSuite1682005839443.run(TempTestSuite1682005839443.groovy:36)
Caused by: com.kms.katalon.core.webui.exception.WebElementNotFoundException: Web element with id: 'Object Repository/02-Dashboard/btnSalirMsgConfirmacionAceptar' located by '//input[@id='frmAccountsLanding_CustomPopup_btnYes']' not found
	at com.kms.katalon.core.webui.common.WebUiCommonHelper.findWebElement(WebUiCommonHelper.java:1370)
	at com.kms.katalon.core.webui.keyword.internal.WebUIAbstractKeyword.findWebElement(WebUIAbstractKeyword.groovy:27)
	at com.kms.katalon.core.webui.keyword.builtin.ClickKeyword$_click_closure1.doCall(ClickKeyword.groovy:65)
	at com.kms.katalon.core.webui.keyword.builtin.ClickKeyword$_click_closure1.call(ClickKeyword.groovy)
	at com.kms.katalon.core.webui.keyword.internal.WebUIKeywordMain.runKeyword(WebUIKeywordMain.groovy:20)
	at com.kms.katalon.core.webui.keyword.builtin.ClickKeyword.click(ClickKeyword.groovy:74)
	at com.kms.katalon.core.webui.keyword.builtin.ClickKeyword.execute(ClickKeyword.groovy:40)
	at com.kms.katalon.core.keyword.internal.KeywordExecutor.executeKeywordForPlatform(KeywordExecutor.groovy:74)
	at com.kms.katalon.core.webui.keyword.WebUiBuiltInKeywords.click(WebUiBuiltInKeywords.groovy:620)
	at com.kms.katalon.core.webui.keyword.WebUiBuiltInKeywords$click$2.call(Unknown Source)
	at pkgUtilities.kwyUtility.fPassStatus(kwyUtility.groovy:215)
	at pkgUtilities.kwyUtility.invokeMethod(kwyUtility.groovy)
	at com.kms.katalon.core.main.CustomKeywordDelegatingMetaClass.invokeStaticMethod(CustomKeywordDelegatingMetaClass.java:55)
	at Script1680088121730.fPassScript(Script1680088121730.groovy:79)
	... 14 more
)
[[ATTACHMENT|C:\\Users\\natalia.heit\\git\\NCD\\Reports\\20230420_125023\\03-Transferencias\\Transferencias\\20230420_125039\\1682006194863.png]]

2023-04-20 12:56:35 - [MESSAGE][FAILED] - Unable to click on object 'Object Repository/02-Dashboard/btnSalirMsgConfirmacionAceptar'

2023-04-20 12:56:35 - [MESSAGE][WARNING] - Error occurred when try to run method 'fPassScript' (Root cause: com.kms.katalon.core.exception.StepFailedException - com.kms.katalon.core.exception.StepFailedException: Unable to click on object 'Object Repository/02-Dashboard/btnSalirMsgConfirmacionAceptar')]]></system-out>
         <system-err><![CDATA[]]></system-err>
      </testcase>
      <testcase name="Test Cases/04-Transferencias/TRF03-Transferencia Terceros Credicoop Pesos POS" time="115.746" classname="Test Cases/04-Transferencias/TRF03-Transferencia Terceros Credicoop Pesos POS" status="PASSED">
         <system-out><![CDATA[2023-04-20 12:56:35 - [TEST_CASE][PASSED] - Test Cases/04-Transferencias/TRF03-Transferencia Terceros Credicoop Pesos POS: Test Cases/04-Transferencias/TRF03-Transferencia Terceros Credicoop Pesos POS

2023-04-20 12:56:35 - [TEST_STEP][PASSED] - vTipoTrf = findTestData("03-Transferencias/TipoTrf").getValue(2, 3): null

2023-04-20 12:56:35 - [TEST_STEP][PASSED] - vClaveBypass = findTestData("02-Usuarios/SetUsers-FF").getValue(5, 2): null

2023-04-20 12:56:35 - [TEST_STEP][PASSED] - vValorMonto = "1": null

2023-04-20 12:56:35 - [TEST_STEP][PASSED] - pkgUtilities.kwyUtility.Server("Internet"): pkgUtilities.kwyUtility.Server is PASSED

2023-04-20 12:56:37 - [MESSAGE][PASSED] - pkgUtilities.kwyUtility.Server is PASSED

2023-04-20 12:56:37 - [TEST_STEP][PASSED] - pkgUtilities.kwyUtility.Login(Cliente1DNI, Cliente1Clave, Cliente1Usuario): pkgUtilities.kwyUtility.Login is PASSED

2023-04-20 12:56:37 - [MESSAGE][WARNING] - A browser is already opened. Closing browser and opening a new one

2023-04-20 12:56:37 - [MESSAGE][INFO] - Starting 'Chrome' driver

2023-04-20 12:56:37 - [MESSAGE][INFO] - Action delay is set to 0 milliseconds

2023-04-20 12:56:43 - [MESSAGE][PASSED] - Browser is opened with url: 'https://ncdtesting.bancocredicoop.coop/apps/NCDBC/#_frmLogin'

2023-04-20 12:56:43 - [MESSAGE][PASSED] - Current window maximized

2023-04-20 12:56:44 - [MESSAGE][PASSED] - Object 'Object Repository/01-Login/btnLgnCerrarBanner' is visible

2023-04-20 12:56:44 - [MESSAGE][PASSED] - Object: 'Object Repository/01-Login/btnLgnCerrarBanner' is clicked on

2023-04-20 12:56:45 - [MESSAGE][PASSED] - Text '13976407' is set on object 'Object Repository/01-Login/txtLgnDNI'

2023-04-20 12:56:46 - [MESSAGE][PASSED] - Text 'Testing9' is set on object 'Object Repository/01-Login/txtLgnClave'

2023-04-20 12:56:46 - [MESSAGE][PASSED] - Text 'ale14' is set on object 'Object Repository/01-Login/txtLgnUsuario'

2023-04-20 12:56:47 - [MESSAGE][PASSED] - Object: 'Object Repository/01-Login/btnLgnIngresar' is clicked on

2023-04-20 12:56:47 - [MESSAGE][PASSED] - pkgUtilities.kwyUtility.Login is PASSED

2023-04-20 12:56:47 - [TEST_STEP][PASSED] - click(findTestObject("Object Repository/02-Dashboard/lnkDsbTransferencias")): Object: 'Object Repository/02-Dashboard/lnkDsbTransferencias' is clicked on

2023-04-20 12:57:07 - [MESSAGE][PASSED] - Object: 'Object Repository/02-Dashboard/lnkDsbTransferencias' is clicked on

2023-04-20 12:57:07 - [TEST_STEP][PASSED] - click(findTestObject("Object Repository/04-Transferencias/03-Nuevo Beneficiario/lnkTrfAgendaBeneficiario")): Object: 'Object Repository/04-Transferencias/03-Nuevo Beneficiario/lnkTrfAgendaBeneficiario' is clicked on

2023-04-20 12:57:12 - [MESSAGE][PASSED] - Object: 'Object Repository/04-Transferencias/03-Nuevo Beneficiario/lnkTrfAgendaBeneficiario' is clicked on

2023-04-20 12:57:12 - [TEST_STEP][PASSED] - setText(findTestObject("Object Repository/04-Transferencias/03-Nuevo Beneficiario/txtTrfBuscarBeneficiarioTipo"), vTipoTrf): Text 'Terceros' is set on object 'Object Repository/04-Transferencias/03-Nuevo Beneficiario/txtTrfBuscarBeneficiarioTipo'

2023-04-20 12:57:14 - [MESSAGE][PASSED] - Text 'Terceros' is set on object 'Object Repository/04-Transferencias/03-Nuevo Beneficiario/txtTrfBuscarBeneficiarioTipo'

2023-04-20 12:57:14 - [TEST_STEP][PASSED] - click(findTestObject("Object Repository/04-Transferencias/lnkTrfCuentaBenefTercerosPesos")): Object: 'Object Repository/04-Transferencias/lnkTrfCuentaBenefTercerosPesos' is clicked on

2023-04-20 12:57:15 - [MESSAGE][PASSED] - Object: 'Object Repository/04-Transferencias/lnkTrfCuentaBenefTercerosPesos' is clicked on

2023-04-20 12:57:15 - [TEST_STEP][PASSED] - click(findTestObject("Object Repository/04-Transferencias/lnkTrfIniciarTransferenciaBeneficiario")): Object: 'Object Repository/04-Transferencias/lnkTrfIniciarTransferenciaBeneficiario' is clicked on

2023-04-20 12:57:16 - [MESSAGE][PASSED] - Object: 'Object Repository/04-Transferencias/lnkTrfIniciarTransferenciaBeneficiario' is clicked on

2023-04-20 12:57:16 - [TEST_STEP][PASSED] - click(findTestObject("Object Repository/04-Transferencias/txtTrfMontoFormulario")): Object: 'Object Repository/04-Transferencias/txtTrfMontoFormulario' is clicked on

2023-04-20 12:57:19 - [MESSAGE][PASSED] - Object: 'Object Repository/04-Transferencias/txtTrfMontoFormulario' is clicked on

2023-04-20 12:57:19 - [TEST_STEP][PASSED] - sendKeys(findTestObject("Object Repository/04-Transferencias/txtTrfMontoFormulario"), vValorMonto): Keys '1' sent to object: 'Object Repository/04-Transferencias/txtTrfMontoFormulario'

2023-04-20 12:57:19 - [MESSAGE][PASSED] - Keys '1' sent to object: 'Object Repository/04-Transferencias/txtTrfMontoFormulario'

2023-04-20 12:57:19 - [TEST_STEP][PASSED] - click(findTestObject("Object Repository/04-Transferencias/lblTrfSeleccionTitularidadFormulario")): Object: 'Object Repository/04-Transferencias/lblTrfSeleccionTitularidadFormulario' is clicked on

2023-04-20 12:57:19 - [MESSAGE][PASSED] - Object: 'Object Repository/04-Transferencias/lblTrfSeleccionTitularidadFormulario' is clicked on

2023-04-20 12:57:19 - [TEST_STEP][PASSED] - click(findTestObject("Object Repository/04-Transferencias/lblTitularidadTextoFormulario")): Object: 'Object Repository/04-Transferencias/lblTitularidadTextoFormulario' is clicked on

2023-04-20 12:57:20 - [MESSAGE][PASSED] - Object: 'Object Repository/04-Transferencias/lblTitularidadTextoFormulario' is clicked on

2023-04-20 12:57:20 - [TEST_STEP][PASSED] - click(findTestObject("Object Repository/04-Transferencias/02-Nueva Transferencia/btnContinuarFormulario")): Object: 'Object Repository/04-Transferencias/02-Nueva Transferencia/btnContinuarFormulario' is clicked on

2023-04-20 12:57:20 - [MESSAGE][PASSED] - Object: 'Object Repository/04-Transferencias/02-Nueva Transferencia/btnContinuarFormulario' is clicked on

2023-04-20 12:57:20 - [TEST_STEP][PASSED] - click(findTestObject("Object Repository/04-Transferencias/02-Nueva Transferencia/btnTrfConfirmar")): Object: 'Object Repository/04-Transferencias/02-Nueva Transferencia/btnTrfConfirmar' is clicked on

2023-04-20 12:57:22 - [MESSAGE][PASSED] - Object: 'Object Repository/04-Transferencias/02-Nueva Transferencia/btnTrfConfirmar' is clicked on

2023-04-20 12:57:22 - [TEST_STEP][PASSED] - setText(findTestObject("Object Repository/04-Transferencias/txtTrfClaveBypass"), vClaveBypass): Text 'Testing9' is set on object 'Object Repository/04-Transferencias/txtTrfClaveBypass'

2023-04-20 12:57:22 - [MESSAGE][PASSED] - Text 'Testing9' is set on object 'Object Repository/04-Transferencias/txtTrfClaveBypass'

2023-04-20 12:57:22 - [TEST_STEP][PASSED] - click(findTestObject("Object Repository/04-Transferencias/02-Nueva Transferencia/btnTrfConfirmarBypass")): Object: 'Object Repository/04-Transferencias/02-Nueva Transferencia/btnTrfConfirmarBypass' is clicked on

2023-04-20 12:57:23 - [MESSAGE][PASSED] - Object: 'Object Repository/04-Transferencias/02-Nueva Transferencia/btnTrfConfirmarBypass' is clicked on

2023-04-20 12:57:23 - [TEST_STEP][PASSED] - verifyElementVisible(findTestObject("Object Repository/04-Transferencias/txtTrfBeneficiarioDestino")): Object 'Object Repository/04-Transferencias/txtTrfBeneficiarioDestino' is visible

2023-04-20 12:57:26 - [MESSAGE][PASSED] - Object 'Object Repository/04-Transferencias/txtTrfBeneficiarioDestino' is visible

2023-04-20 12:57:26 - [TEST_STEP][PASSED] - Start tear down : fPassScript: Method 'fPassScript' complete successfully

2023-04-20 12:57:26 - [TEST_STEP][PASSED] - pkgUtilities.kwyUtility.fPassStatus(): pkgUtilities.kwyUtility.fPassStatus is PASSED

2023-04-20 12:57:58 - [MESSAGE][INFO] - Unable to find the element located by 'By.xpath: //div[@id='frmAccountsLanding_customhamburger_LogOutlblAccounts']'. Please recheck the objects properties to make sure the desired element is located. 

2023-04-20 12:57:58 - [MESSAGE][WARNING] - [SELF-HEALING] Failed to find element with id 'Object Repository/02-Dashboard/lnkDsbSalir'. Try using Self-healing.

2023-04-20 12:57:58 - [MESSAGE][WARNING] - [SELF-HEALING] The current locator of test object 'Object Repository/02-Dashboard/lnkDsbSalir' was broken. Propose an alternative one: '(.//*[normalize-space(text()) and normalize-space(.)=''])[2]/preceding::div[8]'.

2023-04-20 12:57:58 - [MESSAGE][PASSED] - Object: 'Object Repository/02-Dashboard/lnkDsbSalir' is clicked on

2023-04-20 12:58:29 - [MESSAGE][INFO] - Unable to find the element located by 'By.xpath: //input[@id='frmAccountsLanding_CustomPopup_btnYes']'. Please recheck the objects properties to make sure the desired element is located. 

2023-04-20 12:58:29 - [MESSAGE][WARNING] - [SELF-HEALING] Failed to find element with id 'Object Repository/02-Dashboard/btnSalirMsgConfirmacionAceptar'. Try using Self-healing.

2023-04-20 12:58:29 - [MESSAGE][WARNING] - [SELF-HEALING] The current locator of test object 'Object Repository/02-Dashboard/btnSalirMsgConfirmacionAceptar' was broken. Propose an alternative one: '//div[6]/input'.

2023-04-20 12:58:30 - [MESSAGE][PASSED] - Object: 'Object Repository/02-Dashboard/btnSalirMsgConfirmacionAceptar' is clicked on

2023-04-20 12:58:30 - [MESSAGE][PASSED] - Browser is closed

2023-04-20 12:58:30 - [MESSAGE][PASSED] - pkgUtilities.kwyUtility.fPassStatus is PASSED

2023-04-20 12:58:30 - [MESSAGE][PASSED] - Method 'fPassScript' complete successfully]]></system-out>
         <system-err><![CDATA[]]></system-err>
      </testcase>
      <system-out><![CDATA[2023-04-20 12:52:49 - [TEST_SUITE][PASSED] - Transferencias: Test Cases/04-Transferencias/TRF03-Transferencia Terceros Credicoop Pesos POS]]></system-out>
      <system-err><![CDATA[]]></system-err>
   </testsuite>
</testsuites>
